[2024-12-25T12:30:31.312747+00:00] application.ALERT: sligant51u4v27eah6mv7s4lp0 [] []
[2024-12-25T12:30:39.424073+00:00] application.ALERT: sligant51u4v27eah6mv7s4lp0 [] []
[2024-12-25T12:30:50.186323+00:00] application.ALERT: sligant51u4v27eah6mv7s4lp0 [] []
[2024-12-25T12:30:50.336253+00:00] application.NOTICE: Аутентификация пользователя Максим Андросик [] []
[2024-12-25T12:30:50.739311+00:00] application.ALERT: sligant51u4v27eah6mv7s4lp0 [] []
[2024-12-25T12:30:53.192476+00:00] application.ALERT: sligant51u4v27eah6mv7s4lp0 [] []
[2024-12-25T12:30:58.078350+00:00] application.ALERT: sligant51u4v27eah6mv7s4lp0 [] []
[2024-12-25T12:31:06.578909+00:00] application.ALERT: sligant51u4v27eah6mv7s4lp0 [] []
[2024-12-25T12:31:06.734680+00:00] application.NOTICE: Пользователь Максим123 Андросик изменил данные регистрации [] []
[2024-12-25T12:31:12.377640+00:00] application.ALERT: sligant51u4v27eah6mv7s4lp0 [] []
[2024-12-25T12:31:18.142015+00:00] application.ALERT: sligant51u4v27eah6mv7s4lp0 [] []
[2024-12-25T12:35:03.718977+00:00] application.ALERT: sligant51u4v27eah6mv7s4lp0 [] []
[2024-12-25T12:35:05.859639+00:00] application.ALERT: sligant51u4v27eah6mv7s4lp0 [] []
[2024-12-25T12:35:07.446979+00:00] application.ALERT: sligant51u4v27eah6mv7s4lp0 [] []
[2024-12-25T12:37:01.024107+00:00] application.ALERT: sligant51u4v27eah6mv7s4lp0 [] []
[2024-12-25T12:38:16.776492+00:00] application.ALERT: sligant51u4v27eah6mv7s4lp0 [] []
[2024-12-25T12:38:16.983606+00:00] application.NOTICE: Пользователь Максим Андросик изменил данные регистрации [] []
[2024-12-25T12:38:52.633117+00:00] application.ALERT: sligant51u4v27eah6mv7s4lp0 [] []
[2024-12-25T12:38:58.119842+00:00] application.ALERT: sligant51u4v27eah6mv7s4lp0 [] []
[2024-12-25T12:38:58.154041+00:00] application.NOTICE: Пользователь Максим123 Андросик изменил данные регистрации [] []
[2024-12-25T12:39:15.566666+00:00] application.ALERT: sligant51u4v27eah6mv7s4lp0 [] []
[2024-12-25T12:39:19.689990+00:00] application.ALERT: sligant51u4v27eah6mv7s4lp0 [] []
[2024-12-25T12:39:19.886832+00:00] application.NOTICE: Пользователь Максим Андросик изменил данные регистрации [] []
[2024-12-25T12:39:35.919614+00:00] application.ALERT: sligant51u4v27eah6mv7s4lp0 [] []
[2024-12-25T12:39:44.055380+00:00] application.ALERT: sligant51u4v27eah6mv7s4lp0 [] []
[2024-12-25T12:39:46.091281+00:00] application.ALERT: sligant51u4v27eah6mv7s4lp0 [] []
[2024-12-25T12:42:39.880892+00:00] application.ALERT: sligant51u4v27eah6mv7s4lp0 [] []
[2024-12-25T12:42:44.631066+00:00] application.ALERT: sligant51u4v27eah6mv7s4lp0 [] []
[2024-12-25T12:42:46.397589+00:00] application.ALERT: sligant51u4v27eah6mv7s4lp0 [] []
[2024-12-25T12:46:14.836543+00:00] application.ALERT: sligant51u4v27eah6mv7s4lp0 [] []
[2024-12-25T12:46:18.171175+00:00] application.ALERT: sligant51u4v27eah6mv7s4lp0 [] []
[2024-12-25T12:46:23.983563+00:00] application.ALERT: sligant51u4v27eah6mv7s4lp0 [] []
[2024-12-25T12:46:25.703663+00:00] application.ALERT: sligant51u4v27eah6mv7s4lp0 [] []
[2024-12-25T12:50:14.242587+00:00] application.ALERT: sligant51u4v27eah6mv7s4lp0 [] []
[2024-12-25T12:52:44.381189+00:00] application.ALERT: sligant51u4v27eah6mv7s4lp0 [] []
[2024-12-25T12:52:50.777586+00:00] application.ALERT: sligant51u4v27eah6mv7s4lp0 [] []
[2024-12-25T12:52:54.195388+00:00] application.ALERT: sligant51u4v27eah6mv7s4lp0 [] []
[2024-12-25T12:52:57.717454+00:00] application.ALERT: sligant51u4v27eah6mv7s4lp0 [] []
[2024-12-25T12:53:01.890969+00:00] application.ALERT: sligant51u4v27eah6mv7s4lp0 [] []
[2024-12-25T12:53:06.195558+00:00] application.ALERT: sligant51u4v27eah6mv7s4lp0 [] []
[2024-12-25T12:53:10.877976+00:00] application.ALERT: sligant51u4v27eah6mv7s4lp0 [] []
[2024-12-25T12:53:18.069771+00:00] application.ALERT: sligant51u4v27eah6mv7s4lp0 [] []
[2024-12-25T12:55:13.525017+00:00] application.ALERT: sligant51u4v27eah6mv7s4lp0 [] []
[2024-12-25T12:55:20.099236+00:00] application.ALERT: sligant51u4v27eah6mv7s4lp0 [] []
[2024-12-25T12:55:26.678985+00:00] application.ALERT: sligant51u4v27eah6mv7s4lp0 [] []
[2024-12-25T12:56:12.258221+00:00] application.ALERT: sligant51u4v27eah6mv7s4lp0 [] []
[2024-12-25T12:58:52.966941+00:00] application.ALERT: sligant51u4v27eah6mv7s4lp0 [] []
[2024-12-25T12:59:08.733867+00:00] application.ALERT: sligant51u4v27eah6mv7s4lp0 [] []
[2024-12-25T13:02:09.955523+00:00] application.ALERT: sligant51u4v27eah6mv7s4lp0 [] []
[2024-12-25T13:02:14.339879+00:00] application.ALERT: sligant51u4v27eah6mv7s4lp0 [] []
[2024-12-25T13:02:57.414322+00:00] application.ALERT: sligant51u4v27eah6mv7s4lp0 [] []
[2024-12-25T13:03:13.219186+00:00] application.ALERT: sligant51u4v27eah6mv7s4lp0 [] []
[2024-12-25T13:03:13.372746+00:00] application.ALERT: sligant51u4v27eah6mv7s4lp0 [] []
[2024-12-25T13:03:22.857707+00:00] application.ALERT: sligant51u4v27eah6mv7s4lp0 [] []
[2024-12-25T13:03:51.107547+00:00] application.ALERT: sligant51u4v27eah6mv7s4lp0 [] []
[2024-12-25T13:03:51.113029+00:00] application.INFO: Запрос хеша пароля [] []
[2024-12-25T13:03:51.425769+00:00] application.NOTICE: Зарегистрирован новый пользователь Борис Андросик [] []
[2024-12-25T13:03:51.551687+00:00] application.NOTICE: Аутентификация пользователя Борис Андросик [] []
[2024-12-25T13:03:56.023559+00:00] application.ALERT: sligant51u4v27eah6mv7s4lp0 [] []
[2024-12-25T13:04:04.301996+00:00] application.ALERT: sligant51u4v27eah6mv7s4lp0 [] []
[2024-12-25T13:04:07.691886+00:00] application.ALERT: sligant51u4v27eah6mv7s4lp0 [] []
[2024-12-25T13:04:12.777316+00:00] application.ALERT: sligant51u4v27eah6mv7s4lp0 [] []
[2024-12-25T13:04:12.831888+00:00] application.NOTICE: Пользователь Борис123 Андросик изменил данные регистрации [] []
[2024-12-25T13:04:22.449679+00:00] application.ALERT: sligant51u4v27eah6mv7s4lp0 [] []
[2024-12-25T13:04:28.477501+00:00] application.ALERT: sligant51u4v27eah6mv7s4lp0 [] []
[2024-12-25T13:04:28.528975+00:00] application.NOTICE: Пользователь Борис Андросик изменил данные регистрации [] []
[2024-12-25T13:18:43.781161+00:00] application.ALERT: sligant51u4v27eah6mv7s4lp0 [] []
[2024-12-25T13:18:49.748771+00:00] application.ALERT: sligant51u4v27eah6mv7s4lp0 [] []
[2024-12-25T13:19:35.890694+00:00] application.ALERT: sligant51u4v27eah6mv7s4lp0 [] []
[2024-12-25T13:19:39.911573+00:00] application.ALERT: sligant51u4v27eah6mv7s4lp0 [] []
[2024-12-25T13:19:44.187791+00:00] application.ALERT: sligant51u4v27eah6mv7s4lp0 [] []
[2024-12-25T13:20:45.670570+00:00] application.ALERT: sligant51u4v27eah6mv7s4lp0 [] []
[2024-12-25T13:20:45.899312+00:00] application.ALERT: sligant51u4v27eah6mv7s4lp0 [] []
[2024-12-25T13:20:48.790225+00:00] application.ALERT: sligant51u4v27eah6mv7s4lp0 [] []
[2024-12-25T13:21:00.848080+00:00] application.ALERT: sligant51u4v27eah6mv7s4lp0 [] []
[2024-12-25T13:21:01.027304+00:00] application.NOTICE: Аутентификация пользователя Тимофей Андросик [] []
[2024-12-25T13:21:01.365999+00:00] application.ALERT: sligant51u4v27eah6mv7s4lp0 [] []
[2024-12-25T13:21:05.766641+00:00] application.ALERT: sligant51u4v27eah6mv7s4lp0 [] []
[2024-12-25T13:21:12.746616+00:00] application.ALERT: sligant51u4v27eah6mv7s4lp0 [] []
[2024-12-25T13:21:16.765740+00:00] application.ALERT: sligant51u4v27eah6mv7s4lp0 [] []
[2024-12-25T13:21:16.775167+00:00] application.ERROR: Попытка доступа к методуactionDelete [] []
[2024-12-25T13:21:22.334752+00:00] application.ALERT: sligant51u4v27eah6mv7s4lp0 [] []
[2024-12-25T13:21:25.843710+00:00] application.ALERT: sligant51u4v27eah6mv7s4lp0 [] []
[2024-12-25T13:21:30.667910+00:00] application.ALERT: sligant51u4v27eah6mv7s4lp0 [] []
[2024-12-25T13:21:36.401907+00:00] application.ALERT: sligant51u4v27eah6mv7s4lp0 [] []
[2024-12-25T13:21:36.408551+00:00] application.ERROR: Попытка доступа к методуactionDelete [] []
[2024-12-25T13:22:05.479853+00:00] application.ALERT: sligant51u4v27eah6mv7s4lp0 [] []
[2024-12-25T13:22:15.399518+00:00] application.ALERT: sligant51u4v27eah6mv7s4lp0 [] []
[2024-12-25T13:22:19.910329+00:00] application.ALERT: sligant51u4v27eah6mv7s4lp0 [] []
[2024-12-25T13:22:25.164852+00:00] application.ALERT: sligant51u4v27eah6mv7s4lp0 [] []
[2024-12-25T13:22:25.270618+00:00] application.NOTICE: Пользователь Борис123 Андросик изменил данные регистрации [] []
[2024-12-25T13:22:29.799133+00:00] application.ALERT: sligant51u4v27eah6mv7s4lp0 [] []
[2024-12-25T13:22:47.237245+00:00] application.ALERT: sligant51u4v27eah6mv7s4lp0 [] []
[2024-12-25T13:22:51.566939+00:00] application.ALERT: sligant51u4v27eah6mv7s4lp0 [] []
[2024-12-25T13:22:51.579583+00:00] application.ERROR: Попытка доступа к методуactionDelete [] []
[2024-12-25T13:23:18.371491+00:00] application.ALERT: sligant51u4v27eah6mv7s4lp0 [] []
[2024-12-25T13:23:23.315150+00:00] application.ALERT: sligant51u4v27eah6mv7s4lp0 [] []
[2024-12-25T13:23:28.466049+00:00] application.ALERT: sligant51u4v27eah6mv7s4lp0 [] []
[2024-12-25T13:23:35.381026+00:00] application.ALERT: sligant51u4v27eah6mv7s4lp0 [] []
[2024-12-25T13:23:35.584757+00:00] application.NOTICE: Пользователь Борис Андросик изменил данные регистрации [] []
[2024-12-25T13:23:39.400280+00:00] application.ALERT: sligant51u4v27eah6mv7s4lp0 [] []
[2024-12-25T13:23:45.068675+00:00] application.ALERT: sligant51u4v27eah6mv7s4lp0 [] []
[2024-12-25T13:23:47.518272+00:00] application.ALERT: sligant51u4v27eah6mv7s4lp0 [] []
[2024-12-25T13:23:47.523754+00:00] application.ERROR: Попытка доступа к методуactionDelete [] []
[2024-12-25T13:24:08.397463+00:00] application.ALERT: sligant51u4v27eah6mv7s4lp0 [] []
[2024-12-25T13:24:12.070717+00:00] application.ALERT: sligant51u4v27eah6mv7s4lp0 [] []
[2024-12-25T13:24:12.079615+00:00] application.ERROR: Попытка доступа к методуactionDelete [] []
[2024-12-25T13:24:48.085549+00:00] application.ALERT: sligant51u4v27eah6mv7s4lp0 [] []
[2024-12-25T13:24:51.268152+00:00] application.ALERT: sligant51u4v27eah6mv7s4lp0 [] []
[2024-12-25T13:24:53.860938+00:00] application.ALERT: sligant51u4v27eah6mv7s4lp0 [] []
[2024-12-25T13:24:56.879356+00:00] application.ALERT: sligant51u4v27eah6mv7s4lp0 [] []
[2024-12-25T13:24:56.887828+00:00] application.ERROR: Попытка доступа к методуactionDelete [] []
[2024-12-25T13:25:22.965399+00:00] application.ALERT: sligant51u4v27eah6mv7s4lp0 [] []
[2024-12-25T13:25:27.275488+00:00] application.ALERT: sligant51u4v27eah6mv7s4lp0 [] []
[2024-12-25T13:26:20.249999+00:00] application.ALERT: sligant51u4v27eah6mv7s4lp0 [] []
[2024-12-25T13:26:22.716027+00:00] application.ALERT: sligant51u4v27eah6mv7s4lp0 [] []
[2024-12-25T13:26:25.366675+00:00] application.ALERT: sligant51u4v27eah6mv7s4lp0 [] []
[2024-12-25T13:26:28.205825+00:00] application.ALERT: sligant51u4v27eah6mv7s4lp0 [] []
[2024-12-25T13:26:39.311044+00:00] application.ALERT: sligant51u4v27eah6mv7s4lp0 [] []
[2024-12-25T13:26:43.173332+00:00] application.ALERT: sligant51u4v27eah6mv7s4lp0 [] []
[2024-12-25T13:26:57.091573+00:00] application.ALERT: sligant51u4v27eah6mv7s4lp0 [] []
[2024-12-25T13:27:00.234032+00:00] application.ALERT: sligant51u4v27eah6mv7s4lp0 [] []
[2024-12-25T13:27:04.573668+00:00] application.ALERT: sligant51u4v27eah6mv7s4lp0 [] []
[2024-12-25T13:27:04.621898+00:00] application.NOTICE: Пользователь Борис123 Андросик изменил данные регистрации [] []
[2024-12-25T13:27:08.328493+00:00] application.ALERT: sligant51u4v27eah6mv7s4lp0 [] []
[2024-12-25T13:27:12.155901+00:00] application.ALERT: sligant51u4v27eah6mv7s4lp0 [] []
[2024-12-25T13:27:14.358977+00:00] application.ALERT: sligant51u4v27eah6mv7s4lp0 [] []
[2024-12-25T13:27:20.288187+00:00] application.ALERT: sligant51u4v27eah6mv7s4lp0 [] []
[2024-12-25T13:27:22.537838+00:00] application.ALERT: sligant51u4v27eah6mv7s4lp0 [] []
[2024-12-25T13:27:26.341107+00:00] application.ALERT: sligant51u4v27eah6mv7s4lp0 [] []
[2024-12-25T13:27:26.373190+00:00] application.NOTICE: Пользователь Тимофей123 Андросик изменил данные регистрации [] []
[2024-12-25T13:27:28.993683+00:00] application.ALERT: sligant51u4v27eah6mv7s4lp0 [] []
[2024-12-25T13:27:33.457022+00:00] application.ALERT: sligant51u4v27eah6mv7s4lp0 [] []
[2024-12-25T13:27:35.758608+00:00] application.ALERT: sligant51u4v27eah6mv7s4lp0 [] []
[2024-12-25T13:27:51.589338+00:00] application.ALERT: sligant51u4v27eah6mv7s4lp0 [] []
[2024-12-25T13:27:54.191521+00:00] application.ALERT: sligant51u4v27eah6mv7s4lp0 [] []
[2024-12-25T13:27:57.208215+00:00] application.ALERT: sligant51u4v27eah6mv7s4lp0 [] []
[2024-12-25T13:28:02.124772+00:00] application.ALERT: sligant51u4v27eah6mv7s4lp0 [] []
[2024-12-25T13:28:02.157701+00:00] application.NOTICE: Пользователь Борис Андросик изменил данные регистрации [] []
[2024-12-25T13:28:04.339804+00:00] application.ALERT: sligant51u4v27eah6mv7s4lp0 [] []
[2024-12-25T13:28:06.612005+00:00] application.ALERT: sligant51u4v27eah6mv7s4lp0 [] []
[2024-12-25T13:28:09.245609+00:00] application.ALERT: sligant51u4v27eah6mv7s4lp0 [] []
[2024-12-25T13:28:30.363315+00:00] application.ALERT: sligant51u4v27eah6mv7s4lp0 [] []
[2024-12-25T13:28:32.887643+00:00] application.ALERT: sligant51u4v27eah6mv7s4lp0 [] []
[2024-12-25T13:28:35.235923+00:00] application.ALERT: sligant51u4v27eah6mv7s4lp0 [] []
[2024-12-25T13:28:39.957299+00:00] application.ALERT: sligant51u4v27eah6mv7s4lp0 [] []
[2024-12-25T13:28:40.162621+00:00] application.NOTICE: Пользователь Тимофей Андросик изменил данные регистрации [] []
[2024-12-25T13:28:42.574177+00:00] application.ALERT: sligant51u4v27eah6mv7s4lp0 [] []
[2024-12-25T13:28:45.243466+00:00] application.ALERT: sligant51u4v27eah6mv7s4lp0 [] []
[2024-12-25T13:28:47.400534+00:00] application.ALERT: sligant51u4v27eah6mv7s4lp0 [] []
[2024-12-25T13:29:19.374031+00:00] application.ALERT: sligant51u4v27eah6mv7s4lp0 [] []
[2024-12-25T13:29:23.564871+00:00] application.ALERT: sligant51u4v27eah6mv7s4lp0 [] []
[2024-12-25T13:29:26.511031+00:00] application.ALERT: sligant51u4v27eah6mv7s4lp0 [] []
[2024-12-25T13:29:29.307192+00:00] application.ALERT: sligant51u4v27eah6mv7s4lp0 [] []
[2024-12-25T13:29:49.119117+00:00] application.ALERT: sligant51u4v27eah6mv7s4lp0 [] []
[2024-12-25T13:29:50.960746+00:00] application.ALERT: sligant51u4v27eah6mv7s4lp0 [] []
[2024-12-25T13:29:54.277940+00:00] application.ALERT: sligant51u4v27eah6mv7s4lp0 [] []
[2024-12-25T13:29:56.608066+00:00] application.ALERT: sligant51u4v27eah6mv7s4lp0 [] []
[2024-12-25T13:30:03.609884+00:00] application.ALERT: sligant51u4v27eah6mv7s4lp0 [] []
[2024-12-25T13:30:05.838496+00:00] application.ALERT: sligant51u4v27eah6mv7s4lp0 [] []
[2024-12-25T13:30:08.261537+00:00] application.ALERT: sligant51u4v27eah6mv7s4lp0 [] []
[2024-12-25T13:30:10.430694+00:00] application.ALERT: sligant51u4v27eah6mv7s4lp0 [] []
[2024-12-25T13:30:45.496352+00:00] application.ALERT: sligant51u4v27eah6mv7s4lp0 [] []
[2024-12-25T13:30:48.359699+00:00] application.ALERT: sligant51u4v27eah6mv7s4lp0 [] []
[2024-12-25T13:30:50.622926+00:00] application.ALERT: sligant51u4v27eah6mv7s4lp0 [] []
[2024-12-25T13:30:53.681301+00:00] application.ALERT: sligant51u4v27eah6mv7s4lp0 [] []
[2024-12-25T13:30:55.974240+00:00] application.ALERT: sligant51u4v27eah6mv7s4lp0 [] []
[2024-12-25T13:32:08.183973+00:00] application.ALERT: sligant51u4v27eah6mv7s4lp0 [] []
[2024-12-25T13:32:26.029292+00:00] application.ALERT: sligant51u4v27eah6mv7s4lp0 [] []
[2024-12-25T13:32:28.183902+00:00] application.ALERT: sligant51u4v27eah6mv7s4lp0 [] []
[2024-12-25T13:32:30.771503+00:00] application.ALERT: sligant51u4v27eah6mv7s4lp0 [] []
[2024-12-25T13:32:36.818294+00:00] application.ALERT: sligant51u4v27eah6mv7s4lp0 [] []
[2024-12-25T13:32:38.315989+00:00] application.ALERT: sligant51u4v27eah6mv7s4lp0 [] []
[2024-12-25T13:32:40.567712+00:00] application.ALERT: sligant51u4v27eah6mv7s4lp0 [] []
[2024-12-25T13:32:42.898149+00:00] application.ALERT: sligant51u4v27eah6mv7s4lp0 [] []
[2024-12-25T13:32:50.992256+00:00] application.ALERT: sligant51u4v27eah6mv7s4lp0 [] []
[2024-12-25T13:33:07.781789+00:00] application.ALERT: sligant51u4v27eah6mv7s4lp0 [] []
[2024-12-25T13:33:09.302408+00:00] application.ALERT: sligant51u4v27eah6mv7s4lp0 [] []
[2024-12-25T13:33:11.333954+00:00] application.ALERT: sligant51u4v27eah6mv7s4lp0 [] []
[2024-12-25T13:33:13.767767+00:00] application.ALERT: sligant51u4v27eah6mv7s4lp0 [] []
[2024-12-25T13:33:16.094696+00:00] application.ALERT: sligant51u4v27eah6mv7s4lp0 [] []
[2024-12-25T13:33:17.748367+00:00] application.ALERT: sligant51u4v27eah6mv7s4lp0 [] []
[2024-12-25T13:33:20.008185+00:00] application.ALERT: sligant51u4v27eah6mv7s4lp0 [] []
[2024-12-25T13:33:22.464005+00:00] application.ALERT: sligant51u4v27eah6mv7s4lp0 [] []
[2024-12-25T13:42:54.181055+00:00] application.ALERT: sligant51u4v27eah6mv7s4lp0 [] []
[2024-12-25T13:42:57.165593+00:00] application.ALERT: sligant51u4v27eah6mv7s4lp0 [] []
[2024-12-25T13:43:00.763889+00:00] application.ALERT: sligant51u4v27eah6mv7s4lp0 [] []
[2024-12-25T13:43:02.823200+00:00] application.ALERT: sligant51u4v27eah6mv7s4lp0 [] []
[2024-12-25T13:43:08.913623+00:00] application.ALERT: sligant51u4v27eah6mv7s4lp0 [] []
[2024-12-25T13:43:11.088836+00:00] application.ALERT: sligant51u4v27eah6mv7s4lp0 [] []
[2024-12-25T13:43:13.723846+00:00] application.ALERT: sligant51u4v27eah6mv7s4lp0 [] []
[2024-12-25T13:43:16.277209+00:00] application.ALERT: sligant51u4v27eah6mv7s4lp0 [] []
[2024-12-25T13:43:27.533714+00:00] application.ALERT: sligant51u4v27eah6mv7s4lp0 [] []
[2024-12-25T13:43:30.012503+00:00] application.ALERT: sligant51u4v27eah6mv7s4lp0 [] []
[2024-12-25T13:43:32.847322+00:00] application.ALERT: sligant51u4v27eah6mv7s4lp0 [] []
[2024-12-25T13:43:35.118798+00:00] application.ALERT: sligant51u4v27eah6mv7s4lp0 [] []
[2024-12-25T13:46:28.522066+00:00] application.ALERT: sligant51u4v27eah6mv7s4lp0 [] []
[2024-12-25T13:46:32.047644+00:00] application.ALERT: sligant51u4v27eah6mv7s4lp0 [] []
[2024-12-25T13:46:34.866777+00:00] application.ALERT: sligant51u4v27eah6mv7s4lp0 [] []
[2024-12-25T13:46:42.356526+00:00] application.ALERT: sligant51u4v27eah6mv7s4lp0 [] []
[2024-12-25T13:46:44.960944+00:00] application.ALERT: sligant51u4v27eah6mv7s4lp0 [] []
[2024-12-25T13:46:47.488312+00:00] application.ALERT: sligant51u4v27eah6mv7s4lp0 [] []
[2024-12-25T13:46:49.880351+00:00] application.ALERT: sligant51u4v27eah6mv7s4lp0 [] []
[2024-12-25T13:46:51.899748+00:00] application.ALERT: sligant51u4v27eah6mv7s4lp0 [] []
[2024-12-25T13:47:26.262782+00:00] application.ALERT: sligant51u4v27eah6mv7s4lp0 [] []
[2024-12-25T13:47:28.589527+00:00] application.ALERT: sligant51u4v27eah6mv7s4lp0 [] []
[2024-12-25T13:47:31.782658+00:00] application.ALERT: sligant51u4v27eah6mv7s4lp0 [] []
[2024-12-25T13:47:34.415263+00:00] application.ALERT: sligant51u4v27eah6mv7s4lp0 [] []
[2024-12-25T13:47:37.286298+00:00] application.ALERT: sligant51u4v27eah6mv7s4lp0 [] []
[2024-12-25T13:47:39.633009+00:00] application.ALERT: sligant51u4v27eah6mv7s4lp0 [] []
[2024-12-25T13:47:42.322128+00:00] application.ALERT: sligant51u4v27eah6mv7s4lp0 [] []
[2024-12-25T13:47:44.600396+00:00] application.ALERT: sligant51u4v27eah6mv7s4lp0 [] []
[2024-12-25T13:48:56.656367+00:00] application.ALERT: sligant51u4v27eah6mv7s4lp0 [] []
[2024-12-25T13:49:00.179558+00:00] application.ALERT: sligant51u4v27eah6mv7s4lp0 [] []
[2024-12-25T13:49:01.936826+00:00] application.ALERT: sligant51u4v27eah6mv7s4lp0 [] []
[2024-12-25T13:49:04.821511+00:00] application.ALERT: sligant51u4v27eah6mv7s4lp0 [] []
[2024-12-25T13:49:07.047230+00:00] application.ALERT: sligant51u4v27eah6mv7s4lp0 [] []
[2024-12-25T13:49:12.321590+00:00] application.ALERT: sligant51u4v27eah6mv7s4lp0 [] []
[2024-12-25T13:49:14.751372+00:00] application.ALERT: sligant51u4v27eah6mv7s4lp0 [] []
[2024-12-25T13:49:17.324716+00:00] application.ALERT: sligant51u4v27eah6mv7s4lp0 [] []
[2024-12-25T13:49:19.654867+00:00] application.ALERT: sligant51u4v27eah6mv7s4lp0 [] []
[2024-12-25T13:49:23.241837+00:00] application.ALERT: sligant51u4v27eah6mv7s4lp0 [] []
[2024-12-25T13:49:28.586324+00:00] application.ALERT: sligant51u4v27eah6mv7s4lp0 [] []
[2024-12-25T13:49:32.438133+00:00] application.ALERT: sligant51u4v27eah6mv7s4lp0 [] []
[2024-12-25T13:49:34.103862+00:00] application.ALERT: sligant51u4v27eah6mv7s4lp0 [] []
[2024-12-25T13:49:34.254380+00:00] application.ALERT: sligant51u4v27eah6mv7s4lp0 [] []
[2024-12-25T13:49:36.556296+00:00] application.ALERT: sligant51u4v27eah6mv7s4lp0 [] []
[2024-12-25T13:49:42.284673+00:00] application.ALERT: sligant51u4v27eah6mv7s4lp0 [] []
[2024-12-25T13:49:42.428198+00:00] application.ERROR: Ошибка аутентификации пользователя maxim1980 [] []
[2024-12-25T13:49:50.862606+00:00] application.ALERT: sligant51u4v27eah6mv7s4lp0 [] []
[2024-12-25T13:49:51.013739+00:00] application.NOTICE: Аутентификация пользователя Максим Андросик [] []
[2024-12-25T13:49:51.306394+00:00] application.ALERT: sligant51u4v27eah6mv7s4lp0 [] []
[2024-12-25T13:49:55.553756+00:00] application.ALERT: sligant51u4v27eah6mv7s4lp0 [] []
[2024-12-25T13:49:59.249259+00:00] application.ALERT: sligant51u4v27eah6mv7s4lp0 [] []
[2024-12-25T13:50:01.792400+00:00] application.ALERT: sligant51u4v27eah6mv7s4lp0 [] []
[2024-12-25T13:50:05.157784+00:00] application.ALERT: sligant51u4v27eah6mv7s4lp0 [] []
[2024-12-25T13:50:22.885204+00:00] application.ALERT: sligant51u4v27eah6mv7s4lp0 [] []
[2024-12-25T13:50:26.080204+00:00] application.ALERT: sligant51u4v27eah6mv7s4lp0 [] []
[2024-12-25T13:50:28.584402+00:00] application.ALERT: sligant51u4v27eah6mv7s4lp0 [] []
[2024-12-25T13:50:44.813523+00:00] application.ALERT: sligant51u4v27eah6mv7s4lp0 [] []
[2024-12-25T13:50:50.158409+00:00] application.ALERT: sligant51u4v27eah6mv7s4lp0 [] []
[2024-12-25T13:50:52.781232+00:00] application.ALERT: sligant51u4v27eah6mv7s4lp0 [] []
[2024-12-25T13:50:54.908744+00:00] application.ALERT: sligant51u4v27eah6mv7s4lp0 [] []
[2024-12-25T13:50:58.115027+00:00] application.ALERT: sligant51u4v27eah6mv7s4lp0 [] []
[2024-12-25T13:51:11.641384+00:00] application.ALERT: sligant51u4v27eah6mv7s4lp0 [] []
[2024-12-25T13:51:14.255723+00:00] application.ALERT: sligant51u4v27eah6mv7s4lp0 [] []
[2024-12-25T13:51:16.839191+00:00] application.ALERT: sligant51u4v27eah6mv7s4lp0 [] []
[2024-12-25T13:55:23.742467+00:00] application.ALERT: sligant51u4v27eah6mv7s4lp0 [] []
[2024-12-25T13:55:27.110901+00:00] application.ALERT: sligant51u4v27eah6mv7s4lp0 [] []
[2024-12-25T13:55:37.877283+00:00] application.ALERT: sligant51u4v27eah6mv7s4lp0 [] []
[2024-12-25T13:55:40.148827+00:00] application.ALERT: sligant51u4v27eah6mv7s4lp0 [] []
[2024-12-25T13:56:33.168991+00:00] application.ALERT: sligant51u4v27eah6mv7s4lp0 [] []
[2024-12-25T13:56:35.994557+00:00] application.ALERT: sligant51u4v27eah6mv7s4lp0 [] []
[2024-12-25T13:56:36.284614+00:00] application.ALERT: sligant51u4v27eah6mv7s4lp0 [] []
[2024-12-25T13:56:39.163050+00:00] application.ALERT: sligant51u4v27eah6mv7s4lp0 [] []
[2024-12-25T13:56:59.586378+00:00] application.ALERT: sligant51u4v27eah6mv7s4lp0 [] []
[2024-12-25T13:57:10.229211+00:00] application.ALERT: sligant51u4v27eah6mv7s4lp0 [] []
[2024-12-25T13:57:10.375720+00:00] application.NOTICE: Аутентификация пользователя Тимофей Андросик [] []
[2024-12-25T13:57:11.344255+00:00] application.ALERT: sligant51u4v27eah6mv7s4lp0 [] []
[2024-12-25T13:57:14.078665+00:00] application.ALERT: sligant51u4v27eah6mv7s4lp0 [] []
[2024-12-25T13:57:19.126926+00:00] application.ALERT: sligant51u4v27eah6mv7s4lp0 [] []
[2024-12-25T13:57:21.144830+00:00] application.ALERT: sligant51u4v27eah6mv7s4lp0 [] []
[2024-12-25T13:57:31.948213+00:00] application.ALERT: sligant51u4v27eah6mv7s4lp0 [] []
[2024-12-25T13:57:34.534030+00:00] application.ALERT: sligant51u4v27eah6mv7s4lp0 [] []
[2024-12-25T13:57:38.203467+00:00] application.ALERT: sligant51u4v27eah6mv7s4lp0 [] []
[2024-12-25T13:57:41.976711+00:00] application.ALERT: sligant51u4v27eah6mv7s4lp0 [] []
[2024-12-25T13:58:31.248954+00:00] application.ALERT: sligant51u4v27eah6mv7s4lp0 [] []
[2024-12-25T13:58:34.632351+00:00] application.ALERT: sligant51u4v27eah6mv7s4lp0 [] []
[2024-12-25T13:58:36.836999+00:00] application.ALERT: sligant51u4v27eah6mv7s4lp0 [] []
[2024-12-25T13:58:38.929514+00:00] application.ALERT: sligant51u4v27eah6mv7s4lp0 [] []
[2024-12-25T13:58:47.387186+00:00] application.ALERT: sligant51u4v27eah6mv7s4lp0 [] []
[2024-12-25T13:58:54.170264+00:00] application.ALERT: sligant51u4v27eah6mv7s4lp0 [] []
[2024-12-25T13:59:08.820347+00:00] application.ALERT: sligant51u4v27eah6mv7s4lp0 [] []
[2024-12-25T13:59:10.913136+00:00] application.ALERT: sligant51u4v27eah6mv7s4lp0 [] []
[2024-12-25T13:59:15.186113+00:00] application.ALERT: sligant51u4v27eah6mv7s4lp0 [] []
[2024-12-25T13:59:33.087483+00:00] application.ALERT: sligant51u4v27eah6mv7s4lp0 [] []
[2024-12-25T13:59:56.781030+00:00] application.ALERT: sligant51u4v27eah6mv7s4lp0 [] []
[2024-12-25T14:00:01.020941+00:00] application.ALERT: sligant51u4v27eah6mv7s4lp0 [] []
[2024-12-25T14:00:03.271389+00:00] application.ALERT: sligant51u4v27eah6mv7s4lp0 [] []
[2024-12-25T14:00:22.396848+00:00] application.ALERT: sligant51u4v27eah6mv7s4lp0 [] []
[2024-12-25T14:00:23.598250+00:00] application.ALERT: sligant51u4v27eah6mv7s4lp0 [] []
[2024-12-25T14:00:27.163381+00:00] application.ALERT: sligant51u4v27eah6mv7s4lp0 [] []
[2024-12-25T14:00:29.148344+00:00] application.ALERT: sligant51u4v27eah6mv7s4lp0 [] []
[2024-12-25T14:00:32.225731+00:00] application.ALERT: sligant51u4v27eah6mv7s4lp0 [] []
[2024-12-25T14:00:34.056643+00:00] application.ALERT: sligant51u4v27eah6mv7s4lp0 [] []
[2024-12-25T14:00:36.502870+00:00] application.ALERT: sligant51u4v27eah6mv7s4lp0 [] []
[2024-12-25T14:00:38.782546+00:00] application.ALERT: sligant51u4v27eah6mv7s4lp0 [] []
[2024-12-25T14:02:11.817182+00:00] application.ALERT: sligant51u4v27eah6mv7s4lp0 [] []
[2024-12-25T14:02:11.823312+00:00] application.ERROR: Попытка доступа к методуactionSigninform [] []
[2024-12-25T14:02:15.157921+00:00] application.ALERT: sligant51u4v27eah6mv7s4lp0 [] []
[2024-12-25T14:02:17.575495+00:00] application.ALERT: sligant51u4v27eah6mv7s4lp0 [] []
[2024-12-25T14:02:20.405022+00:00] application.ALERT: sligant51u4v27eah6mv7s4lp0 [] []
[2024-12-25T14:02:20.556425+00:00] application.ALERT: sligant51u4v27eah6mv7s4lp0 [] []
[2024-12-25T14:02:23.260761+00:00] application.ALERT: sligant51u4v27eah6mv7s4lp0 [] []
[2024-12-25T14:02:29.334152+00:00] application.ALERT: sligant51u4v27eah6mv7s4lp0 [] []
[2024-12-25T14:02:29.485906+00:00] application.NOTICE: Аутентификация пользователя Борис Андросик [] []
[2024-12-25T14:02:29.791499+00:00] application.ALERT: sligant51u4v27eah6mv7s4lp0 [] []
[2024-12-25T14:02:31.721684+00:00] application.ALERT: sligant51u4v27eah6mv7s4lp0 [] []
[2024-12-25T14:02:34.085615+00:00] application.ALERT: sligant51u4v27eah6mv7s4lp0 [] []
[2024-12-25T14:05:06.610751+00:00] application.ALERT: sligant51u4v27eah6mv7s4lp0 [] []
[2024-12-25T14:05:09.574516+00:00] application.ALERT: sligant51u4v27eah6mv7s4lp0 [] []
[2024-12-25T14:05:12.368732+00:00] application.ALERT: sligant51u4v27eah6mv7s4lp0 [] []
[2024-12-25T14:08:40.035109+00:00] application.ALERT: sligant51u4v27eah6mv7s4lp0 [] []
[2024-12-25T14:08:42.960371+00:00] application.ALERT: sligant51u4v27eah6mv7s4lp0 [] []
[2024-12-25T14:08:48.793401+00:00] application.ALERT: sligant51u4v27eah6mv7s4lp0 [] []
[2024-12-25T14:08:48.998026+00:00] application.NOTICE: Пользователь Борис123 Андросик изменил данные регистрации [] []
[2024-12-25T14:08:51.634643+00:00] application.ALERT: sligant51u4v27eah6mv7s4lp0 [] []
[2024-12-25T14:08:53.651007+00:00] application.ALERT: sligant51u4v27eah6mv7s4lp0 [] []
[2024-12-25T14:09:01.392664+00:00] application.ALERT: sligant51u4v27eah6mv7s4lp0 [] []
[2024-12-25T14:09:05.910397+00:00] application.ALERT: sligant51u4v27eah6mv7s4lp0 [] []
[2024-12-25T14:09:06.262207+00:00] application.ALERT: sligant51u4v27eah6mv7s4lp0 [] []
[2024-12-25T14:09:08.200530+00:00] application.ALERT: sligant51u4v27eah6mv7s4lp0 [] []
[2024-12-25T14:09:16.268912+00:00] application.ALERT: sligant51u4v27eah6mv7s4lp0 [] []
[2024-12-25T14:09:16.412517+00:00] application.NOTICE: Аутентификация пользователя Тимофей Андросик [] []
[2024-12-25T14:09:17.047504+00:00] application.ALERT: sligant51u4v27eah6mv7s4lp0 [] []
[2024-12-25T14:09:19.240188+00:00] application.ALERT: sligant51u4v27eah6mv7s4lp0 [] []
[2024-12-25T14:09:21.948346+00:00] application.ALERT: sligant51u4v27eah6mv7s4lp0 [] []
[2024-12-25T14:09:25.614830+00:00] application.ALERT: sligant51u4v27eah6mv7s4lp0 [] []
[2024-12-25T14:09:25.661276+00:00] application.NOTICE: Пользователь Борис Андросик изменил данные регистрации [] []
[2024-12-25T14:09:28.732138+00:00] application.ALERT: sligant51u4v27eah6mv7s4lp0 [] []
[2024-12-25T14:09:30.470278+00:00] application.ALERT: sligant51u4v27eah6mv7s4lp0 [] []
[2024-12-25T14:09:33.715479+00:00] application.ALERT: sligant51u4v27eah6mv7s4lp0 [] []
[2024-12-25T14:09:48.262898+00:00] application.ALERT: sligant51u4v27eah6mv7s4lp0 [] []
[2024-12-25T14:09:51.372958+00:00] application.ALERT: sligant51u4v27eah6mv7s4lp0 [] []
[2024-12-25T14:09:54.612617+00:00] application.ALERT: sligant51u4v27eah6mv7s4lp0 [] []
[2024-12-25T14:09:56.697737+00:00] application.ALERT: sligant51u4v27eah6mv7s4lp0 [] []
[2024-12-25T14:11:43.722770+00:00] application.ALERT: sligant51u4v27eah6mv7s4lp0 [] []
[2024-12-25T14:11:46.751918+00:00] application.ALERT: sligant51u4v27eah6mv7s4lp0 [] []
[2024-12-25T14:11:48.914745+00:00] application.ALERT: sligant51u4v27eah6mv7s4lp0 [] []
[2024-12-25T14:11:50.680909+00:00] application.ALERT: sligant51u4v27eah6mv7s4lp0 [] []
[2024-12-25T14:11:53.585189+00:00] application.ALERT: sligant51u4v27eah6mv7s4lp0 [] []
[2024-12-25T14:11:55.690509+00:00] application.ALERT: sligant51u4v27eah6mv7s4lp0 [] []
[2024-12-25T14:11:58.195987+00:00] application.ALERT: sligant51u4v27eah6mv7s4lp0 [] []
[2024-12-25T14:12:00.835074+00:00] application.ALERT: sligant51u4v27eah6mv7s4lp0 [] []
[2024-12-25T14:12:07.272310+00:00] application.ALERT: sligant51u4v27eah6mv7s4lp0 [] []
[2024-12-25T14:12:17.904949+00:00] application.ALERT: sligant51u4v27eah6mv7s4lp0 [] []
[2024-12-25T14:12:20.179737+00:00] application.ALERT: sligant51u4v27eah6mv7s4lp0 [] []
[2024-12-25T14:12:22.332957+00:00] application.ALERT: sligant51u4v27eah6mv7s4lp0 [] []
[2024-12-25T14:12:36.430916+00:00] application.ALERT: sligant51u4v27eah6mv7s4lp0 [] []
[2024-12-25T14:12:38.715769+00:00] application.ALERT: sligant51u4v27eah6mv7s4lp0 [] []
[2024-12-25T14:12:40.878922+00:00] application.ALERT: sligant51u4v27eah6mv7s4lp0 [] []
[2024-12-25T14:12:43.150275+00:00] application.ALERT: sligant51u4v27eah6mv7s4lp0 [] []
[2024-12-25T14:12:45.155198+00:00] application.ALERT: sligant51u4v27eah6mv7s4lp0 [] []
[2024-12-25T14:12:47.348204+00:00] application.ALERT: sligant51u4v27eah6mv7s4lp0 [] []
[2024-12-25T14:12:49.522314+00:00] application.ALERT: sligant51u4v27eah6mv7s4lp0 [] []
[2024-12-25T14:12:51.507857+00:00] application.ALERT: sligant51u4v27eah6mv7s4lp0 [] []
[2024-12-25T14:13:13.413760+00:00] application.ALERT: sligant51u4v27eah6mv7s4lp0 [] []
[2024-12-25T14:13:15.652245+00:00] application.ALERT: sligant51u4v27eah6mv7s4lp0 [] []
[2024-12-25T14:13:18.269185+00:00] application.ALERT: sligant51u4v27eah6mv7s4lp0 [] []
[2024-12-25T14:13:20.153109+00:00] application.ALERT: sligant51u4v27eah6mv7s4lp0 [] []
[2024-12-25T14:13:22.291193+00:00] application.ALERT: sligant51u4v27eah6mv7s4lp0 [] []
[2024-12-25T14:13:25.993229+00:00] application.ALERT: sligant51u4v27eah6mv7s4lp0 [] []
[2024-12-25T14:13:27.903810+00:00] application.ALERT: sligant51u4v27eah6mv7s4lp0 [] []
[2024-12-25T14:13:30.007766+00:00] application.ALERT: sligant51u4v27eah6mv7s4lp0 [] []
[2024-12-25T14:13:34.102829+00:00] application.ALERT: sligant51u4v27eah6mv7s4lp0 [] []
[2024-12-25T14:13:35.954860+00:00] application.ALERT: sligant51u4v27eah6mv7s4lp0 [] []
[2024-12-25T14:13:38.631368+00:00] application.ALERT: sligant51u4v27eah6mv7s4lp0 [] []
[2024-12-25T14:13:38.803712+00:00] application.ALERT: sligant51u4v27eah6mv7s4lp0 [] []
[2024-12-25T14:13:40.813988+00:00] application.ALERT: sligant51u4v27eah6mv7s4lp0 [] []
[2024-12-25T14:13:46.800894+00:00] application.ALERT: sligant51u4v27eah6mv7s4lp0 [] []
[2024-12-25T14:13:47.116317+00:00] application.NOTICE: Аутентификация пользователя Борис Андросик [] []
[2024-12-25T14:13:47.672669+00:00] application.ALERT: sligant51u4v27eah6mv7s4lp0 [] []
[2024-12-25T14:13:49.976100+00:00] application.ALERT: sligant51u4v27eah6mv7s4lp0 [] []
[2024-12-25T14:13:54.242049+00:00] application.ALERT: sligant51u4v27eah6mv7s4lp0 [] []
[2024-12-25T14:13:56.205038+00:00] application.ALERT: sligant51u4v27eah6mv7s4lp0 [] []
[2024-12-25T14:13:58.158342+00:00] application.ALERT: sligant51u4v27eah6mv7s4lp0 [] []
[2024-12-25T14:13:58.459608+00:00] application.ALERT: sligant51u4v27eah6mv7s4lp0 [] []
[2024-12-25T14:14:00.320878+00:00] application.ALERT: sligant51u4v27eah6mv7s4lp0 [] []
[2024-12-25T14:14:08.752962+00:00] application.ALERT: sligant51u4v27eah6mv7s4lp0 [] []
[2024-12-25T14:14:08.905424+00:00] application.NOTICE: Аутентификация пользователя Максим Андросик [] []
[2024-12-25T14:14:09.357171+00:00] application.ALERT: sligant51u4v27eah6mv7s4lp0 [] []
[2024-12-25T14:14:11.218804+00:00] application.ALERT: sligant51u4v27eah6mv7s4lp0 [] []
[2024-12-25T14:14:13.140573+00:00] application.ALERT: sligant51u4v27eah6mv7s4lp0 [] []
[2024-12-25T14:14:14.942541+00:00] application.ALERT: sligant51u4v27eah6mv7s4lp0 [] []
[2024-12-25T14:14:36.298771+00:00] application.ALERT: sligant51u4v27eah6mv7s4lp0 [] []
[2024-12-25T14:14:38.923447+00:00] application.ALERT: sligant51u4v27eah6mv7s4lp0 [] []
[2024-12-25T14:14:41.882475+00:00] application.ALERT: sligant51u4v27eah6mv7s4lp0 [] []
[2024-12-25T14:14:43.817703+00:00] application.ALERT: sligant51u4v27eah6mv7s4lp0 [] []
[2024-12-25T14:16:16.649462+00:00] application.ALERT: sligant51u4v27eah6mv7s4lp0 [] []
[2024-12-25T14:16:19.108588+00:00] application.ALERT: sligant51u4v27eah6mv7s4lp0 [] []
[2024-12-25T14:16:21.299285+00:00] application.ALERT: sligant51u4v27eah6mv7s4lp0 [] []
[2024-12-25T14:16:23.093014+00:00] application.ALERT: sligant51u4v27eah6mv7s4lp0 [] []
[2024-12-25T14:16:25.862253+00:00] application.ALERT: sligant51u4v27eah6mv7s4lp0 [] []
[2024-12-25T14:16:28.268802+00:00] application.ALERT: sligant51u4v27eah6mv7s4lp0 [] []
[2024-12-25T14:16:30.146768+00:00] application.ALERT: sligant51u4v27eah6mv7s4lp0 [] []
[2024-12-25T14:16:32.218831+00:00] application.ALERT: sligant51u4v27eah6mv7s4lp0 [] []
[2024-12-25T14:16:37.424644+00:00] application.ALERT: sligant51u4v27eah6mv7s4lp0 [] []
[2024-12-25T14:16:42.270406+00:00] application.ALERT: sligant51u4v27eah6mv7s4lp0 [] []
[2024-12-25T14:16:44.460476+00:00] application.ALERT: sligant51u4v27eah6mv7s4lp0 [] []
[2024-12-25T14:16:46.580499+00:00] application.ALERT: sligant51u4v27eah6mv7s4lp0 [] []
[2024-12-25T14:17:00.835422+00:00] application.ALERT: sligant51u4v27eah6mv7s4lp0 [] []
[2024-12-25T14:17:03.529211+00:00] application.ALERT: sligant51u4v27eah6mv7s4lp0 [] []
[2024-12-25T14:17:13.527862+00:00] application.ALERT: sligant51u4v27eah6mv7s4lp0 [] []
[2024-12-25T14:17:16.277600+00:00] application.ALERT: sligant51u4v27eah6mv7s4lp0 [] []
[2024-12-25T14:17:18.287702+00:00] application.ALERT: sligant51u4v27eah6mv7s4lp0 [] []
[2024-12-25T14:17:22.609939+00:00] application.ALERT: sligant51u4v27eah6mv7s4lp0 [] []
[2024-12-25T14:17:24.816103+00:00] application.ALERT: sligant51u4v27eah6mv7s4lp0 [] []
[2024-12-25T14:17:26.709512+00:00] application.ALERT: sligant51u4v27eah6mv7s4lp0 [] []
[2024-12-25T14:17:28.369459+00:00] application.ALERT: sligant51u4v27eah6mv7s4lp0 [] []
[2024-12-25T14:17:32.643386+00:00] application.ALERT: sligant51u4v27eah6mv7s4lp0 [] []
[2024-12-25T14:17:35.683190+00:00] application.ALERT: sligant51u4v27eah6mv7s4lp0 [] []
[2024-12-25T14:17:37.662977+00:00] application.ALERT: sligant51u4v27eah6mv7s4lp0 [] []
[2024-12-25T14:17:39.189052+00:00] application.ALERT: sligant51u4v27eah6mv7s4lp0 [] []
[2024-12-25T14:17:42.264853+00:00] application.ALERT: sligant51u4v27eah6mv7s4lp0 [] []
[2024-12-25T14:17:44.192293+00:00] application.ALERT: sligant51u4v27eah6mv7s4lp0 [] []
[2024-12-25T14:17:44.514638+00:00] application.ALERT: sligant51u4v27eah6mv7s4lp0 [] []
[2024-12-25T14:17:46.277817+00:00] application.ALERT: sligant51u4v27eah6mv7s4lp0 [] []
[2024-12-25T14:17:53.764022+00:00] application.ALERT: sligant51u4v27eah6mv7s4lp0 [] []
[2024-12-25T14:17:53.927995+00:00] application.NOTICE: Аутентификация пользователя Тимофей Андросик [] []
[2024-12-25T14:17:54.297776+00:00] application.ALERT: sligant51u4v27eah6mv7s4lp0 [] []
[2024-12-25T14:17:56.346015+00:00] application.ALERT: sligant51u4v27eah6mv7s4lp0 [] []
[2024-12-25T14:17:59.094813+00:00] application.ALERT: sligant51u4v27eah6mv7s4lp0 [] []
[2024-12-25T14:18:00.905319+00:00] application.ALERT: sligant51u4v27eah6mv7s4lp0 [] []
[2024-12-25T14:18:04.305242+00:00] application.ALERT: sligant51u4v27eah6mv7s4lp0 [] []
[2024-12-25T14:18:05.543135+00:00] application.ALERT: sligant51u4v27eah6mv7s4lp0 [] []
[2024-12-25T14:18:07.781985+00:00] application.ALERT: sligant51u4v27eah6mv7s4lp0 [] []
[2024-12-25T14:18:09.774856+00:00] application.ALERT: sligant51u4v27eah6mv7s4lp0 [] []
[2024-12-25T14:18:15.912304+00:00] application.ALERT: sligant51u4v27eah6mv7s4lp0 [] []
[2024-12-25T14:18:19.168675+00:00] application.ALERT: sligant51u4v27eah6mv7s4lp0 [] []
[2024-12-25T14:18:21.538658+00:00] application.ALERT: sligant51u4v27eah6mv7s4lp0 [] []
[2024-12-25T14:18:25.413668+00:00] application.ALERT: sligant51u4v27eah6mv7s4lp0 [] []
[2024-12-25T14:18:26.755293+00:00] application.ALERT: sligant51u4v27eah6mv7s4lp0 [] []
[2024-12-25T14:18:29.896891+00:00] application.ALERT: sligant51u4v27eah6mv7s4lp0 [] []
[2024-12-25T14:18:31.842870+00:00] application.ALERT: sligant51u4v27eah6mv7s4lp0 [] []
[2024-12-25T14:18:35.011038+00:00] application.ALERT: sligant51u4v27eah6mv7s4lp0 [] []
[2024-12-25T14:18:38.676862+00:00] application.ALERT: sligant51u4v27eah6mv7s4lp0 [] []
[2024-12-25T14:18:38.997352+00:00] application.ALERT: sligant51u4v27eah6mv7s4lp0 [] []
[2024-12-25T14:18:42.515697+00:00] application.ALERT: sligant51u4v27eah6mv7s4lp0 [] []
[2024-12-25T14:18:47.708510+00:00] application.ALERT: sligant51u4v27eah6mv7s4lp0 [] []
[2024-12-25T14:18:47.849394+00:00] application.NOTICE: Аутентификация пользователя Борис Андросик [] []
[2024-12-25T14:18:48.332881+00:00] application.ALERT: sligant51u4v27eah6mv7s4lp0 [] []
[2024-12-25T14:18:51.187952+00:00] application.ALERT: sligant51u4v27eah6mv7s4lp0 [] []
[2024-12-25T14:18:53.076586+00:00] application.ALERT: sligant51u4v27eah6mv7s4lp0 [] []
[2024-12-25T14:18:54.725476+00:00] application.ALERT: sligant51u4v27eah6mv7s4lp0 [] []
[2024-12-25T14:18:57.362558+00:00] application.ALERT: sligant51u4v27eah6mv7s4lp0 [] []
[2024-12-25T14:18:57.673996+00:00] application.ALERT: sligant51u4v27eah6mv7s4lp0 [] []
[2024-12-25T14:20:39.515267+00:00] application.ALERT: sligant51u4v27eah6mv7s4lp0 [] []
[2024-12-25T14:20:47.330042+00:00] application.ALERT: sligant51u4v27eah6mv7s4lp0 [] []
[2024-12-25T14:20:47.462275+00:00] application.NOTICE: Аутентификация пользователя Максим Андросик [] []
[2024-12-25T14:20:47.864966+00:00] application.ALERT: sligant51u4v27eah6mv7s4lp0 [] []
[2024-12-25T14:20:50.067304+00:00] application.ALERT: sligant51u4v27eah6mv7s4lp0 [] []
[2024-12-25T14:20:53.518156+00:00] application.ALERT: sligant51u4v27eah6mv7s4lp0 [] []
[2024-12-25T14:20:55.317314+00:00] application.ALERT: sligant51u4v27eah6mv7s4lp0 [] []
[2024-12-25T14:20:55.445092+00:00] application.ALERT: sligant51u4v27eah6mv7s4lp0 [] []
[2024-12-25T14:21:58.468594+00:00] application.ALERT: sligant51u4v27eah6mv7s4lp0 [] []
[2024-12-25T14:22:05.704053+00:00] application.ALERT: sligant51u4v27eah6mv7s4lp0 [] []
[2024-12-25T14:22:05.843807+00:00] application.NOTICE: Аутентификация пользователя Максим Андросик [] []
[2024-12-25T14:22:06.245300+00:00] application.ALERT: sligant51u4v27eah6mv7s4lp0 [] []
[2024-12-25T14:22:08.716074+00:00] application.ALERT: sligant51u4v27eah6mv7s4lp0 [] []
[2024-12-25T14:22:11.048372+00:00] application.ALERT: sligant51u4v27eah6mv7s4lp0 [] []
[2024-12-25T14:22:13.086486+00:00] application.ALERT: sligant51u4v27eah6mv7s4lp0 [] []
[2024-12-25T14:22:17.094319+00:00] application.ALERT: sligant51u4v27eah6mv7s4lp0 [] []
[2024-12-25T14:22:18.678952+00:00] application.ALERT: sligant51u4v27eah6mv7s4lp0 [] []
[2024-12-25T14:22:20.731844+00:00] application.ALERT: sligant51u4v27eah6mv7s4lp0 [] []
[2024-12-25T14:22:23.621377+00:00] application.ALERT: sligant51u4v27eah6mv7s4lp0 [] []
[2024-12-25T14:22:25.482493+00:00] application.ALERT: sligant51u4v27eah6mv7s4lp0 [] []
[2024-12-25T14:22:27.282949+00:00] application.ALERT: sligant51u4v27eah6mv7s4lp0 [] []
[2024-12-25T14:22:27.745464+00:00] application.ALERT: sligant51u4v27eah6mv7s4lp0 [] []
[2024-12-25T14:22:30.401484+00:00] application.ALERT: sligant51u4v27eah6mv7s4lp0 [] []
[2024-12-25T14:22:32.432643+00:00] application.ALERT: sligant51u4v27eah6mv7s4lp0 [] []
[2024-12-25T14:22:39.605118+00:00] application.ALERT: sligant51u4v27eah6mv7s4lp0 [] []
[2024-12-25T14:22:39.762681+00:00] application.NOTICE: Аутентификация пользователя Борис Андросик [] []
[2024-12-25T14:22:40.133327+00:00] application.ALERT: sligant51u4v27eah6mv7s4lp0 [] []
[2024-12-25T14:22:41.785509+00:00] application.ALERT: sligant51u4v27eah6mv7s4lp0 [] []
[2024-12-25T14:22:44.538866+00:00] application.ALERT: sligant51u4v27eah6mv7s4lp0 [] []
[2024-12-25T14:22:44.619198+00:00] application.ALERT: sligant51u4v27eah6mv7s4lp0 [] []
[2024-12-25T14:22:46.788555+00:00] application.ALERT: sligant51u4v27eah6mv7s4lp0 [] []
[2024-12-25T14:22:48.177511+00:00] application.ALERT: sligant51u4v27eah6mv7s4lp0 [] []
[2024-12-25T14:22:54.400138+00:00] application.ALERT: sligant51u4v27eah6mv7s4lp0 [] []
[2024-12-25T14:22:54.534220+00:00] application.NOTICE: Аутентификация пользователя Борис Андросик [] []
[2024-12-25T14:22:54.992923+00:00] application.ALERT: sligant51u4v27eah6mv7s4lp0 [] []
[2024-12-25T14:23:08.265307+00:00] application.ALERT: sligant51u4v27eah6mv7s4lp0 [] []
[2024-12-25T14:23:26.662304+00:00] application.ALERT: sligant51u4v27eah6mv7s4lp0 [] []
[2024-12-25T14:23:33.894156+00:00] application.ALERT: sligant51u4v27eah6mv7s4lp0 [] []
[2024-12-25T14:24:15.835728+00:00] application.ALERT: sligant51u4v27eah6mv7s4lp0 [] []
[2024-12-25T14:25:34.289116+00:00] application.ALERT: sligant51u4v27eah6mv7s4lp0 [] []
[2024-12-25T14:39:41.226058+00:00] application.ALERT: sligant51u4v27eah6mv7s4lp0 [] []
[2024-12-25T14:40:17.108843+00:00] application.ALERT: sligant51u4v27eah6mv7s4lp0 [] []
[2024-12-25T14:40:21.589641+00:00] application.ALERT: sligant51u4v27eah6mv7s4lp0 [] []
[2024-12-25T14:40:22.135116+00:00] application.ALERT: sligant51u4v27eah6mv7s4lp0 [] []
[2024-12-25T14:40:25.610162+00:00] application.ALERT: sligant51u4v27eah6mv7s4lp0 [] []
[2024-12-25T14:40:36.749480+00:00] application.ALERT: sligant51u4v27eah6mv7s4lp0 [] []
[2024-12-25T14:40:36.905804+00:00] application.NOTICE: Аутентификация пользователя Максим Андросик [] []
[2024-12-25T14:40:37.288469+00:00] application.ALERT: sligant51u4v27eah6mv7s4lp0 [] []
[2024-12-25T14:40:39.679004+00:00] application.ALERT: sligant51u4v27eah6mv7s4lp0 [] []
[2024-12-25T14:40:42.052337+00:00] application.ALERT: sligant51u4v27eah6mv7s4lp0 [] []
[2024-12-25T14:40:44.366072+00:00] application.ALERT: sligant51u4v27eah6mv7s4lp0 [] []
[2024-12-25T14:40:49.328714+00:00] application.ALERT: sligant51u4v27eah6mv7s4lp0 [] []
[2024-12-25T14:40:49.525445+00:00] application.ALERT: sligant51u4v27eah6mv7s4lp0 [] []
[2024-12-25T14:40:51.857688+00:00] application.ALERT: sligant51u4v27eah6mv7s4lp0 [] []
[2024-12-25T14:40:58.272014+00:00] application.ALERT: sligant51u4v27eah6mv7s4lp0 [] []
[2024-12-25T14:40:58.419363+00:00] application.NOTICE: Аутентификация пользователя Тимофей Андросик [] []
[2024-12-25T14:40:58.756496+00:00] application.ALERT: sligant51u4v27eah6mv7s4lp0 [] []
[2024-12-25T14:41:01.674861+00:00] application.ALERT: sligant51u4v27eah6mv7s4lp0 [] []
[2024-12-25T14:41:03.938930+00:00] application.ALERT: sligant51u4v27eah6mv7s4lp0 [] []
[2024-12-25T14:41:05.909566+00:00] application.ALERT: sligant51u4v27eah6mv7s4lp0 [] []
[2024-12-25T14:41:08.174760+00:00] application.ALERT: sligant51u4v27eah6mv7s4lp0 [] []
[2024-12-25T14:41:11.245325+00:00] application.ALERT: sligant51u4v27eah6mv7s4lp0 [] []
[2024-12-25T14:41:13.845772+00:00] application.ALERT: sligant51u4v27eah6mv7s4lp0 [] []
[2024-12-25T14:41:19.546635+00:00] application.ALERT: sligant51u4v27eah6mv7s4lp0 [] []
[2024-12-25T14:41:19.721662+00:00] application.ALERT: sligant51u4v27eah6mv7s4lp0 [] []
[2024-12-25T14:41:46.348195+00:00] application.ALERT: sligant51u4v27eah6mv7s4lp0 [] []
[2024-12-25T14:41:50.415151+00:00] application.ALERT: sligant51u4v27eah6mv7s4lp0 [] []
[2024-12-25T14:41:56.247602+00:00] application.ALERT: sligant51u4v27eah6mv7s4lp0 [] []
[2024-12-25T14:41:56.403639+00:00] application.NOTICE: Аутентификация пользователя Борис Андросик [] []
[2024-12-25T14:41:56.990549+00:00] application.ALERT: sligant51u4v27eah6mv7s4lp0 [] []
[2024-12-25T14:41:59.274933+00:00] application.ALERT: sligant51u4v27eah6mv7s4lp0 [] []
[2024-12-25T14:45:19.077955+00:00] application.ALERT: sligant51u4v27eah6mv7s4lp0 [] []
[2024-12-25T14:46:17.436745+00:00] application.ALERT: sligant51u4v27eah6mv7s4lp0 [] []
[2024-12-25T14:46:26.544482+00:00] application.ALERT: sligant51u4v27eah6mv7s4lp0 [] []
[2024-12-25T14:46:32.549056+00:00] application.ALERT: sligant51u4v27eah6mv7s4lp0 [] []
[2024-12-25T14:46:34.964951+00:00] application.ALERT: sligant51u4v27eah6mv7s4lp0 [] []
[2024-12-25T14:46:37.770625+00:00] application.ALERT: sligant51u4v27eah6mv7s4lp0 [] []
[2024-12-25T14:46:39.326670+00:00] application.ALERT: sligant51u4v27eah6mv7s4lp0 [] []
[2024-12-25T14:46:39.383107+00:00] application.ALERT: sligant51u4v27eah6mv7s4lp0 [] []
[2024-12-25T14:46:42.850108+00:00] application.ALERT: sligant51u4v27eah6mv7s4lp0 [] []
[2024-12-25T14:46:52.216389+00:00] application.ALERT: sligant51u4v27eah6mv7s4lp0 [] []
[2024-12-25T14:46:52.374943+00:00] application.NOTICE: Аутентификация пользователя Тимофей Андросик [] []
[2024-12-25T14:46:53.261848+00:00] application.ALERT: sligant51u4v27eah6mv7s4lp0 [] []
[2024-12-25T14:46:55.976683+00:00] application.ALERT: sligant51u4v27eah6mv7s4lp0 [] []
[2024-12-25T14:46:59.236535+00:00] application.ALERT: sligant51u4v27eah6mv7s4lp0 [] []
[2024-12-25T14:47:02.598243+00:00] application.ALERT: sligant51u4v27eah6mv7s4lp0 [] []
[2024-12-25T14:47:04.841813+00:00] application.ALERT: sligant51u4v27eah6mv7s4lp0 [] []
[2024-12-25T14:47:04.915288+00:00] application.ALERT: sligant51u4v27eah6mv7s4lp0 [] []
[2024-12-25T14:47:08.037566+00:00] application.ALERT: sligant51u4v27eah6mv7s4lp0 [] []
[2024-12-25T14:47:14.453484+00:00] application.ALERT: sligant51u4v27eah6mv7s4lp0 [] []
[2024-12-25T14:47:14.598361+00:00] application.NOTICE: Аутентификация пользователя Тимофей Андросик [] []
[2024-12-25T14:47:14.995301+00:00] application.ALERT: sligant51u4v27eah6mv7s4lp0 [] []
[2024-12-25T14:47:17.704025+00:00] application.ALERT: sligant51u4v27eah6mv7s4lp0 [] []
[2024-12-25T14:47:20.811920+00:00] application.ALERT: sligant51u4v27eah6mv7s4lp0 [] []
[2024-12-25T14:47:24.227616+00:00] application.ALERT: sligant51u4v27eah6mv7s4lp0 [] []
[2024-12-25T14:47:24.277932+00:00] application.NOTICE: Пользователь Екатерина123 Костыркина изменил данные регистрации [] []
[2024-12-25T14:47:29.904997+00:00] application.ALERT: sligant51u4v27eah6mv7s4lp0 [] []
[2024-12-25T14:47:36.638114+00:00] application.ALERT: sligant51u4v27eah6mv7s4lp0 [] []
[2024-12-25T14:47:38.516556+00:00] application.ALERT: sligant51u4v27eah6mv7s4lp0 [] []
[2024-12-25T14:47:45.171802+00:00] application.ALERT: sligant51u4v27eah6mv7s4lp0 [] []
[2024-12-25T14:47:45.239600+00:00] application.ALERT: sligant51u4v27eah6mv7s4lp0 [] []
[2024-12-25T14:47:47.488777+00:00] application.ALERT: sligant51u4v27eah6mv7s4lp0 [] []
[2024-12-25T14:47:53.727377+00:00] application.ALERT: sligant51u4v27eah6mv7s4lp0 [] []
[2024-12-25T14:47:53.920337+00:00] application.NOTICE: Аутентификация пользователя Борис Андросик [] []
[2024-12-25T14:47:54.266280+00:00] application.ALERT: sligant51u4v27eah6mv7s4lp0 [] []
[2024-12-25T14:47:57.270674+00:00] application.ALERT: sligant51u4v27eah6mv7s4lp0 [] []
[2024-12-25T14:48:17.086980+00:00] application.ALERT: sligant51u4v27eah6mv7s4lp0 [] []
[2024-12-25T14:48:22.451495+00:00] application.ALERT: sligant51u4v27eah6mv7s4lp0 [] []
[2024-12-25T14:53:08.278601+00:00] application.ALERT: sligant51u4v27eah6mv7s4lp0 [] []
[2024-12-25T14:53:13.269819+00:00] application.ALERT: sligant51u4v27eah6mv7s4lp0 [] []
[2024-12-25T14:53:16.929288+00:00] application.ALERT: sligant51u4v27eah6mv7s4lp0 [] []
[2024-12-25T14:53:25.646448+00:00] application.ALERT: sligant51u4v27eah6mv7s4lp0 [] []
[2024-12-25T14:53:27.904384+00:00] application.ALERT: sligant51u4v27eah6mv7s4lp0 [] []
[2024-12-25T14:54:05.471486+00:00] application.ALERT: sligant51u4v27eah6mv7s4lp0 [] []
[2024-12-25T14:54:08.698503+00:00] application.ALERT: sligant51u4v27eah6mv7s4lp0 [] []
[2024-12-25T14:54:11.023392+00:00] application.ALERT: sligant51u4v27eah6mv7s4lp0 [] []
[2024-12-25T14:54:15.622288+00:00] application.ALERT: sligant51u4v27eah6mv7s4lp0 [] []
[2024-12-25T14:54:17.948039+00:00] application.ALERT: sligant51u4v27eah6mv7s4lp0 [] []
[2024-12-25T14:54:20.188243+00:00] application.ALERT: sligant51u4v27eah6mv7s4lp0 [] []
[2024-12-25T14:55:01.278187+00:00] application.ALERT: sligant51u4v27eah6mv7s4lp0 [] []
[2024-12-25T14:55:04.105972+00:00] application.ALERT: sligant51u4v27eah6mv7s4lp0 [] []
[2024-12-25T14:55:05.909385+00:00] application.ALERT: sligant51u4v27eah6mv7s4lp0 [] []
[2024-12-25T14:55:05.964954+00:00] application.ALERT: sligant51u4v27eah6mv7s4lp0 [] []
[2024-12-25T14:55:08.278761+00:00] application.ALERT: sligant51u4v27eah6mv7s4lp0 [] []
[2024-12-25T14:55:14.673876+00:00] application.ALERT: sligant51u4v27eah6mv7s4lp0 [] []
[2024-12-25T14:55:14.832121+00:00] application.NOTICE: Аутентификация пользователя Тимофей Андросик [] []
[2024-12-25T14:55:15.203935+00:00] application.ALERT: sligant51u4v27eah6mv7s4lp0 [] []
[2024-12-25T14:55:17.209664+00:00] application.ALERT: sligant51u4v27eah6mv7s4lp0 [] []
[2024-12-25T14:55:22.510159+00:00] application.ALERT: sligant51u4v27eah6mv7s4lp0 [] []
[2024-12-25T14:55:24.744395+00:00] application.ALERT: sligant51u4v27eah6mv7s4lp0 [] []
[2024-12-25T14:55:26.757028+00:00] application.ALERT: sligant51u4v27eah6mv7s4lp0 [] []
[2024-12-25T14:55:28.923363+00:00] application.ALERT: sligant51u4v27eah6mv7s4lp0 [] []
[2024-12-25T14:55:31.012521+00:00] application.ALERT: sligant51u4v27eah6mv7s4lp0 [] []
[2024-12-25T14:55:31.141043+00:00] application.ALERT: sligant51u4v27eah6mv7s4lp0 [] []
[2024-12-25T14:55:33.240449+00:00] application.ALERT: sligant51u4v27eah6mv7s4lp0 [] []
[2024-12-25T14:55:34.827455+00:00] application.ALERT: sligant51u4v27eah6mv7s4lp0 [] []
[2024-12-25T14:55:41.198669+00:00] application.ALERT: sligant51u4v27eah6mv7s4lp0 [] []
[2024-12-25T14:55:41.346219+00:00] application.NOTICE: Аутентификация пользователя Тимофей Андросик [] []
[2024-12-25T14:55:41.709166+00:00] application.ALERT: sligant51u4v27eah6mv7s4lp0 [] []
[2024-12-25T14:55:44.306066+00:00] application.ALERT: sligant51u4v27eah6mv7s4lp0 [] []
[2024-12-25T14:55:45.947922+00:00] application.ALERT: sligant51u4v27eah6mv7s4lp0 [] []
[2024-12-25T14:55:47.858607+00:00] application.ALERT: sligant51u4v27eah6mv7s4lp0 [] []
[2024-12-25T14:55:51.100171+00:00] application.ALERT: sligant51u4v27eah6mv7s4lp0 [] []
[2024-12-25T14:55:53.742182+00:00] application.ALERT: sligant51u4v27eah6mv7s4lp0 [] []
[2024-12-25T14:55:57.432626+00:00] application.ALERT: sligant51u4v27eah6mv7s4lp0 [] []
[2024-12-25T14:55:59.039624+00:00] application.ALERT: sligant51u4v27eah6mv7s4lp0 [] []
[2024-12-25T14:56:01.217052+00:00] application.ALERT: sligant51u4v27eah6mv7s4lp0 [] []
[2024-12-25T14:56:03.105313+00:00] application.ALERT: sligant51u4v27eah6mv7s4lp0 [] []
[2024-12-25T14:56:05.451073+00:00] application.ALERT: sligant51u4v27eah6mv7s4lp0 [] []
[2024-12-25T14:56:06.587895+00:00] application.ALERT: sligant51u4v27eah6mv7s4lp0 [] []
[2024-12-25T14:56:09.015360+00:00] application.ALERT: sligant51u4v27eah6mv7s4lp0 [] []
[2024-12-25T14:56:11.260618+00:00] application.ALERT: sligant51u4v27eah6mv7s4lp0 [] []
[2024-12-25T14:56:27.163954+00:00] application.ALERT: sligant51u4v27eah6mv7s4lp0 [] []
[2024-12-25T14:56:29.144429+00:00] application.ALERT: sligant51u4v27eah6mv7s4lp0 [] []
[2024-12-25T14:56:31.582743+00:00] application.ALERT: sligant51u4v27eah6mv7s4lp0 [] []
[2024-12-25T14:56:33.664132+00:00] application.ALERT: sligant51u4v27eah6mv7s4lp0 [] []
[2024-12-25T14:56:35.439402+00:00] application.ALERT: sligant51u4v27eah6mv7s4lp0 [] []
[2024-12-25T14:56:38.394494+00:00] application.ALERT: sligant51u4v27eah6mv7s4lp0 [] []
[2024-12-25T14:56:40.481710+00:00] application.ALERT: sligant51u4v27eah6mv7s4lp0 [] []
[2024-12-25T14:56:42.693822+00:00] application.ALERT: sligant51u4v27eah6mv7s4lp0 [] []
[2024-12-25T14:56:45.912987+00:00] application.ALERT: sligant51u4v27eah6mv7s4lp0 [] []
[2024-12-25T14:56:47.750103+00:00] application.ALERT: sligant51u4v27eah6mv7s4lp0 [] []
[2024-12-25T14:56:49.556693+00:00] application.ALERT: sligant51u4v27eah6mv7s4lp0 [] []
[2024-12-25T14:56:52.064539+00:00] application.ALERT: sligant51u4v27eah6mv7s4lp0 [] []
[2024-12-25T14:56:54.972790+00:00] application.ALERT: sligant51u4v27eah6mv7s4lp0 [] []
[2024-12-25T14:56:55.028584+00:00] application.ALERT: sligant51u4v27eah6mv7s4lp0 [] []
[2024-12-25T14:57:00.065894+00:00] application.ALERT: sligant51u4v27eah6mv7s4lp0 [] []
[2024-12-25T14:57:06.913267+00:00] application.ALERT: sligant51u4v27eah6mv7s4lp0 [] []
[2024-12-25T14:57:07.070957+00:00] application.NOTICE: Аутентификация пользователя Борис Андросик [] []
[2024-12-25T14:57:07.361332+00:00] application.ALERT: sligant51u4v27eah6mv7s4lp0 [] []
[2024-12-25T14:57:09.993935+00:00] application.ALERT: sligant51u4v27eah6mv7s4lp0 [] []
[2024-12-25T14:57:12.952526+00:00] application.ALERT: sligant51u4v27eah6mv7s4lp0 [] []
[2024-12-25T14:57:15.542353+00:00] application.ALERT: sligant51u4v27eah6mv7s4lp0 [] []
[2024-12-25T14:57:18.828536+00:00] application.ALERT: sligant51u4v27eah6mv7s4lp0 [] []
[2024-12-25T14:57:21.079708+00:00] application.ALERT: sligant51u4v27eah6mv7s4lp0 [] []
[2024-12-25T14:57:23.207587+00:00] application.ALERT: sligant51u4v27eah6mv7s4lp0 [] []
[2024-12-25T14:57:25.157137+00:00] application.ALERT: sligant51u4v27eah6mv7s4lp0 [] []
[2024-12-25T14:57:27.419089+00:00] application.ALERT: sligant51u4v27eah6mv7s4lp0 [] []
[2024-12-25T14:57:29.293369+00:00] application.ALERT: sligant51u4v27eah6mv7s4lp0 [] []
[2024-12-25T14:57:30.641078+00:00] application.ALERT: sligant51u4v27eah6mv7s4lp0 [] []
[2024-12-25T14:57:32.887110+00:00] application.ALERT: sligant51u4v27eah6mv7s4lp0 [] []
[2024-12-25T14:57:35.061501+00:00] application.ALERT: sligant51u4v27eah6mv7s4lp0 [] []
[2024-12-25T14:57:35.128524+00:00] application.ALERT: sligant51u4v27eah6mv7s4lp0 [] []
[2024-12-25T14:57:37.316670+00:00] application.ALERT: sligant51u4v27eah6mv7s4lp0 [] []
[2024-12-25T14:57:45.755257+00:00] application.ALERT: sligant51u4v27eah6mv7s4lp0 [] []
[2024-12-25T14:57:45.929376+00:00] application.NOTICE: Аутентификация пользователя Максим Андросик [] []
[2024-12-25T14:57:46.299779+00:00] application.ALERT: sligant51u4v27eah6mv7s4lp0 [] []
[2024-12-25T14:57:48.936258+00:00] application.ALERT: sligant51u4v27eah6mv7s4lp0 [] []
[2024-12-25T14:57:51.941410+00:00] application.ALERT: sligant51u4v27eah6mv7s4lp0 [] []
[2024-12-25T14:57:56.970492+00:00] application.ALERT: sligant51u4v27eah6mv7s4lp0 [] []
[2024-12-25T14:57:57.025421+00:00] application.NOTICE: Пользователь Екатерина Костыркина изменил данные регистрации [] []
[2024-12-25T14:57:59.683027+00:00] application.ALERT: sligant51u4v27eah6mv7s4lp0 [] []
[2024-12-25T14:58:04.443568+00:00] application.ALERT: sligant51u4v27eah6mv7s4lp0 [] []
[2024-12-25T14:58:04.543288+00:00] application.NOTICE: Пользователь Тимофей345 Андросик изменил данные регистрации [] []
[2024-12-25T14:58:07.880236+00:00] application.ALERT: sligant51u4v27eah6mv7s4lp0 [] []
[2024-12-25T14:58:12.842026+00:00] application.ALERT: sligant51u4v27eah6mv7s4lp0 [] []
[2024-12-25T14:58:16.385345+00:00] application.ALERT: sligant51u4v27eah6mv7s4lp0 [] []
[2024-12-25T15:33:11.076247+00:00] application.ALERT: sligant51u4v27eah6mv7s4lp0 [] []
[2024-12-25T15:33:18.694881+00:00] application.ALERT: sligant51u4v27eah6mv7s4lp0 [] []
[2024-12-25T15:33:32.009032+00:00] application.ALERT: sligant51u4v27eah6mv7s4lp0 [] []
[2024-12-25T15:33:34.431097+00:00] application.ALERT: sligant51u4v27eah6mv7s4lp0 [] []
[2024-12-25T15:33:34.507154+00:00] application.NOTICE: Пользователь Екатерина Костыркина изменил данные регистрации [] []
[2024-12-25T15:33:41.963602+00:00] application.ALERT: sligant51u4v27eah6mv7s4lp0 [] []
[2024-12-25T15:33:45.647740+00:00] application.ALERT: sligant51u4v27eah6mv7s4lp0 [] []
[2024-12-25T15:33:45.807787+00:00] application.NOTICE: Пользователь Тимофей Андросик изменил данные регистрации [] []
[2024-12-25T15:33:50.638881+00:00] application.ALERT: sligant51u4v27eah6mv7s4lp0 [] []
[2024-12-25T15:33:55.420953+00:00] application.ALERT: sligant51u4v27eah6mv7s4lp0 [] []
[2024-12-25T15:33:57.286247+00:00] application.ALERT: sligant51u4v27eah6mv7s4lp0 [] []
[2024-12-25T15:33:59.135082+00:00] application.ALERT: sligant51u4v27eah6mv7s4lp0 [] []
[2024-12-25T15:34:01.516472+00:00] application.ALERT: sligant51u4v27eah6mv7s4lp0 [] []
[2024-12-25T15:34:01.599094+00:00] application.ALERT: sligant51u4v27eah6mv7s4lp0 [] []
[2024-12-25T15:34:05.179857+00:00] application.ALERT: sligant51u4v27eah6mv7s4lp0 [] []
[2024-12-25T15:34:12.640683+00:00] application.ALERT: sligant51u4v27eah6mv7s4lp0 [] []
[2024-12-25T15:34:12.791683+00:00] application.NOTICE: Аутентификация пользователя Максим Андросик [] []
[2024-12-25T15:34:13.063405+00:00] application.ALERT: sligant51u4v27eah6mv7s4lp0 [] []
[2024-12-25T15:34:16.814290+00:00] application.ALERT: sligant51u4v27eah6mv7s4lp0 [] []
[2024-12-25T16:32:06.455312+00:00] application.ALERT: sligant51u4v27eah6mv7s4lp0 [] []
[2024-12-25T16:32:21.982878+00:00] application.ALERT: sligant51u4v27eah6mv7s4lp0 [] []
[2024-12-25T16:32:22.101515+00:00] application.ALERT: sligant51u4v27eah6mv7s4lp0 [] []
[2024-12-25T16:33:28.436391+00:00] application.ALERT: sligant51u4v27eah6mv7s4lp0 [] []
[2024-12-25T16:33:34.673883+00:00] application.ALERT: sligant51u4v27eah6mv7s4lp0 [] []
[2024-12-25T16:33:44.168201+00:00] application.ALERT: sligant51u4v27eah6mv7s4lp0 [] []
[2024-12-25T16:33:44.464489+00:00] application.NOTICE: Аутентификация пользователя Борис Андросик [] []
[2024-12-25T16:33:44.852205+00:00] application.ALERT: sligant51u4v27eah6mv7s4lp0 [] []
[2024-12-25T16:34:52.989552+00:00] application.ALERT: sligant51u4v27eah6mv7s4lp0 [] []
[2024-12-25T16:34:55.588308+00:00] application.ALERT: sligant51u4v27eah6mv7s4lp0 [] []
[2024-12-25T16:35:00.860069+00:00] application.ALERT: sligant51u4v27eah6mv7s4lp0 [] []
[2024-12-25T16:35:04.698493+00:00] application.ALERT: sligant51u4v27eah6mv7s4lp0 [] []
[2024-12-25T16:35:08.239338+00:00] application.ALERT: sligant51u4v27eah6mv7s4lp0 [] []
[2024-12-25T16:35:23.225216+00:00] application.ALERT: sligant51u4v27eah6mv7s4lp0 [] []
[2024-12-25T16:35:23.335334+00:00] application.ALERT: sligant51u4v27eah6mv7s4lp0 [] []
[2024-12-25T16:35:25.470021+00:00] application.ALERT: sligant51u4v27eah6mv7s4lp0 [] []
[2024-12-25T18:55:48.767121+00:00] application.ALERT: sligant51u4v27eah6mv7s4lp0 [] []
[2024-12-25T18:55:48.915040+00:00] application.NOTICE: Аутентификация пользователя Борис Андросик [] []
[2024-12-25T18:55:49.208537+00:00] application.ALERT: sligant51u4v27eah6mv7s4lp0 [] []
[2024-12-25T18:56:25.048397+00:00] application.ALERT: sligant51u4v27eah6mv7s4lp0 [] []
[2024-12-25T18:56:25.419119+00:00] application.ALERT: sligant51u4v27eah6mv7s4lp0 [] []
[2024-12-25T18:56:28.661667+00:00] application.ALERT: sligant51u4v27eah6mv7s4lp0 [] []
[2024-12-25T18:56:35.311815+00:00] application.ALERT: sligant51u4v27eah6mv7s4lp0 [] []
[2024-12-25T18:56:35.614837+00:00] application.NOTICE: Аутентификация пользователя Борис Андросик [] []
[2024-12-25T18:57:21.219419+00:00] application.ALERT: sligant51u4v27eah6mv7s4lp0 [] []
[2024-12-25T18:57:21.231094+00:00] application.ERROR: Попытка доступа к методуactionSigninform [] []
[2024-12-25T18:57:23.082933+00:00] application.ALERT: sligant51u4v27eah6mv7s4lp0 [] []
[2024-12-25T18:57:27.001206+00:00] application.ALERT: sligant51u4v27eah6mv7s4lp0 [] []
[2024-12-25T18:57:27.151237+00:00] application.ALERT: sligant51u4v27eah6mv7s4lp0 [] []
[2024-12-25T18:57:28.860988+00:00] application.ALERT: sligant51u4v27eah6mv7s4lp0 [] []
[2024-12-25T18:57:35.086160+00:00] application.ALERT: sligant51u4v27eah6mv7s4lp0 [] []
[2024-12-25T18:57:35.251217+00:00] application.NOTICE: Аутентификация пользователя Борис Андросик [] []
[2024-12-25T18:58:13.804165+00:00] application.ALERT: sligant51u4v27eah6mv7s4lp0 [] []
[2024-12-25T18:58:13.817162+00:00] application.ERROR: Попытка доступа к методуactionSigninform [] []
[2024-12-25T18:58:16.180293+00:00] application.ALERT: sligant51u4v27eah6mv7s4lp0 [] []
[2024-12-25T18:58:16.186790+00:00] application.ERROR: Попытка доступа к методуactionSigninform [] []
[2024-12-25T18:58:19.443764+00:00] application.ALERT: sligant51u4v27eah6mv7s4lp0 [] []
[2024-12-25T18:58:19.448833+00:00] application.ERROR: Попытка доступа к методуactionSigninform [] []
[2024-12-25T18:59:09.574773+00:00] application.ALERT: sligant51u4v27eah6mv7s4lp0 [] []
[2024-12-25T18:59:15.568656+00:00] application.ALERT: sligant51u4v27eah6mv7s4lp0 [] []
[2024-12-25T18:59:15.653708+00:00] application.ALERT: sligant51u4v27eah6mv7s4lp0 [] []
[2024-12-25T18:59:17.569276+00:00] application.ALERT: sligant51u4v27eah6mv7s4lp0 [] []
[2024-12-25T18:59:22.951047+00:00] application.ALERT: sligant51u4v27eah6mv7s4lp0 [] []
[2024-12-25T18:59:23.123485+00:00] application.NOTICE: Аутентификация пользователя Борис Андросик [] []
[2024-12-25T18:59:25.607499+00:00] application.ALERT: sligant51u4v27eah6mv7s4lp0 [] []
[2024-12-25T18:59:25.639213+00:00] application.ERROR: Попытка доступа к методуactionSigninform [] []
[2024-12-25T18:59:28.238857+00:00] application.ALERT: sligant51u4v27eah6mv7s4lp0 [] []
[2024-12-25T18:59:30.971446+00:00] application.ALERT: sligant51u4v27eah6mv7s4lp0 [] []
[2024-12-25T18:59:31.099402+00:00] application.ALERT: sligant51u4v27eah6mv7s4lp0 [] []
[2024-12-25T18:59:33.092354+00:00] application.ALERT: sligant51u4v27eah6mv7s4lp0 [] []
[2024-12-25T18:59:39.465905+00:00] application.ALERT: sligant51u4v27eah6mv7s4lp0 [] []
[2024-12-25T18:59:39.637112+00:00] application.NOTICE: Аутентификация пользователя Борис Андросик [] []
[2024-12-25T19:05:01.598619+00:00] application.ALERT: sligant51u4v27eah6mv7s4lp0 [] []
[2024-12-25T19:05:01.611674+00:00] application.ERROR: Попытка доступа к методуactionSigninform [] []
[2024-12-25T19:05:03.914700+00:00] application.ALERT: sligant51u4v27eah6mv7s4lp0 [] []
[2024-12-25T19:05:06.081394+00:00] application.ALERT: sligant51u4v27eah6mv7s4lp0 [] []
[2024-12-25T19:05:06.192153+00:00] application.ALERT: sligant51u4v27eah6mv7s4lp0 [] []
[2024-12-25T19:05:08.450426+00:00] application.ALERT: sligant51u4v27eah6mv7s4lp0 [] []
[2024-12-25T19:05:15.307144+00:00] application.ALERT: sligant51u4v27eah6mv7s4lp0 [] []
[2024-12-25T19:05:15.495958+00:00] application.NOTICE: Аутентификация пользователя Борис Андросик [] []
[2024-12-25T19:05:15.496177+00:00] application.INFO: Запрос хеша пароля [] []
[2024-12-25T19:15:28.710571+00:00] application.ALERT: sligant51u4v27eah6mv7s4lp0 [] []
[2024-12-25T19:15:28.724237+00:00] application.ERROR: Попытка доступа к методуactionSigninform [] []
[2024-12-25T19:15:31.508062+00:00] application.ALERT: sligant51u4v27eah6mv7s4lp0 [] []
[2024-12-25T19:15:33.678345+00:00] application.ALERT: sligant51u4v27eah6mv7s4lp0 [] []
[2024-12-25T19:15:33.790740+00:00] application.ALERT: sligant51u4v27eah6mv7s4lp0 [] []
[2024-12-25T19:15:43.705525+00:00] application.ALERT: sligant51u4v27eah6mv7s4lp0 [] []
[2024-12-25T19:16:33.172313+00:00] application.ALERT: sligant51u4v27eah6mv7s4lp0 [] []
[2024-12-25T19:16:33.326814+00:00] application.NOTICE: Аутентификация пользователя Борис Андросик [] []
[2024-12-25T19:16:33.327035+00:00] application.INFO: Запрос хеша пароля [] []
[2024-12-25T19:17:38.713733+00:00] application.ALERT: sligant51u4v27eah6mv7s4lp0 [] []
[2024-12-25T19:17:38.725430+00:00] application.ERROR: Попытка доступа к методуactionSigninform [] []
[2024-12-25T19:17:40.967280+00:00] application.ALERT: sligant51u4v27eah6mv7s4lp0 [] []
[2024-12-25T19:17:46.038882+00:00] application.ALERT: sligant51u4v27eah6mv7s4lp0 [] []
[2024-12-25T19:17:46.213723+00:00] application.ALERT: sligant51u4v27eah6mv7s4lp0 [] []
[2024-12-25T19:17:48.582387+00:00] application.ALERT: sligant51u4v27eah6mv7s4lp0 [] []
[2024-12-25T19:17:55.137309+00:00] application.ALERT: sligant51u4v27eah6mv7s4lp0 [] []
[2024-12-25T19:17:55.298081+00:00] application.NOTICE: Аутентификация пользователя Борис Андросик [] []
[2024-12-25T19:17:55.298300+00:00] application.INFO: Запрос хеша пароля [] []
[2024-12-25T19:17:55.897097+00:00] application.ALERT: sligant51u4v27eah6mv7s4lp0 [] []
[2024-12-25T19:20:46.358796+00:00] application.ALERT: sligant51u4v27eah6mv7s4lp0 [] []
[2024-12-25T19:20:46.468010+00:00] application.ALERT: sligant51u4v27eah6mv7s4lp0 [] []
[2024-12-25T19:37:15.607124+00:00] application.ALERT: sligant51u4v27eah6mv7s4lp0 [] []
[2024-12-25T19:37:26.622932+00:00] application.ALERT: sligant51u4v27eah6mv7s4lp0 [] []
[2024-12-25T19:37:26.759719+00:00] application.ALERT: sligant51u4v27eah6mv7s4lp0 [] []
[2024-12-25T19:37:41.145094+00:00] application.ALERT: sligant51u4v27eah6mv7s4lp0 [] []
[2024-12-25T19:37:41.284563+00:00] application.ALERT: sligant51u4v27eah6mv7s4lp0 [] []
[2024-12-25T19:39:55.163258+00:00] application.ALERT: sligant51u4v27eah6mv7s4lp0 [] []
[2024-12-25T19:39:55.261186+00:00] application.ALERT: sligant51u4v27eah6mv7s4lp0 [] []
[2024-12-25T19:40:30.055188+00:00] application.ALERT: sligant51u4v27eah6mv7s4lp0 [] []
[2024-12-25T19:40:36.896808+00:00] application.ALERT: sligant51u4v27eah6mv7s4lp0 [] []
[2024-12-25T19:40:37.054914+00:00] application.NOTICE: Аутентификация пользователя Борис Андросик [] []
[2024-12-25T19:40:37.055128+00:00] application.INFO: Запрос хеша пароля [] []
[2024-12-25T19:40:37.455075+00:00] application.ALERT: sligant51u4v27eah6mv7s4lp0 [] []
[2024-12-25T19:40:49.276792+00:00] application.ALERT: sligant51u4v27eah6mv7s4lp0 [] []
[2024-12-25T19:40:49.414281+00:00] application.ALERT: sligant51u4v27eah6mv7s4lp0 [] []
[2024-12-25T19:41:04.522792+00:00] application.ALERT: sligant51u4v27eah6mv7s4lp0 [] []
[2024-12-25T19:44:55.653666+00:00] application.ALERT: sligant51u4v27eah6mv7s4lp0 [] []
[2024-12-25T19:45:26.504011+00:00] application.ALERT: sligant51u4v27eah6mv7s4lp0 [] []
[2024-12-25T19:45:29.581608+00:00] application.ALERT: sligant51u4v27eah6mv7s4lp0 [] []
[2024-12-25T19:45:42.400850+00:00] application.ALERT: sligant51u4v27eah6mv7s4lp0 [] []
[2024-12-25T19:45:57.580826+00:00] application.ALERT: sligant51u4v27eah6mv7s4lp0 [] []
[2024-12-25T19:46:00.513279+00:00] application.ALERT: sligant51u4v27eah6mv7s4lp0 [] []
[2024-12-25T19:46:56.591085+00:00] application.ALERT: sligant51u4v27eah6mv7s4lp0 [] []
[2024-12-25T19:47:25.119757+00:00] application.ALERT: sligant51u4v27eah6mv7s4lp0 [] []
[2024-12-25T19:47:38.447956+00:00] application.ALERT: sligant51u4v27eah6mv7s4lp0 [] []
[2024-12-25T19:48:33.290344+00:00] application.ALERT: sligant51u4v27eah6mv7s4lp0 [] []
[2024-12-25T19:49:06.890630+00:00] application.ALERT: sligant51u4v27eah6mv7s4lp0 [] []
[2024-12-25T19:49:10.102749+00:00] application.ALERT: sligant51u4v27eah6mv7s4lp0 [] []
[2024-12-25T19:50:52.899482+00:00] application.ALERT: sligant51u4v27eah6mv7s4lp0 [] []
[2024-12-25T19:51:32.353864+00:00] application.ALERT: sligant51u4v27eah6mv7s4lp0 [] []
[2024-12-25T19:52:58.655320+00:00] application.ALERT: sligant51u4v27eah6mv7s4lp0 [] []
[2024-12-25T19:53:37.243675+00:00] application.ALERT: sligant51u4v27eah6mv7s4lp0 [] []
[2024-12-25T19:57:54.867418+00:00] application.ALERT: sligant51u4v27eah6mv7s4lp0 [] []
[2024-12-25T19:58:34.885669+00:00] application.ALERT: sligant51u4v27eah6mv7s4lp0 [] []
[2024-12-25T19:58:34.890142+00:00] application.INFO: Запрос хеша пароля [] []
[2024-12-25T19:58:35.183156+00:00] application.NOTICE: Зарегистрирован новый пользователь Петр Петров [] []
[2024-12-25T19:58:35.304573+00:00] application.NOTICE: Аутентификация пользователя Петр Петров [] []
[2024-12-25T19:58:35.305071+00:00] application.INFO: Запрос хеша пароля [] []
[2024-12-25T19:58:35.821465+00:00] application.ALERT: sligant51u4v27eah6mv7s4lp0 [] []
[2024-12-25T20:35:01.138838+00:00] application.ALERT: sligant51u4v27eah6mv7s4lp0 [] []
[2024-12-25T20:35:07.653880+00:00] application.ALERT: sligant51u4v27eah6mv7s4lp0 [] []
[2024-12-25T20:35:07.807450+00:00] application.ALERT: sligant51u4v27eah6mv7s4lp0 [] []
[2024-12-25T20:35:12.624216+00:00] application.ALERT: sligant51u4v27eah6mv7s4lp0 [] []
[2024-12-25T20:35:18.559649+00:00] application.ALERT: sligant51u4v27eah6mv7s4lp0 [] []
[2024-12-25T20:35:20.498611+00:00] application.ALERT: sligant51u4v27eah6mv7s4lp0 [] []
[2024-12-25T20:35:23.286539+00:00] application.ALERT: sligant51u4v27eah6mv7s4lp0 [] []
[2024-12-25T20:35:32.772655+00:00] application.ALERT: sligant51u4v27eah6mv7s4lp0 [] []
[2024-12-25T20:35:32.909979+00:00] application.NOTICE: Аутентификация пользователя Тимофей Андросик [] []
[2024-12-25T20:35:32.910189+00:00] application.INFO: Запрос хеша пароля [] []
[2024-12-25T20:35:33.306600+00:00] application.ALERT: sligant51u4v27eah6mv7s4lp0 [] []
[2024-12-25T20:35:42.697693+00:00] application.ALERT: sligant51u4v27eah6mv7s4lp0 [] []
[2024-12-25T20:35:47.233339+00:00] application.ALERT: sligant51u4v27eah6mv7s4lp0 [] []
[2024-12-25T20:35:49.964885+00:00] application.ALERT: sligant51u4v27eah6mv7s4lp0 [] []
[2024-12-25T20:35:53.675614+00:00] application.ALERT: sligant51u4v27eah6mv7s4lp0 [] []
[2024-12-25T20:35:56.529801+00:00] application.ALERT: sligant51u4v27eah6mv7s4lp0 [] []
[2024-12-25T20:36:00.419427+00:00] application.ALERT: sligant51u4v27eah6mv7s4lp0 [] []
[2024-12-25T20:36:14.382388+00:00] application.ALERT: sligant51u4v27eah6mv7s4lp0 [] []
[2024-12-25T20:36:18.706746+00:00] application.ALERT: sligant51u4v27eah6mv7s4lp0 [] []
[2024-12-25T20:36:20.957639+00:00] application.ALERT: sligant51u4v27eah6mv7s4lp0 [] []
[2024-12-25T20:36:26.316851+00:00] application.ALERT: sligant51u4v27eah6mv7s4lp0 [] []
[2024-12-25T20:36:29.116605+00:00] application.ALERT: sligant51u4v27eah6mv7s4lp0 [] []
[2024-12-25T20:36:35.761114+00:00] application.ALERT: sligant51u4v27eah6mv7s4lp0 [] []
[2024-12-25T20:36:35.910478+00:00] application.ALERT: sligant51u4v27eah6mv7s4lp0 [] []
[2024-12-25T20:36:38.223941+00:00] application.ALERT: sligant51u4v27eah6mv7s4lp0 [] []
[2024-12-25T20:36:49.910349+00:00] application.ALERT: sligant51u4v27eah6mv7s4lp0 [] []
[2024-12-25T20:36:50.068090+00:00] application.NOTICE: Аутентификация пользователя Максим Андросик [] []
[2024-12-25T20:36:50.475194+00:00] application.ALERT: sligant51u4v27eah6mv7s4lp0 [] []
[2024-12-25T20:36:53.918511+00:00] application.ALERT: sligant51u4v27eah6mv7s4lp0 [] []
[2024-12-25T20:36:57.452410+00:00] application.ALERT: sligant51u4v27eah6mv7s4lp0 [] []
[2024-12-25T20:37:01.260238+00:00] application.ALERT: sligant51u4v27eah6mv7s4lp0 [] []
[2024-12-25T20:37:01.309011+00:00] application.NOTICE: Пользователь Петр123 Петров изменил данные регистрации [] []
[2024-12-25T20:37:04.238000+00:00] application.ALERT: sligant51u4v27eah6mv7s4lp0 [] []
[2024-12-25T20:37:10.411034+00:00] application.ALERT: sligant51u4v27eah6mv7s4lp0 [] []
[2024-12-25T20:37:38.861024+00:00] application.ALERT: sligant51u4v27eah6mv7s4lp0 [] []
[2024-12-25T20:37:43.973843+00:00] application.ALERT: sligant51u4v27eah6mv7s4lp0 [] []
[2024-12-25T20:37:52.022716+00:00] application.ALERT: sligant51u4v27eah6mv7s4lp0 [] []
[2024-12-25T20:37:55.591452+00:00] application.ALERT: sligant51u4v27eah6mv7s4lp0 [] []
[2024-12-25T20:38:00.961003+00:00] application.ALERT: sligant51u4v27eah6mv7s4lp0 [] []
[2024-12-25T20:38:01.237175+00:00] application.ALERT: sligant51u4v27eah6mv7s4lp0 [] []
[2024-12-25T20:38:02.926818+00:00] application.ALERT: sligant51u4v27eah6mv7s4lp0 [] []
[2024-12-25T20:38:09.953872+00:00] application.ALERT: sligant51u4v27eah6mv7s4lp0 [] []
[2024-12-25T20:38:10.101644+00:00] application.NOTICE: Аутентификация пользователя Тимофей Андросик [] []
[2024-12-25T20:38:10.101857+00:00] application.INFO: Запрос хеша пароля [] []
[2024-12-25T20:38:10.607781+00:00] application.ALERT: sligant51u4v27eah6mv7s4lp0 [] []
[2024-12-25T20:38:13.390329+00:00] application.ALERT: sligant51u4v27eah6mv7s4lp0 [] []
[2024-12-25T20:38:17.756903+00:00] application.ALERT: sligant51u4v27eah6mv7s4lp0 [] []
[2024-12-25T20:38:19.497757+00:00] application.ALERT: sligant51u4v27eah6mv7s4lp0 [] []
[2024-12-25T20:38:21.837466+00:00] application.ALERT: sligant51u4v27eah6mv7s4lp0 [] []
[2024-12-25T20:38:27.022383+00:00] application.ALERT: sligant51u4v27eah6mv7s4lp0 [] []
[2024-12-25T20:38:31.706010+00:00] application.ALERT: sligant51u4v27eah6mv7s4lp0 [] []
[2024-12-25T20:38:34.920422+00:00] application.ALERT: sligant51u4v27eah6mv7s4lp0 [] []
[2024-12-25T20:38:38.247980+00:00] application.ALERT: sligant51u4v27eah6mv7s4lp0 [] []
[2024-12-25T20:38:45.462384+00:00] application.ALERT: sligant51u4v27eah6mv7s4lp0 [] []
[2024-12-25T20:38:48.010694+00:00] application.ALERT: sligant51u4v27eah6mv7s4lp0 [] []
[2024-12-25T20:38:50.627352+00:00] application.ALERT: sligant51u4v27eah6mv7s4lp0 [] []
[2024-12-25T20:39:54.892717+00:00] application.ALERT: sligant51u4v27eah6mv7s4lp0 [] []
[2024-12-25T20:41:23.011771+00:00] application.ALERT: sligant51u4v27eah6mv7s4lp0 [] []
[2024-12-25T20:41:25.941734+00:00] application.ALERT: sligant51u4v27eah6mv7s4lp0 [] []
[2024-12-25T20:42:02.403303+00:00] application.ALERT: sligant51u4v27eah6mv7s4lp0 [] []
[2024-12-25T20:42:06.751455+00:00] application.ALERT: sligant51u4v27eah6mv7s4lp0 [] []
[2024-12-25T20:43:58.455089+00:00] application.ALERT: sligant51u4v27eah6mv7s4lp0 [] []
[2024-12-25T20:44:41.281511+00:00] application.ALERT: sligant51u4v27eah6mv7s4lp0 [] []
[2024-12-25T20:44:41.327119+00:00] application.NOTICE: Пользователь Екатерина123 Костыркина изменил данные регистрации [] []
[2024-12-25T20:44:58.832628+00:00] application.ALERT: sligant51u4v27eah6mv7s4lp0 [] []
[2024-12-25T20:45:50.063417+00:00] application.ALERT: sligant51u4v27eah6mv7s4lp0 [] []
[2024-12-25T20:45:54.136130+00:00] application.ALERT: sligant51u4v27eah6mv7s4lp0 [] []
[2024-12-25T20:47:48.572282+00:00] application.ALERT: sligant51u4v27eah6mv7s4lp0 [] []
[2024-12-25T20:47:48.604881+00:00] application.NOTICE: Пользователь Екатерина Костыркина изменил данные регистрации [] []
[2024-12-25T20:47:53.271722+00:00] application.ALERT: sligant51u4v27eah6mv7s4lp0 [] []
[2024-12-25T20:48:00.549782+00:00] application.ALERT: sligant51u4v27eah6mv7s4lp0 [] []
[2024-12-25T20:48:00.673010+00:00] application.ALERT: sligant51u4v27eah6mv7s4lp0 [] []
[2024-12-25T20:48:03.351902+00:00] application.ALERT: sligant51u4v27eah6mv7s4lp0 [] []
[2024-12-25T20:48:10.095043+00:00] application.ALERT: sligant51u4v27eah6mv7s4lp0 [] []
[2024-12-25T20:48:10.229744+00:00] application.NOTICE: Аутентификация пользователя Борис Андросик [] []
[2024-12-25T20:48:10.592147+00:00] application.ALERT: sligant51u4v27eah6mv7s4lp0 [] []
[2024-12-25T20:48:13.035562+00:00] application.ALERT: sligant51u4v27eah6mv7s4lp0 [] []
[2024-12-25T20:48:15.742290+00:00] application.ALERT: sligant51u4v27eah6mv7s4lp0 [] []
[2024-12-25T20:49:23.295256+00:00] application.ALERT: sligant51u4v27eah6mv7s4lp0 [] []
[2024-12-25T20:49:30.294606+00:00] application.ALERT: sligant51u4v27eah6mv7s4lp0 [] []
[2024-12-25T20:49:46.587796+00:00] application.ALERT: sligant51u4v27eah6mv7s4lp0 [] []
[2024-12-25T20:49:50.063358+00:00] application.ALERT: sligant51u4v27eah6mv7s4lp0 [] []
[2024-12-25T20:50:34.672489+00:00] application.ALERT: sligant51u4v27eah6mv7s4lp0 [] []
[2024-12-25T20:50:41.971858+00:00] application.ALERT: sligant51u4v27eah6mv7s4lp0 [] []
[2024-12-25T20:51:26.711932+00:00] application.ALERT: sligant51u4v27eah6mv7s4lp0 [] []
[2024-12-25T20:51:31.607303+00:00] application.ALERT: sligant51u4v27eah6mv7s4lp0 [] []
[2024-12-25T20:51:36.254461+00:00] application.ALERT: sligant51u4v27eah6mv7s4lp0 [] []
[2024-12-25T20:51:40.546341+00:00] application.ALERT: sligant51u4v27eah6mv7s4lp0 [] []
[2024-12-25T21:07:07.325924+00:00] application.ALERT: sligant51u4v27eah6mv7s4lp0 [] []
[2024-12-25T21:21:04.780087+00:00] application.ALERT: sligant51u4v27eah6mv7s4lp0 [] []
[2024-12-25T21:21:10.322946+00:00] application.ALERT: sligant51u4v27eah6mv7s4lp0 [] []
[2024-12-25T21:21:16.286369+00:00] application.ALERT: sligant51u4v27eah6mv7s4lp0 [] []
[2024-12-25T21:21:20.952786+00:00] application.ALERT: sligant51u4v27eah6mv7s4lp0 [] []
[2024-12-25T21:21:24.523445+00:00] application.ALERT: sligant51u4v27eah6mv7s4lp0 [] []
[2024-12-25T21:21:27.894288+00:00] application.ALERT: sligant51u4v27eah6mv7s4lp0 [] []
