[2024-12-24T01:58:32.339008+00:00] application.ALERT: umooofov0hbdbg4og58o19nu18 [] []
[2024-12-24T02:05:29.596873+00:00] application.ALERT: umooofov0hbdbg4og58o19nu18 [] []
[2024-12-24T02:05:54.873319+00:00] application.ALERT: umooofov0hbdbg4og58o19nu18 [] []
[2024-12-24T02:06:55.693798+00:00] application.ALERT: umooofov0hbdbg4og58o19nu18 [] []
[2024-12-24T02:07:28.572678+00:00] application.ALERT: umooofov0hbdbg4og58o19nu18 [] []
[2024-12-24T02:09:37.293041+00:00] application.ALERT: umooofov0hbdbg4og58o19nu18 [] []
[2024-12-24T02:09:45.771526+00:00] application.ALERT: umooofov0hbdbg4og58o19nu18 [] []
[2024-12-24T02:09:45.846530+00:00] application.ALERT: umooofov0hbdbg4og58o19nu18 [] []
[2024-12-24T02:09:47.628632+00:00] application.ALERT: umooofov0hbdbg4og58o19nu18 [] []
[2024-12-24T02:10:00.148348+00:00] application.ALERT: umooofov0hbdbg4og58o19nu18 [] []
[2024-12-24T02:11:40.678098+00:00] application.ALERT: umooofov0hbdbg4og58o19nu18 [] []
[2024-12-24T02:11:43.483258+00:00] application.ALERT: umooofov0hbdbg4og58o19nu18 [] []
[2024-12-24T02:11:50.170641+00:00] application.ALERT: umooofov0hbdbg4og58o19nu18 [] []
[2024-12-24T02:11:50.303649+00:00] application.NOTICE: Аутентификация пользователя Максим Андросик [] []
[2024-12-24T02:11:50.437656+00:00] application.ALERT: umooofov0hbdbg4og58o19nu18 [] []
[2024-12-24T02:26:54.543368+00:00] application.ALERT: umooofov0hbdbg4og58o19nu18 [] []
[2024-12-24T02:27:33.302585+00:00] application.ALERT: umooofov0hbdbg4og58o19nu18 [] []
[2024-12-24T02:28:42.154523+00:00] application.ALERT: umooofov0hbdbg4og58o19nu18 [] []
[2024-12-24T02:33:43.894782+00:00] application.ALERT: umooofov0hbdbg4og58o19nu18 [] []
[2024-12-24T02:34:15.299578+00:00] application.ALERT: umooofov0hbdbg4og58o19nu18 [] []
[2024-12-24T02:34:40.181001+00:00] application.ALERT: umooofov0hbdbg4og58o19nu18 [] []
[2024-12-24T02:35:13.903930+00:00] application.ALERT: umooofov0hbdbg4og58o19nu18 [] []
[2024-12-24T02:35:46.311784+00:00] application.ALERT: umooofov0hbdbg4og58o19nu18 [] []
[2024-12-24T02:35:56.368359+00:00] application.ALERT: umooofov0hbdbg4og58o19nu18 [] []
[2024-12-24T02:35:58.604487+00:00] application.ALERT: umooofov0hbdbg4og58o19nu18 [] []
[2024-12-24T02:36:00.115573+00:00] application.ALERT: umooofov0hbdbg4og58o19nu18 [] []
[2024-12-24T02:36:02.850730+00:00] application.ALERT: umooofov0hbdbg4og58o19nu18 [] []
[2024-12-24T02:36:10.017139+00:00] application.ALERT: umooofov0hbdbg4og58o19nu18 [] []
[2024-12-24T02:36:11.955250+00:00] application.ALERT: umooofov0hbdbg4og58o19nu18 [] []
[2024-12-24T02:36:15.499453+00:00] application.ALERT: umooofov0hbdbg4og58o19nu18 [] []
[2024-12-24T02:36:34.960566+00:00] application.ALERT: umooofov0hbdbg4og58o19nu18 [] []
[2024-12-24T02:36:36.959680+00:00] application.ALERT: umooofov0hbdbg4og58o19nu18 [] []
[2024-12-24T02:36:39.124804+00:00] application.ALERT: umooofov0hbdbg4og58o19nu18 [] []
[2024-12-24T02:36:41.070916+00:00] application.ALERT: umooofov0hbdbg4og58o19nu18 [] []
[2024-12-24T02:36:45.997197+00:00] application.ALERT: umooofov0hbdbg4og58o19nu18 [] []
[2024-12-24T02:36:49.511398+00:00] application.ALERT: umooofov0hbdbg4og58o19nu18 [] []
[2024-12-24T02:36:51.312501+00:00] application.ALERT: umooofov0hbdbg4og58o19nu18 [] []
[2024-12-24T02:38:22.339708+00:00] application.ALERT: umooofov0hbdbg4og58o19nu18 [] []
[2024-12-24T02:38:24.985859+00:00] application.ALERT: umooofov0hbdbg4og58o19nu18 [] []
[2024-12-24T02:38:27.366995+00:00] application.ALERT: umooofov0hbdbg4og58o19nu18 [] []
[2024-12-24T02:38:31.920256+00:00] application.ALERT: umooofov0hbdbg4og58o19nu18 [] []
[2024-12-24T02:38:31.962258+00:00] application.NOTICE: Пользователь Василий123 Васильев изменил данные регистрации [] []
[2024-12-24T02:38:36.839537+00:00] application.ALERT: umooofov0hbdbg4og58o19nu18 [] []
[2024-12-24T02:39:12.417572+00:00] application.ALERT: umooofov0hbdbg4og58o19nu18 [] []
[2024-12-24T02:41:16.854690+00:00] application.ALERT: umooofov0hbdbg4og58o19nu18 [] []
[2024-12-24T02:41:24.149107+00:00] application.ALERT: umooofov0hbdbg4og58o19nu18 [] []
[2024-12-24T02:41:27.502299+00:00] application.ALERT: umooofov0hbdbg4og58o19nu18 [] []
[2024-12-24T02:42:14.159967+00:00] application.ALERT: umooofov0hbdbg4og58o19nu18 [] []
[2024-12-24T02:42:16.148081+00:00] application.ALERT: umooofov0hbdbg4og58o19nu18 [] []
[2024-12-24T02:43:14.206402+00:00] application.ALERT: umooofov0hbdbg4og58o19nu18 [] []
[2024-12-24T02:43:41.599968+00:00] application.ALERT: umooofov0hbdbg4og58o19nu18 [] []
[2024-12-24T02:44:44.434562+00:00] application.ALERT: umooofov0hbdbg4og58o19nu18 [] []
[2024-12-24T02:44:53.826100+00:00] application.ALERT: umooofov0hbdbg4og58o19nu18 [] []
[2024-12-24T03:02:03.075520+00:00] application.ALERT: umooofov0hbdbg4og58o19nu18 [] []
[2024-12-24T03:07:26.799567+00:00] application.ALERT: umooofov0hbdbg4og58o19nu18 [] []
[2024-12-24T03:08:29.253139+00:00] application.ALERT: umooofov0hbdbg4og58o19nu18 [] []
[2024-12-24T03:08:31.570271+00:00] application.ALERT: umooofov0hbdbg4og58o19nu18 [] []
[2024-12-24T03:08:34.214423+00:00] application.ALERT: umooofov0hbdbg4og58o19nu18 [] []
[2024-12-24T03:08:35.906519+00:00] application.ALERT: umooofov0hbdbg4og58o19nu18 [] []
[2024-12-24T03:08:37.668620+00:00] application.ALERT: umooofov0hbdbg4og58o19nu18 [] []
[2024-12-24T03:08:39.357717+00:00] application.ALERT: umooofov0hbdbg4og58o19nu18 [] []
[2024-12-24T03:08:41.023812+00:00] application.ALERT: umooofov0hbdbg4og58o19nu18 [] []
[2024-12-24T03:10:09.170854+00:00] application.ALERT: umooofov0hbdbg4og58o19nu18 [] []
[2024-12-24T03:15:31.527292+00:00] application.ALERT: umooofov0hbdbg4og58o19nu18 [] []
[2024-12-24T03:15:31.536292+00:00] application.ERROR: Попытка доступа к методуactionSignoff [] []
[2024-12-24T03:15:34.650470+00:00] application.ALERT: umooofov0hbdbg4og58o19nu18 [] []
[2024-12-24T03:15:38.139670+00:00] application.ALERT: umooofov0hbdbg4og58o19nu18 [] []
[2024-12-24T03:15:38.150670+00:00] application.ERROR: Попытка доступа к методуactionSignoff [] []
[2024-12-24T03:16:14.496749+00:00] application.ALERT: umooofov0hbdbg4og58o19nu18 [] []
[2024-12-24T03:16:19.631043+00:00] application.ALERT: umooofov0hbdbg4og58o19nu18 [] []
[2024-12-24T03:16:21.194132+00:00] application.ALERT: umooofov0hbdbg4og58o19nu18 [] []
[2024-12-24T03:16:21.201133+00:00] application.ERROR: Попытка доступа к методуactionUpdateuserform [] []
[2024-12-24T03:16:25.113356+00:00] application.ALERT: umooofov0hbdbg4og58o19nu18 [] []
[2024-12-24T03:16:28.427546+00:00] application.ALERT: umooofov0hbdbg4og58o19nu18 [] []
[2024-12-24T03:16:28.433546+00:00] application.ERROR: Попытка доступа к методуactionDeleteuserform [] []
[2024-12-24T03:16:30.461662+00:00] application.ALERT: umooofov0hbdbg4og58o19nu18 [] []
[2024-12-24T03:17:25.297799+00:00] application.ALERT: umooofov0hbdbg4og58o19nu18 [] []
[2024-12-24T03:17:31.589159+00:00] application.ALERT: umooofov0hbdbg4og58o19nu18 [] []
[2024-12-24T03:17:39.005583+00:00] application.ALERT: umooofov0hbdbg4og58o19nu18 [] []
[2024-12-24T03:17:39.015583+00:00] application.ERROR: Попытка доступа к методуactionUpdateuserform [] []
[2024-12-24T03:17:43.950866+00:00] application.ALERT: umooofov0hbdbg4og58o19nu18 [] []
[2024-12-24T03:17:51.096274+00:00] application.ALERT: umooofov0hbdbg4og58o19nu18 [] []
[2024-12-24T03:17:51.105275+00:00] application.ERROR: Попытка доступа к методуactionDeleteuserform [] []
[2024-12-24T03:17:53.072387+00:00] application.ALERT: umooofov0hbdbg4og58o19nu18 [] []
[2024-12-24T03:17:55.120505+00:00] application.ALERT: umooofov0hbdbg4og58o19nu18 [] []
[2024-12-24T03:18:00.225797+00:00] application.ALERT: umooofov0hbdbg4og58o19nu18 [] []
[2024-12-24T03:18:18.595847+00:00] application.ALERT: umooofov0hbdbg4og58o19nu18 [] []
[2024-12-24T03:18:18.603848+00:00] application.ERROR: Попытка доступа к методуactionSignoff [] []
[2024-12-24T03:18:38.252972+00:00] application.ALERT: umooofov0hbdbg4og58o19nu18 [] []
[2024-12-24T03:19:12.442927+00:00] application.ALERT: umooofov0hbdbg4og58o19nu18 [] []
[2024-12-24T03:19:15.450099+00:00] application.ALERT: umooofov0hbdbg4og58o19nu18 [] []
[2024-12-24T03:19:17.532218+00:00] application.ALERT: umooofov0hbdbg4og58o19nu18 [] []
[2024-12-24T03:19:19.264317+00:00] application.ALERT: umooofov0hbdbg4og58o19nu18 [] []
[2024-12-24T03:19:19.274318+00:00] application.ERROR: Попытка доступа к методуactionUpdateuserform [] []
[2024-12-24T03:19:22.301491+00:00] application.ALERT: umooofov0hbdbg4og58o19nu18 [] []
[2024-12-24T03:19:24.934642+00:00] application.ALERT: umooofov0hbdbg4og58o19nu18 [] []
[2024-12-24T03:19:24.941642+00:00] application.ERROR: Попытка доступа к методуactionDeleteuserform [] []
[2024-12-24T03:19:29.745917+00:00] application.ALERT: umooofov0hbdbg4og58o19nu18 [] []
[2024-12-24T03:19:33.284119+00:00] application.ALERT: umooofov0hbdbg4og58o19nu18 [] []
[2024-12-24T03:19:34.707201+00:00] application.ALERT: umooofov0hbdbg4og58o19nu18 [] []
[2024-12-24T03:19:36.122282+00:00] application.ALERT: umooofov0hbdbg4og58o19nu18 [] []
[2024-12-24T03:19:36.128282+00:00] application.ERROR: Попытка доступа к методуactionSignoff [] []
[2024-12-24T03:20:12.719375+00:00] application.ALERT: umooofov0hbdbg4og58o19nu18 [] []
[2024-12-24T03:20:14.602482+00:00] application.ALERT: umooofov0hbdbg4og58o19nu18 [] []
[2024-12-24T03:20:14.610483+00:00] application.ERROR: Попытка доступа к методуactionSignoff [] []
[2024-12-24T03:21:14.190891+00:00] application.ALERT: umooofov0hbdbg4og58o19nu18 [] []
[2024-12-24T03:21:16.811041+00:00] application.ALERT: umooofov0hbdbg4og58o19nu18 [] []
[2024-12-24T03:21:18.760152+00:00] application.ALERT: umooofov0hbdbg4og58o19nu18 [] []
[2024-12-24T03:21:53.237124+00:00] application.ALERT: umooofov0hbdbg4og58o19nu18 [] []
[2024-12-24T03:21:57.010340+00:00] application.ALERT: umooofov0hbdbg4og58o19nu18 [] []
[2024-12-24T03:21:59.137462+00:00] application.ALERT: umooofov0hbdbg4og58o19nu18 [] []
[2024-12-24T03:22:02.435650+00:00] application.ALERT: umooofov0hbdbg4og58o19nu18 [] []
[2024-12-24T03:22:02.442651+00:00] application.ERROR: Попытка доступа к методуactionUpdateuserform [] []
[2024-12-24T03:22:33.165408+00:00] application.ALERT: umooofov0hbdbg4og58o19nu18 [] []
[2024-12-24T03:22:35.337532+00:00] application.ALERT: umooofov0hbdbg4og58o19nu18 [] []
[2024-12-24T03:22:38.184695+00:00] application.ALERT: umooofov0hbdbg4og58o19nu18 [] []
[2024-12-24T03:22:38.192695+00:00] application.ERROR: Попытка доступа к методуactionDeleteuserform [] []
[2024-12-24T03:22:46.901193+00:00] application.ALERT: umooofov0hbdbg4og58o19nu18 [] []
[2024-12-24T03:22:49.579347+00:00] application.ALERT: umooofov0hbdbg4og58o19nu18 [] []
[2024-12-24T03:22:51.266443+00:00] application.ALERT: umooofov0hbdbg4og58o19nu18 [] []
[2024-12-24T03:22:51.276444+00:00] application.ERROR: Попытка доступа к методуactionDeleteuserform [] []
[2024-12-24T03:23:23.512287+00:00] application.ALERT: umooofov0hbdbg4og58o19nu18 [] []
[2024-12-24T03:23:24.983372+00:00] application.ALERT: umooofov0hbdbg4og58o19nu18 [] []
[2024-12-24T03:23:26.201441+00:00] application.ALERT: umooofov0hbdbg4og58o19nu18 [] []
[2024-12-24T03:23:27.796533+00:00] application.ALERT: umooofov0hbdbg4og58o19nu18 [] []
[2024-12-24T03:23:29.362622+00:00] application.ALERT: umooofov0hbdbg4og58o19nu18 [] []
[2024-12-24T03:23:30.821706+00:00] application.ALERT: umooofov0hbdbg4og58o19nu18 [] []
[2024-12-24T03:23:32.469800+00:00] application.ALERT: umooofov0hbdbg4og58o19nu18 [] []
[2024-12-24T03:23:34.338907+00:00] application.ALERT: umooofov0hbdbg4og58o19nu18 [] []
[2024-12-24T03:23:38.620152+00:00] application.ALERT: umooofov0hbdbg4og58o19nu18 [] []
[2024-12-24T03:23:38.744159+00:00] application.NOTICE: Пользователь Максим123 Андросик изменил данные регистрации [] []
[2024-12-24T03:23:43.159411+00:00] application.ALERT: umooofov0hbdbg4og58o19nu18 [] []
[2024-12-24T03:23:46.383596+00:00] application.ALERT: umooofov0hbdbg4og58o19nu18 [] []
[2024-12-24T03:23:50.020804+00:00] application.ALERT: umooofov0hbdbg4og58o19nu18 [] []
[2024-12-24T03:23:52.269932+00:00] application.ALERT: umooofov0hbdbg4og58o19nu18 [] []
[2024-12-24T03:23:52.278933+00:00] application.ERROR: Попытка доступа к методуactionSignoff [] []
[2024-12-24T03:25:04.107041+00:00] application.ALERT: umooofov0hbdbg4og58o19nu18 [] []
[2024-12-24T03:25:05.846141+00:00] application.ALERT: umooofov0hbdbg4og58o19nu18 [] []
[2024-12-24T03:25:05.933146+00:00] application.ALERT: umooofov0hbdbg4og58o19nu18 [] []
[2024-12-24T03:25:05.937146+00:00] application.ERROR: Попытка доступа к методуactionIndex [] []
[2024-12-24T03:25:14.165617+00:00] application.ALERT: umooofov0hbdbg4og58o19nu18 [] []
[2024-12-24T03:25:14.177617+00:00] application.ERROR: Попытка доступа к методуactionIndex [] []
[2024-12-24T03:25:20.025952+00:00] application.ALERT: umooofov0hbdbg4og58o19nu18 [] []
[2024-12-24T03:25:20.028952+00:00] application.ERROR: Попытка доступа к методуactionIndex [] []
[2024-12-24T03:25:32.934690+00:00] application.ALERT: umooofov0hbdbg4og58o19nu18 [] []
[2024-12-24T03:25:35.064812+00:00] application.ALERT: umooofov0hbdbg4og58o19nu18 [] []
[2024-12-24T03:25:43.348286+00:00] application.ALERT: umooofov0hbdbg4og58o19nu18 [] []
[2024-12-24T03:26:24.942665+00:00] application.ALERT: umooofov0hbdbg4og58o19nu18 [] []
[2024-12-24T03:26:24.959666+00:00] application.ERROR: Попытка доступа к методуactionUpdateuserform [] []
[2024-12-24T03:26:30.180964+00:00] application.ALERT: umooofov0hbdbg4og58o19nu18 [] []
[2024-12-24T03:27:37.499815+00:00] application.ALERT: umooofov0hbdbg4og58o19nu18 [] []
[2024-12-24T03:27:44.550218+00:00] application.ALERT: umooofov0hbdbg4og58o19nu18 [] []
[2024-12-24T03:27:51.434612+00:00] application.ALERT: umooofov0hbdbg4og58o19nu18 [] []
[2024-12-24T03:27:51.439612+00:00] application.ERROR: Попытка доступа к методуactionUpdateuserform [] []
[2024-12-24T03:28:00.062105+00:00] application.ALERT: umooofov0hbdbg4og58o19nu18 [] []
[2024-12-24T03:28:00.070106+00:00] application.ERROR: Попытка доступа к методуactionUpdate [] []
[2024-12-24T03:28:33.959044+00:00] application.ALERT: umooofov0hbdbg4og58o19nu18 [] []
[2024-12-24T03:28:33.966044+00:00] application.ERROR: Попытка доступа к методуactionRegistrationform [] []
[2024-12-24T03:29:00.417557+00:00] application.ALERT: umooofov0hbdbg4og58o19nu18 [] []
[2024-12-24T03:29:34.991535+00:00] application.ALERT: umooofov0hbdbg4og58o19nu18 [] []
[2024-12-24T03:29:34.999535+00:00] application.INFO: Запрос хеша пароля [] []
[2024-12-24T03:29:35.308553+00:00] application.NOTICE: Зарегистрирован новый пользователь Денис Денисов [] []
[2024-12-24T03:29:35.532566+00:00] application.NOTICE: Аутентификация пользователя Денис Денисов [] []
[2024-12-24T03:29:47.492250+00:00] application.ALERT: umooofov0hbdbg4og58o19nu18 [] []
[2024-12-24T03:29:49.417360+00:00] application.ALERT: umooofov0hbdbg4og58o19nu18 [] []
[2024-12-24T03:29:51.493479+00:00] application.ALERT: umooofov0hbdbg4og58o19nu18 [] []
[2024-12-24T03:29:53.626601+00:00] application.ALERT: umooofov0hbdbg4og58o19nu18 [] []
[2024-12-24T03:29:55.697719+00:00] application.ALERT: umooofov0hbdbg4og58o19nu18 [] []
[2024-12-24T03:29:57.575827+00:00] application.ALERT: umooofov0hbdbg4og58o19nu18 [] []
[2024-12-24T03:34:21.248908+00:00] application.ALERT: umooofov0hbdbg4og58o19nu18 [] []
[2024-12-24T03:34:38.279882+00:00] application.ALERT: umooofov0hbdbg4og58o19nu18 [] []
[2024-12-24T03:34:40.430005+00:00] application.ALERT: umooofov0hbdbg4og58o19nu18 [] []
[2024-12-24T03:34:40.738023+00:00] application.ALERT: umooofov0hbdbg4og58o19nu18 [] []
[2024-12-24T03:34:43.245166+00:00] application.ALERT: umooofov0hbdbg4og58o19nu18 [] []
[2024-12-24T03:34:45.279282+00:00] application.ALERT: umooofov0hbdbg4og58o19nu18 [] []
[2024-12-24T03:35:25.884605+00:00] application.ALERT: umooofov0hbdbg4og58o19nu18 [] []
[2024-12-24T03:35:25.892605+00:00] application.INFO: Запрос хеша пароля [] []
[2024-12-24T03:35:26.122618+00:00] application.NOTICE: Зарегистрирован новый пользователь Петр Петров [] []
[2024-12-24T03:35:26.433636+00:00] application.NOTICE: Аутентификация пользователя Петр Петров [] []
[2024-12-24T03:35:31.793943+00:00] application.ALERT: umooofov0hbdbg4og58o19nu18 [] []
[2024-12-24T03:35:33.560044+00:00] application.ALERT: umooofov0hbdbg4og58o19nu18 [] []
[2024-12-24T03:35:35.316144+00:00] application.ALERT: umooofov0hbdbg4og58o19nu18 [] []
[2024-12-24T03:35:51.566074+00:00] application.ALERT: umooofov0hbdbg4og58o19nu18 [] []
[2024-12-24T03:35:54.931266+00:00] application.ALERT: umooofov0hbdbg4og58o19nu18 [] []
[2024-12-24T03:35:57.704425+00:00] application.ALERT: umooofov0hbdbg4og58o19nu18 [] []
[2024-12-24T03:36:00.174566+00:00] application.ALERT: umooofov0hbdbg4og58o19nu18 [] []
[2024-12-24T03:36:59.915983+00:00] application.ALERT: umooofov0hbdbg4og58o19nu18 [] []
[2024-12-24T03:37:01.669083+00:00] application.ALERT: umooofov0hbdbg4og58o19nu18 [] []
[2024-12-24T03:37:01.679084+00:00] application.ERROR: Попытка доступа к методуactionUpdateuserform [] []
[2024-12-24T03:40:14.571117+00:00] application.ALERT: umooofov0hbdbg4og58o19nu18 [] []
[2024-12-24T03:40:16.571231+00:00] application.ALERT: umooofov0hbdbg4og58o19nu18 [] []
[2024-12-24T03:40:20.162437+00:00] application.ALERT: umooofov0hbdbg4og58o19nu18 [] []
[2024-12-24T03:40:23.472626+00:00] application.ALERT: umooofov0hbdbg4og58o19nu18 [] []
[2024-12-24T03:40:25.588747+00:00] application.ALERT: umooofov0hbdbg4og58o19nu18 [] []
[2024-12-24T03:40:28.953939+00:00] application.ALERT: umooofov0hbdbg4og58o19nu18 [] []
[2024-12-24T03:40:36.274358+00:00] application.ALERT: umooofov0hbdbg4og58o19nu18 [] []
[2024-12-24T03:40:41.813675+00:00] application.ALERT: umooofov0hbdbg4og58o19nu18 [] []
[2024-12-24T03:40:41.855677+00:00] application.NOTICE: Пользователь Максим Андросик изменил данные регистрации [] []
[2024-12-24T03:41:06.220071+00:00] application.ALERT: umooofov0hbdbg4og58o19nu18 [] []
[2024-12-24T03:43:19.075670+00:00] application.ALERT: umooofov0hbdbg4og58o19nu18 [] []
[2024-12-24T03:43:21.251794+00:00] application.ALERT: umooofov0hbdbg4og58o19nu18 [] []
[2024-12-24T03:43:22.746880+00:00] application.ALERT: umooofov0hbdbg4og58o19nu18 [] []
[2024-12-24T03:43:24.559983+00:00] application.ALERT: umooofov0hbdbg4og58o19nu18 [] []
[2024-12-24T03:43:25.887059+00:00] application.ALERT: umooofov0hbdbg4og58o19nu18 [] []
[2024-12-24T03:43:27.809169+00:00] application.ALERT: umooofov0hbdbg4og58o19nu18 [] []
[2024-12-24T03:44:52.416009+00:00] application.ALERT: umooofov0hbdbg4og58o19nu18 [] []
[2024-12-24T03:44:52.514014+00:00] application.ALERT: umooofov0hbdbg4og58o19nu18 [] []
[2024-12-24T03:44:55.067160+00:00] application.ALERT: umooofov0hbdbg4og58o19nu18 [] []
[2024-12-24T03:44:55.074161+00:00] application.ERROR: Попытка доступа к методуactionSigninform [] []
[2024-12-24T03:45:17.773459+00:00] application.ALERT: umooofov0hbdbg4og58o19nu18 [] []
[2024-12-24T03:45:35.444470+00:00] application.ALERT: umooofov0hbdbg4og58o19nu18 [] []
[2024-12-24T03:45:35.645481+00:00] application.NOTICE: Аутентификация пользователя Петр Петров [] []
[2024-12-24T03:45:35.767488+00:00] application.ALERT: umooofov0hbdbg4og58o19nu18 [] []
[2024-12-24T03:45:41.598822+00:00] application.ALERT: umooofov0hbdbg4og58o19nu18 [] []
[2024-12-24T03:45:43.086907+00:00] application.ALERT: umooofov0hbdbg4og58o19nu18 [] []
[2024-12-24T03:45:44.697999+00:00] application.ALERT: umooofov0hbdbg4og58o19nu18 [] []
[2024-12-24T03:45:46.118080+00:00] application.ALERT: umooofov0hbdbg4og58o19nu18 [] []
[2024-12-24T03:45:48.690227+00:00] application.ALERT: umooofov0hbdbg4og58o19nu18 [] []
[2024-12-24T03:45:50.983358+00:00] application.ALERT: umooofov0hbdbg4og58o19nu18 [] []
[2024-12-24T03:45:54.821578+00:00] application.ALERT: umooofov0hbdbg4og58o19nu18 [] []
[2024-12-24T03:45:54.870581+00:00] application.NOTICE: Пользователь Денис123 Денисов изменил данные регистрации [] []
[2024-12-24T03:45:58.417784+00:00] application.ALERT: umooofov0hbdbg4og58o19nu18 [] []
[2024-12-24T03:46:15.970788+00:00] application.ALERT: umooofov0hbdbg4og58o19nu18 [] []
[2024-12-24T03:46:16.070793+00:00] application.ALERT: umooofov0hbdbg4og58o19nu18 [] []
[2024-12-24T03:46:18.173914+00:00] application.ALERT: umooofov0hbdbg4og58o19nu18 [] []
[2024-12-24T03:46:25.714345+00:00] application.ALERT: umooofov0hbdbg4og58o19nu18 [] []
[2024-12-24T03:46:25.845352+00:00] application.NOTICE: Аутентификация пользователя Петр Петров [] []
[2024-12-24T03:46:25.945358+00:00] application.ALERT: umooofov0hbdbg4og58o19nu18 [] []
[2024-12-24T03:46:29.096538+00:00] application.ALERT: umooofov0hbdbg4og58o19nu18 [] []
[2024-12-24T03:49:22.276444+00:00] application.ALERT: umooofov0hbdbg4og58o19nu18 [] []
[2024-12-24T03:49:22.365449+00:00] application.ALERT: umooofov0hbdbg4og58o19nu18 [] []
[2024-12-24T03:49:24.402565+00:00] application.ALERT: umooofov0hbdbg4og58o19nu18 [] []
[2024-12-24T03:49:33.678096+00:00] application.ALERT: umooofov0hbdbg4og58o19nu18 [] []
[2024-12-24T03:49:34.556146+00:00] application.ALERT: umooofov0hbdbg4og58o19nu18 [] []
[2024-12-24T03:49:46.806847+00:00] application.ALERT: umooofov0hbdbg4og58o19nu18 [] []
[2024-12-24T03:49:55.936369+00:00] application.ALERT: umooofov0hbdbg4og58o19nu18 [] []
[2024-12-24T03:49:55.943369+00:00] application.ERROR: Попытка доступа к методуactionUpdateuserform [] []
[2024-12-24T03:50:04.013831+00:00] application.ALERT: umooofov0hbdbg4og58o19nu18 [] []
[2024-12-24T03:50:04.021831+00:00] application.ERROR: Попытка доступа к методуactionUpdate [] []
[2024-12-24T03:55:42.637199+00:00] application.ALERT: umooofov0hbdbg4og58o19nu18 [] []
[2024-12-24T03:55:45.055337+00:00] application.ALERT: umooofov0hbdbg4og58o19nu18 [] []
[2024-12-24T03:55:51.668716+00:00] application.ALERT: umooofov0hbdbg4og58o19nu18 [] []
[2024-12-24T03:55:51.836725+00:00] application.NOTICE: Аутентификация пользователя Петр Петров [] []
[2024-12-24T03:55:51.961732+00:00] application.ALERT: umooofov0hbdbg4og58o19nu18 [] []
[2024-12-24T03:55:54.345869+00:00] application.ALERT: umooofov0hbdbg4og58o19nu18 [] []
[2024-12-24T03:55:55.537937+00:00] application.ALERT: umooofov0hbdbg4og58o19nu18 [] []
[2024-12-24T03:55:57.042023+00:00] application.ALERT: umooofov0hbdbg4og58o19nu18 [] []
[2024-12-24T03:55:58.625114+00:00] application.ALERT: umooofov0hbdbg4og58o19nu18 [] []
[2024-12-24T03:56:00.493220+00:00] application.ALERT: umooofov0hbdbg4og58o19nu18 [] []
[2024-12-24T03:56:01.773294+00:00] application.ALERT: umooofov0hbdbg4og58o19nu18 [] []
[2024-12-24T03:59:44.841052+00:00] application.ALERT: umooofov0hbdbg4og58o19nu18 [] []
[2024-12-24T03:59:46.381140+00:00] application.ALERT: umooofov0hbdbg4og58o19nu18 [] []
[2024-12-24T03:59:48.276249+00:00] application.ALERT: umooofov0hbdbg4og58o19nu18 [] []
[2024-12-24T04:00:10.676530+00:00] application.ALERT: umooofov0hbdbg4og58o19nu18 [] []
[2024-12-24T04:00:12.041608+00:00] application.ALERT: umooofov0hbdbg4og58o19nu18 [] []
[2024-12-24T04:00:41.188275+00:00] application.ALERT: umooofov0hbdbg4og58o19nu18 [] []
[2024-12-24T04:00:41.232278+00:00] application.NOTICE: Пользователь Петр123 Петров изменил данные регистрации [] []
[2024-12-24T04:00:59.527324+00:00] application.ALERT: umooofov0hbdbg4og58o19nu18 [] []
[2024-12-24T04:01:00.944405+00:00] application.ALERT: umooofov0hbdbg4og58o19nu18 [] []
[2024-12-24T04:01:05.919690+00:00] application.ALERT: umooofov0hbdbg4og58o19nu18 [] []
[2024-12-24T04:01:07.981808+00:00] application.ALERT: umooofov0hbdbg4og58o19nu18 [] []
[2024-12-24T04:01:27.627931+00:00] application.ALERT: umooofov0hbdbg4og58o19nu18 [] []
[2024-12-24T04:01:29.303027+00:00] application.ALERT: umooofov0hbdbg4og58o19nu18 [] []
[2024-12-24T04:01:31.427149+00:00] application.ALERT: umooofov0hbdbg4og58o19nu18 [] []
[2024-12-24T04:01:37.806514+00:00] application.ALERT: umooofov0hbdbg4og58o19nu18 [] []
[2024-12-24T04:01:39.396605+00:00] application.ALERT: umooofov0hbdbg4og58o19nu18 [] []
[2024-12-24T04:01:55.821544+00:00] application.ALERT: umooofov0hbdbg4og58o19nu18 [] []
[2024-12-24T04:01:57.345631+00:00] application.ALERT: umooofov0hbdbg4og58o19nu18 [] []
[2024-12-24T04:01:57.485639+00:00] application.ALERT: umooofov0hbdbg4og58o19nu18 [] []
[2024-12-24T04:02:06.950181+00:00] application.ALERT: umooofov0hbdbg4og58o19nu18 [] []
[2024-12-24T04:02:09.282314+00:00] application.ALERT: umooofov0hbdbg4og58o19nu18 [] []
[2024-12-24T04:02:11.080417+00:00] application.ALERT: umooofov0hbdbg4og58o19nu18 [] []
[2024-12-24T04:02:23.070103+00:00] application.ALERT: umooofov0hbdbg4og58o19nu18 [] []
[2024-12-24T04:02:23.332118+00:00] application.ALERT: umooofov0hbdbg4og58o19nu18 [] []
[2024-12-24T04:02:27.505356+00:00] application.ALERT: umooofov0hbdbg4og58o19nu18 [] []
[2024-12-24T04:02:30.460525+00:00] application.ALERT: umooofov0hbdbg4og58o19nu18 [] []
[2024-12-24T04:02:35.830832+00:00] application.ALERT: umooofov0hbdbg4og58o19nu18 [] []
[2024-12-24T04:03:12.271917+00:00] application.ALERT: umooofov0hbdbg4og58o19nu18 [] []
[2024-12-24T04:03:14.427040+00:00] application.ALERT: umooofov0hbdbg4og58o19nu18 [] []
[2024-12-24T04:03:37.024332+00:00] application.ALERT: umooofov0hbdbg4og58o19nu18 [] []
[2024-12-24T04:03:45.567821+00:00] application.ALERT: umooofov0hbdbg4og58o19nu18 [] []
[2024-12-24T04:03:55.245375+00:00] application.ALERT: umooofov0hbdbg4og58o19nu18 [] []
[2024-12-24T04:04:02.034763+00:00] application.ALERT: umooofov0hbdbg4og58o19nu18 [] []
[2024-12-24T04:04:25.494105+00:00] application.ALERT: umooofov0hbdbg4og58o19nu18 [] []
[2024-12-24T04:05:35.512110+00:00] application.ALERT: umooofov0hbdbg4og58o19nu18 [] []
[2024-12-24T04:05:40.357387+00:00] application.ALERT: umooofov0hbdbg4og58o19nu18 [] []
[2024-12-24T04:06:17.977538+00:00] application.ALERT: umooofov0hbdbg4og58o19nu18 [] []
[2024-12-24T04:06:17.989539+00:00] application.INFO: Запрос хеша пароля [] []
[2024-12-24T04:06:18.250554+00:00] application.NOTICE: Зарегистрирован новый пользователь Петр Петров [] []
[2024-12-24T04:06:18.445565+00:00] application.NOTICE: Аутентификация пользователя Петр Петров [] []
[2024-12-24T04:06:22.949823+00:00] application.ALERT: umooofov0hbdbg4og58o19nu18 [] []
[2024-12-24T04:06:26.162007+00:00] application.ALERT: umooofov0hbdbg4og58o19nu18 [] []
[2024-12-24T04:06:34.680494+00:00] application.ALERT: umooofov0hbdbg4og58o19nu18 [] []
[2024-12-24T04:06:36.685609+00:00] application.ALERT: umooofov0hbdbg4og58o19nu18 [] []
[2024-12-24T04:09:24.561210+00:00] application.ALERT: umooofov0hbdbg4og58o19nu18 [] []
[2024-12-24T04:09:24.656216+00:00] application.ALERT: umooofov0hbdbg4og58o19nu18 [] []
[2024-12-24T04:09:43.801311+00:00] application.ALERT: umooofov0hbdbg4og58o19nu18 [] []
[2024-12-24T04:09:46.274452+00:00] application.ALERT: umooofov0hbdbg4og58o19nu18 [] []
[2024-12-24T04:09:52.406803+00:00] application.ALERT: umooofov0hbdbg4og58o19nu18 [] []
[2024-12-24T04:10:24.883661+00:00] application.ALERT: umooofov0hbdbg4og58o19nu18 [] []
[2024-12-24T04:10:24.892661+00:00] application.INFO: Запрос хеша пароля [] []
[2024-12-24T04:10:25.113674+00:00] application.NOTICE: Зарегистрирован новый пользователь Василий Васильев [] []
[2024-12-24T04:10:25.256682+00:00] application.NOTICE: Аутентификация пользователя Василий Васильев [] []
[2024-12-24T04:10:32.635104+00:00] application.ALERT: umooofov0hbdbg4og58o19nu18 [] []
[2024-12-24T04:10:35.063243+00:00] application.ALERT: umooofov0hbdbg4og58o19nu18 [] []
[2024-12-24T04:10:37.154363+00:00] application.ALERT: umooofov0hbdbg4og58o19nu18 [] []
[2024-12-24T04:10:38.558443+00:00] application.ALERT: umooofov0hbdbg4og58o19nu18 [] []
[2024-12-24T04:11:16.971640+00:00] application.ALERT: umooofov0hbdbg4og58o19nu18 [] []
[2024-12-24T04:11:18.434724+00:00] application.ALERT: umooofov0hbdbg4og58o19nu18 [] []
[2024-12-24T04:11:24.362063+00:00] application.ALERT: umooofov0hbdbg4og58o19nu18 [] []
[2024-12-24T04:11:28.825318+00:00] application.ALERT: umooofov0hbdbg4og58o19nu18 [] []
[2024-12-24T04:11:28.910323+00:00] application.NOTICE: Пользователь Денис Денисов изменил данные регистрации [] []
[2024-12-24T04:11:33.472584+00:00] application.ALERT: umooofov0hbdbg4og58o19nu18 [] []
[2024-12-24T04:11:54.033760+00:00] application.ALERT: umooofov0hbdbg4og58o19nu18 [] []
[2024-12-24T04:11:55.509844+00:00] application.ALERT: umooofov0hbdbg4og58o19nu18 [] []
[2024-12-24T04:11:59.161053+00:00] application.ALERT: umooofov0hbdbg4og58o19nu18 [] []
[2024-12-24T04:11:59.328063+00:00] application.ALERT: umooofov0hbdbg4og58o19nu18 [] []
[2024-12-24T04:56:43.664636+00:00] application.ALERT: umooofov0hbdbg4og58o19nu18 [] []
[2024-12-24T05:19:10.453668+00:00] application.ALERT: umooofov0hbdbg4og58o19nu18 [] []
[2024-12-24T05:20:05.489815+00:00] application.ALERT: umooofov0hbdbg4og58o19nu18 [] []
[2024-12-24T05:20:07.838950+00:00] application.ALERT: umooofov0hbdbg4og58o19nu18 [] []
[2024-12-24T05:24:08.334705+00:00] application.ALERT: umooofov0hbdbg4og58o19nu18 [] []
[2024-12-24T05:24:11.709898+00:00] application.ALERT: umooofov0hbdbg4og58o19nu18 [] []
[2024-12-24T05:24:13.155981+00:00] application.ALERT: umooofov0hbdbg4og58o19nu18 [] []
[2024-12-24T05:24:19.044318+00:00] application.ALERT: umooofov0hbdbg4og58o19nu18 [] []
[2024-12-24T05:24:20.808419+00:00] application.ALERT: umooofov0hbdbg4og58o19nu18 [] []
[2024-12-24T05:25:21.024863+00:00] application.ALERT: umooofov0hbdbg4og58o19nu18 [] []
[2024-12-24T05:25:22.734961+00:00] application.ALERT: umooofov0hbdbg4og58o19nu18 [] []
[2024-12-24T05:25:24.215045+00:00] application.ALERT: umooofov0hbdbg4og58o19nu18 [] []
[2024-12-24T05:25:29.622355+00:00] application.ALERT: umooofov0hbdbg4og58o19nu18 [] []
[2024-12-24T05:25:57.800966+00:00] application.ALERT: umooofov0hbdbg4og58o19nu18 [] []
[2024-12-24T05:25:57.808967+00:00] application.ERROR: Попытка доступа к методуactionIndex [] []
[2024-12-24T05:25:59.297052+00:00] application.ALERT: umooofov0hbdbg4og58o19nu18 [] []
[2024-12-24T05:25:59.309053+00:00] application.ERROR: Попытка доступа к методуactionIndex [] []
[2024-12-24T05:26:00.851141+00:00] application.ALERT: umooofov0hbdbg4og58o19nu18 [] []
[2024-12-24T05:26:00.857141+00:00] application.ERROR: Попытка доступа к методуactionIndex [] []
[2024-12-24T05:26:02.250221+00:00] application.ALERT: umooofov0hbdbg4og58o19nu18 [] []
[2024-12-24T05:26:02.256221+00:00] application.ERROR: Попытка доступа к методуactionIndex [] []
[2024-12-24T05:26:08.751593+00:00] application.ALERT: umooofov0hbdbg4og58o19nu18 [] []
[2024-12-24T05:26:08.757593+00:00] application.ERROR: Попытка доступа к методуactionIndex [] []
[2024-12-24T05:26:13.251850+00:00] application.ALERT: umooofov0hbdbg4og58o19nu18 [] []
[2024-12-24T05:26:13.256851+00:00] application.ERROR: Попытка доступа к методуactionIndex [] []
[2024-12-24T05:26:39.281339+00:00] application.ALERT: umooofov0hbdbg4og58o19nu18 [] []
[2024-12-24T05:26:43.179562+00:00] application.ALERT: umooofov0hbdbg4og58o19nu18 [] []
[2024-12-24T05:26:43.182562+00:00] application.ERROR: Попытка доступа к методуactionUpdateuserform [] []
[2024-12-24T05:26:44.505638+00:00] application.ALERT: umooofov0hbdbg4og58o19nu18 [] []
[2024-12-24T05:26:44.510638+00:00] application.ERROR: Попытка доступа к методуactionUpdateuserform [] []
[2024-12-24T05:26:52.011067+00:00] application.ALERT: umooofov0hbdbg4og58o19nu18 [] []
[2024-12-24T05:26:52.017067+00:00] application.ERROR: Попытка доступа к методуactionUpdate [] []
[2024-12-24T05:26:59.239481+00:00] application.ALERT: umooofov0hbdbg4og58o19nu18 [] []
[2024-12-24T05:26:59.244481+00:00] application.ERROR: Попытка доступа к методуactionDeleteuserform [] []
[2024-12-24T05:27:05.010811+00:00] application.ALERT: umooofov0hbdbg4og58o19nu18 [] []
[2024-12-24T05:27:05.017811+00:00] application.ERROR: Попытка доступа к методуactionDelete [] []
[2024-12-24T05:27:17.064500+00:00] application.ALERT: umooofov0hbdbg4og58o19nu18 [] []
[2024-12-24T05:28:19.586076+00:00] application.ALERT: umooofov0hbdbg4og58o19nu18 [] []
[2024-12-24T05:28:19.595077+00:00] application.ERROR: Попытка доступа к методуactionIndex [] []
[2024-12-24T05:29:19.972530+00:00] application.ALERT: umooofov0hbdbg4og58o19nu18 [] []
[2024-12-24T05:29:23.738745+00:00] application.ALERT: umooofov0hbdbg4og58o19nu18 [] []
[2024-12-24T05:29:27.783977+00:00] application.ALERT: umooofov0hbdbg4og58o19nu18 [] []
[2024-12-24T05:29:29.149055+00:00] application.ALERT: umooofov0hbdbg4og58o19nu18 [] []
[2024-12-24T05:30:26.747349+00:00] application.ALERT: umooofov0hbdbg4og58o19nu18 [] []
[2024-12-24T05:30:55.727007+00:00] application.ALERT: umooofov0hbdbg4og58o19nu18 [] []
[2024-12-24T05:30:57.444105+00:00] application.ALERT: umooofov0hbdbg4og58o19nu18 [] []
[2024-12-24T05:31:03.667461+00:00] application.ALERT: umooofov0hbdbg4og58o19nu18 [] []
[2024-12-24T05:31:09.110772+00:00] application.ALERT: umooofov0hbdbg4og58o19nu18 [] []
[2024-12-24T05:31:09.117773+00:00] application.ERROR: Попытка доступа к методуactionUpdateuserform [] []
[2024-12-24T05:31:14.268067+00:00] application.ALERT: umooofov0hbdbg4og58o19nu18 [] []
[2024-12-24T05:31:14.276068+00:00] application.ERROR: Попытка доступа к методуactionUpdate [] []
[2024-12-24T05:31:21.129460+00:00] application.ALERT: umooofov0hbdbg4og58o19nu18 [] []
[2024-12-24T05:31:21.135460+00:00] application.ERROR: Попытка доступа к методуactionDeleteuserform [] []
[2024-12-24T05:31:24.950678+00:00] application.ALERT: umooofov0hbdbg4og58o19nu18 [] []
[2024-12-24T05:31:24.958679+00:00] application.ERROR: Попытка доступа к методуactionDelete [] []
[2024-12-24T05:31:29.146918+00:00] application.ALERT: umooofov0hbdbg4og58o19nu18 [] []
[2024-12-24T05:32:10.094260+00:00] application.ALERT: umooofov0hbdbg4og58o19nu18 [] []
[2024-12-24T05:32:10.104261+00:00] application.INFO: Запрос хеша пароля [] []
[2024-12-24T05:32:10.312273+00:00] application.NOTICE: Зарегистрирован новый пользователь Василий Васильев [] []
[2024-12-24T05:32:10.493283+00:00] application.NOTICE: Аутентификация пользователя Василий Васильев [] []
[2024-12-24T05:32:19.609805+00:00] application.ALERT: umooofov0hbdbg4og58o19nu18 [] []
[2024-12-24T05:32:21.501913+00:00] application.ALERT: umooofov0hbdbg4og58o19nu18 [] []
[2024-12-24T05:32:23.259013+00:00] application.ALERT: umooofov0hbdbg4og58o19nu18 [] []
[2024-12-24T05:32:35.669723+00:00] application.ALERT: umooofov0hbdbg4og58o19nu18 [] []
[2024-12-24T05:32:45.517287+00:00] application.ALERT: umooofov0hbdbg4og58o19nu18 [] []
[2024-12-24T05:34:35.723590+00:00] application.ALERT: umooofov0hbdbg4og58o19nu18 [] []
[2024-12-24T05:34:37.231676+00:00] application.ALERT: umooofov0hbdbg4og58o19nu18 [] []
[2024-12-24T05:34:38.958775+00:00] application.ALERT: umooofov0hbdbg4og58o19nu18 [] []
[2024-12-24T05:34:46.950232+00:00] application.ALERT: umooofov0hbdbg4og58o19nu18 [] []
[2024-12-24T05:34:49.795395+00:00] application.ALERT: umooofov0hbdbg4og58o19nu18 [] []
[2024-12-24T05:36:09.246939+00:00] application.ALERT: umooofov0hbdbg4og58o19nu18 [] []
[2024-12-24T05:36:13.928207+00:00] application.ALERT: umooofov0hbdbg4og58o19nu18 [] []
[2024-12-24T05:36:27.261970+00:00] application.ALERT: umooofov0hbdbg4og58o19nu18 [] []
[2024-12-24T05:37:04.698111+00:00] application.ALERT: umooofov0hbdbg4og58o19nu18 [] []
[2024-12-24T05:37:09.654394+00:00] application.ALERT: umooofov0hbdbg4og58o19nu18 [] []
[2024-12-24T05:37:11.977527+00:00] application.ALERT: umooofov0hbdbg4og58o19nu18 [] []
[2024-12-24T05:38:26.135769+00:00] application.ALERT: umooofov0hbdbg4og58o19nu18 [] []
[2024-12-24T05:38:27.493846+00:00] application.ALERT: umooofov0hbdbg4og58o19nu18 [] []
[2024-12-24T05:38:28.822922+00:00] application.ALERT: umooofov0hbdbg4og58o19nu18 [] []
[2024-12-24T05:38:40.169571+00:00] application.ALERT: umooofov0hbdbg4og58o19nu18 [] []
[2024-12-24T05:38:44.799836+00:00] application.ALERT: umooofov0hbdbg4og58o19nu18 [] []
[2024-12-24T05:38:45.056851+00:00] application.ALERT: umooofov0hbdbg4og58o19nu18 [] []
[2024-12-24T05:39:08.606198+00:00] application.ALERT: umooofov0hbdbg4og58o19nu18 [] []
[2024-12-24T05:39:22.852013+00:00] application.ALERT: umooofov0hbdbg4og58o19nu18 [] []
[2024-12-24T05:39:22.856013+00:00] application.INFO: Запрос хеша пароля [] []
[2024-12-24T05:39:23.042024+00:00] application.NOTICE: Зарегистрирован новый пользователь Василий Васильев [] []
[2024-12-24T05:39:23.241035+00:00] application.NOTICE: Аутентификация пользователя Василий Васильев [] []
[2024-12-24T05:40:43.655634+00:00] application.ALERT: umooofov0hbdbg4og58o19nu18 [] []
[2024-12-24T05:40:43.729639+00:00] application.ALERT: umooofov0hbdbg4og58o19nu18 [] []
[2024-12-24T05:40:46.099774+00:00] application.ALERT: umooofov0hbdbg4og58o19nu18 [] []
[2024-12-24T05:40:52.294129+00:00] application.ALERT: umooofov0hbdbg4og58o19nu18 [] []
[2024-12-24T05:40:52.391134+00:00] application.NOTICE: Аутентификация пользователя Петр Петров [] []
[2024-12-24T05:40:52.461138+00:00] application.ALERT: umooofov0hbdbg4og58o19nu18 [] []
[2024-12-24T05:40:55.116290+00:00] application.ALERT: umooofov0hbdbg4og58o19nu18 [] []
[2024-12-24T05:40:56.866390+00:00] application.ALERT: umooofov0hbdbg4og58o19nu18 [] []
[2024-12-24T05:41:04.576831+00:00] application.ALERT: umooofov0hbdbg4og58o19nu18 [] []
[2024-12-24T05:41:07.907022+00:00] application.ALERT: umooofov0hbdbg4og58o19nu18 [] []
[2024-12-24T05:41:07.954024+00:00] application.NOTICE: Пользователь Денис123 Денисов изменил данные регистрации [] []
[2024-12-24T05:41:10.989198+00:00] application.ALERT: umooofov0hbdbg4og58o19nu18 [] []
[2024-12-24T05:41:11.173208+00:00] application.ALERT: umooofov0hbdbg4og58o19nu18 [] []
[2024-12-24T05:42:24.661412+00:00] application.ALERT: umooofov0hbdbg4og58o19nu18 [] []
[2024-12-24T05:42:40.468316+00:00] application.ALERT: umooofov0hbdbg4og58o19nu18 [] []
[2024-12-24T05:42:40.477316+00:00] application.INFO: Запрос хеша пароля [] []
[2024-12-24T05:42:40.721330+00:00] application.NOTICE: Зарегистрирован новый пользователь Петр Петров [] []
[2024-12-24T05:42:40.878339+00:00] application.NOTICE: Аутентификация пользователя Петр Петров [] []
[2024-12-24T05:42:43.505489+00:00] application.ALERT: umooofov0hbdbg4og58o19nu18 [] []
[2024-12-24T05:42:45.557607+00:00] application.ALERT: umooofov0hbdbg4og58o19nu18 [] []
[2024-12-24T05:42:48.726788+00:00] application.ALERT: umooofov0hbdbg4og58o19nu18 [] []
[2024-12-24T05:42:51.181929+00:00] application.ALERT: umooofov0hbdbg4og58o19nu18 [] []
[2024-12-24T05:42:51.390941+00:00] application.ALERT: umooofov0hbdbg4og58o19nu18 [] []
[2024-12-24T05:44:35.847915+00:00] application.ALERT: umooofov0hbdbg4og58o19nu18 [] []
[2024-12-24T05:44:39.044098+00:00] application.ALERT: umooofov0hbdbg4og58o19nu18 [] []
[2024-12-24T05:44:46.568528+00:00] application.ALERT: umooofov0hbdbg4og58o19nu18 [] []
[2024-12-24T05:44:46.577529+00:00] application.ERROR: Ошибка аутентификации пользователя petrov1985 [] []
[2024-12-24T05:44:56.838116+00:00] application.ALERT: umooofov0hbdbg4og58o19nu18 [] []
[2024-12-24T05:44:56.844116+00:00] application.ERROR: Ошибка аутентификации пользователя ivan1975 [] []
[2024-12-24T05:45:25.673765+00:00] application.ALERT: umooofov0hbdbg4og58o19nu18 [] []
[2024-12-24T05:45:25.827774+00:00] application.NOTICE: Аутентификация пользователя Василий Васильев [] []
[2024-12-24T05:45:25.907778+00:00] application.ALERT: umooofov0hbdbg4og58o19nu18 [] []
[2024-12-24T05:45:28.367919+00:00] application.ALERT: umooofov0hbdbg4og58o19nu18 [] []
[2024-12-24T05:45:30.206024+00:00] application.ALERT: umooofov0hbdbg4og58o19nu18 [] []
[2024-12-24T05:45:32.888178+00:00] application.ALERT: umooofov0hbdbg4og58o19nu18 [] []
[2024-12-24T05:45:34.473268+00:00] application.ALERT: umooofov0hbdbg4og58o19nu18 [] []
[2024-12-24T05:45:35.920351+00:00] application.ALERT: umooofov0hbdbg4og58o19nu18 [] []
[2024-12-24T05:45:38.706510+00:00] application.ALERT: umooofov0hbdbg4og58o19nu18 [] []
[2024-12-24T05:45:42.088704+00:00] application.ALERT: umooofov0hbdbg4og58o19nu18 [] []
[2024-12-24T05:45:43.993813+00:00] application.ALERT: umooofov0hbdbg4og58o19nu18 [] []
[2024-12-24T05:45:44.066817+00:00] application.ALERT: umooofov0hbdbg4og58o19nu18 [] []
[2024-12-24T11:10:33.806713+00:00] application.ALERT: umooofov0hbdbg4og58o19nu18 [] []
[2024-12-24T11:10:35.907834+00:00] application.ALERT: umooofov0hbdbg4og58o19nu18 [] []
[2024-12-24T11:10:37.632932+00:00] application.ALERT: umooofov0hbdbg4og58o19nu18 [] []
[2024-12-24T11:10:39.964066+00:00] application.ALERT: umooofov0hbdbg4og58o19nu18 [] []
[2024-12-24T11:10:48.668564+00:00] application.ALERT: umooofov0hbdbg4og58o19nu18 [] []
[2024-12-24T11:10:48.676564+00:00] application.ERROR: Ошибка аутентификации пользователя petrov1985 [] []
[2024-12-24T11:11:09.851775+00:00] application.ALERT: umooofov0hbdbg4og58o19nu18 [] []
[2024-12-24T11:11:10.024785+00:00] application.NOTICE: Аутентификация пользователя Василий Васильев [] []
[2024-12-24T11:11:10.097789+00:00] application.ALERT: umooofov0hbdbg4og58o19nu18 [] []
[2024-12-24T11:11:23.710568+00:00] application.ALERT: umooofov0hbdbg4og58o19nu18 [] []
[2024-12-24T11:11:25.804688+00:00] application.ALERT: umooofov0hbdbg4og58o19nu18 [] []
[2024-12-24T11:11:29.410894+00:00] application.ALERT: umooofov0hbdbg4og58o19nu18 [] []
[2024-12-24T11:11:31.504014+00:00] application.ALERT: umooofov0hbdbg4og58o19nu18 [] []
[2024-12-24T11:16:00.928424+00:00] application.ALERT: umooofov0hbdbg4og58o19nu18 [] []
[2024-12-24T11:16:00.983427+00:00] application.ALERT: umooofov0hbdbg4og58o19nu18 [] []
[2024-12-24T11:16:02.925538+00:00] application.ALERT: umooofov0hbdbg4og58o19nu18 [] []
[2024-12-24T11:16:12.420081+00:00] application.ALERT: umooofov0hbdbg4og58o19nu18 [] []
[2024-12-24T11:16:28.239986+00:00] application.ALERT: umooofov0hbdbg4og58o19nu18 [] []
[2024-12-24T11:16:28.362993+00:00] application.NOTICE: Аутентификация пользователя Василий Васильев [] []
[2024-12-24T11:16:28.486000+00:00] application.ALERT: umooofov0hbdbg4og58o19nu18 [] []
[2024-12-24T11:16:30.266102+00:00] application.ALERT: umooofov0hbdbg4og58o19nu18 [] []
[2024-12-24T11:16:47.633095+00:00] application.ALERT: umooofov0hbdbg4og58o19nu18 [] []
[2024-12-24T11:16:47.745102+00:00] application.NOTICE: Пользователь Василий123 Васильев изменил данные регистрации [] []
[2024-12-24T11:16:55.527547+00:00] application.ALERT: umooofov0hbdbg4og58o19nu18 [] []
[2024-12-24T11:17:00.487830+00:00] application.ALERT: umooofov0hbdbg4og58o19nu18 [] []
[2024-12-24T11:17:01.933913+00:00] application.ALERT: umooofov0hbdbg4og58o19nu18 [] []
[2024-12-24T11:17:36.556893+00:00] application.ALERT: umooofov0hbdbg4og58o19nu18 [] []
[2024-12-24T11:17:51.903771+00:00] application.ALERT: umooofov0hbdbg4og58o19nu18 [] []
[2024-12-24T11:18:22.492521+00:00] application.ALERT: umooofov0hbdbg4og58o19nu18 [] []
[2024-12-24T11:18:24.083612+00:00] application.ALERT: umooofov0hbdbg4og58o19nu18 [] []
[2024-12-24T11:20:43.812604+00:00] application.ALERT: umooofov0hbdbg4og58o19nu18 [] []
[2024-12-24T11:20:50.964013+00:00] application.ALERT: umooofov0hbdbg4og58o19nu18 [] []
[2024-12-24T11:21:31.363324+00:00] application.ALERT: umooofov0hbdbg4og58o19nu18 [] []
[2024-12-24T11:21:31.540334+00:00] application.ALERT: umooofov0hbdbg4og58o19nu18 [] []
[2024-12-24T11:21:40.977873+00:00] application.ALERT: umooofov0hbdbg4og58o19nu18 [] []
[2024-12-24T11:21:54.753661+00:00] application.ALERT: umooofov0hbdbg4og58o19nu18 [] []
[2024-12-24T11:21:54.760662+00:00] application.INFO: Запрос хеша пароля [] []
[2024-12-24T11:21:55.076680+00:00] application.NOTICE: Зарегистрирован новый пользователь Василий Васильев [] []
[2024-12-24T11:21:55.215688+00:00] application.NOTICE: Аутентификация пользователя Василий Васильев [] []
[2024-12-24T11:21:56.936786+00:00] application.ALERT: umooofov0hbdbg4og58o19nu18 [] []
[2024-12-24T11:21:57.008790+00:00] application.ALERT: umooofov0hbdbg4og58o19nu18 [] []
[2024-12-24T11:21:59.060908+00:00] application.ALERT: umooofov0hbdbg4og58o19nu18 [] []
[2024-12-24T11:22:16.354897+00:00] application.ALERT: umooofov0hbdbg4og58o19nu18 [] []
[2024-12-24T11:22:16.362897+00:00] application.INFO: Запрос хеша пароля [] []
[2024-12-24T11:22:16.533907+00:00] application.NOTICE: Зарегистрирован новый пользователь Петр Петров [] []
[2024-12-24T11:22:16.709917+00:00] application.NOTICE: Аутентификация пользователя Петр Петров [] []
[2024-12-24T11:22:18.654028+00:00] application.ALERT: umooofov0hbdbg4og58o19nu18 [] []
[2024-12-24T11:22:18.755034+00:00] application.ALERT: umooofov0hbdbg4og58o19nu18 [] []
[2024-12-24T11:22:21.282179+00:00] application.ALERT: umooofov0hbdbg4og58o19nu18 [] []
[2024-12-24T11:23:07.789839+00:00] application.ALERT: umooofov0hbdbg4og58o19nu18 [] []
[2024-12-24T11:23:07.798839+00:00] application.INFO: Запрос хеша пароля [] []
[2024-12-24T11:23:08.217863+00:00] application.NOTICE: Зарегистрирован новый пользователь Иван Иванов [] []
[2024-12-24T11:23:08.306868+00:00] application.NOTICE: Аутентификация пользователя Иван Иванов [] []
[2024-12-24T11:23:10.483993+00:00] application.ALERT: umooofov0hbdbg4og58o19nu18 [] []
[2024-12-24T11:23:11.972078+00:00] application.ALERT: umooofov0hbdbg4og58o19nu18 [] []
[2024-12-24T11:23:21.197606+00:00] application.ALERT: umooofov0hbdbg4og58o19nu18 [] []
[2024-12-24T11:23:58.349731+00:00] application.ALERT: umooofov0hbdbg4og58o19nu18 [] []
[2024-12-24T11:26:20.052836+00:00] application.ALERT: umooofov0hbdbg4og58o19nu18 [] []
[2024-12-24T11:26:29.161357+00:00] application.ALERT: umooofov0hbdbg4og58o19nu18 [] []
[2024-12-24T11:30:49.255233+00:00] application.ALERT: umooofov0hbdbg4og58o19nu18 [] []
[2024-12-24T11:30:49.316237+00:00] application.ALERT: umooofov0hbdbg4og58o19nu18 [] []
[2024-12-24T11:30:50.864325+00:00] application.ALERT: umooofov0hbdbg4og58o19nu18 [] []
[2024-12-24T11:30:57.550708+00:00] application.ALERT: umooofov0hbdbg4og58o19nu18 [] []
[2024-12-24T11:30:57.657714+00:00] application.NOTICE: Аутентификация пользователя Василий Васильев [] []
[2024-12-24T11:30:57.723718+00:00] application.ALERT: umooofov0hbdbg4og58o19nu18 [] []
[2024-12-24T11:31:22.299123+00:00] application.ALERT: umooofov0hbdbg4og58o19nu18 [] []
[2024-12-24T11:32:01.347357+00:00] application.ALERT: umooofov0hbdbg4og58o19nu18 [] []
[2024-12-24T11:32:02.675433+00:00] application.ALERT: umooofov0hbdbg4og58o19nu18 [] []
[2024-12-24T11:33:59.779130+00:00] application.ALERT: umooofov0hbdbg4og58o19nu18 [] []
[2024-12-24T11:34:34.776132+00:00] application.ALERT: umooofov0hbdbg4og58o19nu18 [] []
[2024-12-24T11:35:15.879483+00:00] application.ALERT: umooofov0hbdbg4og58o19nu18 [] []
[2024-12-24T11:35:33.822509+00:00] application.ALERT: umooofov0hbdbg4og58o19nu18 [] []
[2024-12-24T11:36:31.793825+00:00] application.ALERT: umooofov0hbdbg4og58o19nu18 [] []
[2024-12-24T11:37:24.490839+00:00] application.ALERT: umooofov0hbdbg4og58o19nu18 [] []
[2024-12-24T11:37:32.207281+00:00] application.ALERT: umooofov0hbdbg4og58o19nu18 [] []
[2024-12-24T11:38:17.816889+00:00] application.ALERT: umooofov0hbdbg4og58o19nu18 [] []
[2024-12-24T11:40:09.154258+00:00] application.ALERT: umooofov0hbdbg4og58o19nu18 [] []
[2024-12-24T11:40:13.431502+00:00] application.ALERT: umooofov0hbdbg4og58o19nu18 [] []
[2024-12-24T11:40:15.628628+00:00] application.ALERT: umooofov0hbdbg4og58o19nu18 [] []
[2024-12-24T11:40:21.522965+00:00] application.ALERT: umooofov0hbdbg4og58o19nu18 [] []
[2024-12-24T11:40:21.529965+00:00] application.ERROR: Попытка доступа к методуactionDelete [] []
[2024-12-24T11:40:24.268122+00:00] application.ALERT: umooofov0hbdbg4og58o19nu18 [] []
[2024-12-24T11:40:25.988220+00:00] application.ALERT: umooofov0hbdbg4og58o19nu18 [] []
[2024-12-24T11:40:25.997221+00:00] application.ERROR: Попытка доступа к методуactionDelete [] []
[2024-12-24T11:40:34.687718+00:00] application.ALERT: umooofov0hbdbg4og58o19nu18 [] []
[2024-12-24T11:40:40.252036+00:00] application.ALERT: umooofov0hbdbg4og58o19nu18 [] []
[2024-12-24T11:40:44.010251+00:00] application.ALERT: umooofov0hbdbg4og58o19nu18 [] []
[2024-12-24T11:40:44.017252+00:00] application.ERROR: Попытка доступа к методуactionDelete [] []
[2024-12-24T11:40:47.413446+00:00] application.ALERT: umooofov0hbdbg4og58o19nu18 [] []
[2024-12-24T11:41:08.498652+00:00] application.ALERT: umooofov0hbdbg4og58o19nu18 [] []
[2024-12-24T11:41:08.502652+00:00] application.ERROR: Попытка доступа к методуactionDelete [] []
[2024-12-24T11:41:13.272925+00:00] application.ALERT: umooofov0hbdbg4og58o19nu18 [] []
[2024-12-24T11:41:15.102030+00:00] application.ALERT: umooofov0hbdbg4og58o19nu18 [] []
[2024-12-24T11:42:07.540029+00:00] application.ALERT: umooofov0hbdbg4og58o19nu18 [] []
[2024-12-24T11:42:14.292415+00:00] application.ALERT: umooofov0hbdbg4og58o19nu18 [] []
[2024-12-24T11:42:17.367591+00:00] application.ALERT: umooofov0hbdbg4og58o19nu18 [] []
[2024-12-24T11:54:45.868117+00:00] application.ALERT: umooofov0hbdbg4og58o19nu18 [] []
[2024-12-24T11:55:10.777542+00:00] application.ALERT: umooofov0hbdbg4og58o19nu18 [] []
[2024-12-24T11:55:16.409864+00:00] application.ALERT: umooofov0hbdbg4og58o19nu18 [] []
[2024-12-24T12:04:44.399351+00:00] application.ALERT: umooofov0hbdbg4og58o19nu18 [] []
[2024-12-24T12:04:51.399752+00:00] application.ALERT: umooofov0hbdbg4og58o19nu18 [] []
[2024-12-24T12:09:39.016203+00:00] application.ALERT: umooofov0hbdbg4og58o19nu18 [] []
[2024-12-24T12:09:45.086550+00:00] application.ALERT: umooofov0hbdbg4og58o19nu18 [] []
[2024-12-24T12:09:45.170555+00:00] application.NOTICE: Пользователь Денис Денисов изменил данные регистрации [] []
[2024-12-24T12:10:25.207845+00:00] application.ALERT: umooofov0hbdbg4og58o19nu18 [] []
[2024-12-24T12:10:36.610497+00:00] application.ALERT: umooofov0hbdbg4og58o19nu18 [] []
[2024-12-24T12:10:37.111525+00:00] application.ALERT: umooofov0hbdbg4og58o19nu18 [] []
[2024-12-24T12:10:42.990862+00:00] application.ALERT: umooofov0hbdbg4og58o19nu18 [] []
[2024-12-24T12:10:42.999862+00:00] application.ERROR: Попытка доступа к методуactionDelete [] []
[2024-12-24T12:11:00.538865+00:00] application.ALERT: umooofov0hbdbg4og58o19nu18 [] []
[2024-12-24T12:11:00.544866+00:00] application.ERROR: Попытка доступа к методуactionDeleteuserform [] []
[2024-12-24T12:11:03.320024+00:00] application.ALERT: umooofov0hbdbg4og58o19nu18 [] []
[2024-12-24T12:11:03.331025+00:00] application.ERROR: Попытка доступа к методуactionUpdateuserform [] []
[2024-12-24T12:11:07.996292+00:00] application.ALERT: umooofov0hbdbg4og58o19nu18 [] []
[2024-12-24T12:11:08.002292+00:00] application.ERROR: Попытка доступа к методуactionDelete [] []
[2024-12-24T12:11:14.647672+00:00] application.ALERT: umooofov0hbdbg4og58o19nu18 [] []
[2024-12-24T12:11:14.656673+00:00] application.ERROR: Попытка доступа к методуactionUpdateuserform [] []
[2024-12-24T12:11:20.080983+00:00] application.ALERT: umooofov0hbdbg4og58o19nu18 [] []
[2024-12-24T12:11:20.094984+00:00] application.ERROR: Попытка доступа к методуactionUpdate [] []
[2024-12-24T12:11:23.266165+00:00] application.ALERT: umooofov0hbdbg4og58o19nu18 [] []
[2024-12-24T12:11:28.991493+00:00] application.ALERT: umooofov0hbdbg4og58o19nu18 [] []
[2024-12-24T12:11:35.678875+00:00] application.ALERT: umooofov0hbdbg4og58o19nu18 [] []
[2024-12-24T12:11:35.687876+00:00] application.ERROR: Ошибка аутентификации пользователя vasily2010 [] []
[2024-12-24T12:11:40.930176+00:00] application.ALERT: umooofov0hbdbg4og58o19nu18 [] []
[2024-12-24T12:11:40.939176+00:00] application.ERROR: Ошибка аутентификации пользователя vasily2010 [] []
[2024-12-24T12:12:00.106272+00:00] application.ALERT: umooofov0hbdbg4og58o19nu18 [] []
[2024-12-24T12:12:00.294283+00:00] application.NOTICE: Аутентификация пользователя Петр Петров [] []
[2024-12-24T12:12:00.387288+00:00] application.ALERT: umooofov0hbdbg4og58o19nu18 [] []
[2024-12-24T12:12:02.706421+00:00] application.ALERT: umooofov0hbdbg4og58o19nu18 [] []
[2024-12-24T12:12:37.631419+00:00] application.ALERT: umooofov0hbdbg4og58o19nu18 [] []
[2024-12-24T12:13:45.282288+00:00] application.ALERT: umooofov0hbdbg4og58o19nu18 [] []
[2024-12-24T12:13:47.780431+00:00] application.ALERT: umooofov0hbdbg4og58o19nu18 [] []
[2024-12-24T12:13:49.592535+00:00] application.ALERT: umooofov0hbdbg4og58o19nu18 [] []
[2024-12-24T12:14:22.359409+00:00] application.ALERT: umooofov0hbdbg4og58o19nu18 [] []
[2024-12-24T12:14:53.677200+00:00] application.ALERT: umooofov0hbdbg4og58o19nu18 [] []
[2024-12-24T12:15:09.947131+00:00] application.ALERT: umooofov0hbdbg4og58o19nu18 [] []
[2024-12-24T12:16:28.705635+00:00] application.ALERT: umooofov0hbdbg4og58o19nu18 [] []
[2024-12-24T12:18:16.416796+00:00] application.ALERT: umooofov0hbdbg4og58o19nu18 [] []
[2024-12-24T12:18:24.122237+00:00] application.ALERT: umooofov0hbdbg4og58o19nu18 [] []
[2024-12-24T12:18:24.166239+00:00] application.NOTICE: Пользователь Петр Петров изменил данные регистрации [] []
[2024-12-24T12:18:28.683498+00:00] application.ALERT: umooofov0hbdbg4og58o19nu18 [] []
[2024-12-24T12:18:31.190641+00:00] application.ALERT: umooofov0hbdbg4og58o19nu18 [] []
[2024-12-24T12:18:31.278646+00:00] application.NOTICE: Пользователь Петр Петров изменил данные регистрации [] []
[2024-12-24T12:18:33.457771+00:00] application.ALERT: umooofov0hbdbg4og58o19nu18 [] []
[2024-12-24T12:18:36.577949+00:00] application.ALERT: umooofov0hbdbg4og58o19nu18 [] []
[2024-12-24T12:18:39.406111+00:00] application.ALERT: umooofov0hbdbg4og58o19nu18 [] []
[2024-12-24T12:18:41.407226+00:00] application.ALERT: umooofov0hbdbg4og58o19nu18 [] []
[2024-12-24T12:18:46.579521+00:00] application.ALERT: umooofov0hbdbg4og58o19nu18 [] []
[2024-12-24T12:18:46.623524+00:00] application.NOTICE: Пользователь Петр123 Петров изменил данные регистрации [] []
[2024-12-24T12:18:49.565692+00:00] application.ALERT: umooofov0hbdbg4og58o19nu18 [] []
[2024-12-24T12:18:51.821821+00:00] application.ALERT: umooofov0hbdbg4og58o19nu18 [] []
[2024-12-24T12:18:51.891825+00:00] application.NOTICE: Пользователь Петр123 Петров изменил данные регистрации [] []
[2024-12-24T12:19:44.584839+00:00] application.ALERT: umooofov0hbdbg4og58o19nu18 [] []
[2024-12-24T12:21:15.622046+00:00] application.ALERT: umooofov0hbdbg4og58o19nu18 [] []
[2024-12-24T12:21:59.405550+00:00] application.ALERT: umooofov0hbdbg4og58o19nu18 [] []
[2024-12-24T12:26:12.967053+00:00] application.ALERT: umooofov0hbdbg4og58o19nu18 [] []
[2024-12-24T12:26:51.386251+00:00] application.ALERT: umooofov0hbdbg4og58o19nu18 [] []
[2024-12-24T12:27:32.386596+00:00] application.ALERT: umooofov0hbdbg4og58o19nu18 [] []
[2024-12-24T12:27:53.828822+00:00] application.ALERT: umooofov0hbdbg4og58o19nu18 [] []
[2024-12-24T12:28:05.324480+00:00] application.ALERT: umooofov0hbdbg4og58o19nu18 [] []
[2024-12-24T12:28:10.533778+00:00] application.ALERT: umooofov0hbdbg4og58o19nu18 [] []
[2024-12-24T12:28:27.505748+00:00] application.ALERT: umooofov0hbdbg4og58o19nu18 [] []
[2024-12-24T12:28:33.511092+00:00] application.ALERT: umooofov0hbdbg4og58o19nu18 [] []
[2024-12-24T12:28:37.865341+00:00] application.ALERT: umooofov0hbdbg4og58o19nu18 [] []
[2024-12-24T12:28:38.462375+00:00] application.ALERT: umooofov0hbdbg4og58o19nu18 [] []
[2024-12-24T12:28:41.957575+00:00] application.ALERT: umooofov0hbdbg4og58o19nu18 [] []
[2024-12-24T12:28:43.423659+00:00] application.ALERT: umooofov0hbdbg4og58o19nu18 [] []
[2024-12-24T12:28:54.304281+00:00] application.ALERT: umooofov0hbdbg4og58o19nu18 [] []
[2024-12-24T12:29:02.454747+00:00] application.ALERT: umooofov0hbdbg4og58o19nu18 [] []
[2024-12-24T12:29:02.460748+00:00] application.ERROR: Класс Geekbrains\Application1\Domain\Controllers\IndexController не существует [] []
[2024-12-24T12:29:05.765937+00:00] application.ALERT: umooofov0hbdbg4og58o19nu18 [] []
[2024-12-24T12:29:07.907059+00:00] application.ALERT: umooofov0hbdbg4og58o19nu18 [] []
[2024-12-24T12:29:07.914060+00:00] application.ERROR: Класс Geekbrains\Application1\Domain\Controllers\IndexController не существует [] []
[2024-12-24T12:29:25.187048+00:00] application.ALERT: umooofov0hbdbg4og58o19nu18 [] []
[2024-12-24T12:29:48.689392+00:00] application.ALERT: umooofov0hbdbg4og58o19nu18 [] []
[2024-12-24T12:38:57.617789+00:00] application.ALERT: umooofov0hbdbg4og58o19nu18 [] []
[2024-12-24T12:39:50.052788+00:00] application.ALERT: umooofov0hbdbg4og58o19nu18 [] []
[2024-12-24T12:40:49.653197+00:00] application.ALERT: umooofov0hbdbg4og58o19nu18 [] []
[2024-12-24T12:41:14.421613+00:00] application.ALERT: umooofov0hbdbg4og58o19nu18 [] []
[2024-12-24T12:44:06.447453+00:00] application.ALERT: umooofov0hbdbg4og58o19nu18 [] []
[2024-12-24T12:45:25.770990+00:00] application.ALERT: umooofov0hbdbg4og58o19nu18 [] []
[2024-12-24T12:45:38.559721+00:00] application.ALERT: umooofov0hbdbg4og58o19nu18 [] []
[2024-12-24T12:45:53.590581+00:00] application.ALERT: umooofov0hbdbg4og58o19nu18 [] []
[2024-12-24T12:46:08.941459+00:00] application.ALERT: umooofov0hbdbg4og58o19nu18 [] []
[2024-12-24T12:46:08.950460+00:00] application.INFO: Запрос хеша пароля [] []
[2024-12-24T12:46:09.142471+00:00] application.NOTICE: Зарегистрирован новый пользователь Петр Петров [] []
[2024-12-24T12:46:09.298479+00:00] application.NOTICE: Аутентификация пользователя Петр Петров [] []
[2024-12-24T12:46:10.872570+00:00] application.ALERT: umooofov0hbdbg4og58o19nu18 [] []
[2024-12-24T12:46:10.938573+00:00] application.ALERT: umooofov0hbdbg4og58o19nu18 [] []
[2024-12-24T12:46:19.765078+00:00] application.ALERT: umooofov0hbdbg4og58o19nu18 [] []
[2024-12-24T12:46:31.166730+00:00] application.ALERT: umooofov0hbdbg4og58o19nu18 [] []
[2024-12-24T12:46:31.178731+00:00] application.INFO: Запрос хеша пароля [] []
[2024-12-24T12:46:31.456747+00:00] application.NOTICE: Зарегистрирован новый пользователь Василий Васильев [] []
[2024-12-24T12:46:31.668759+00:00] application.NOTICE: Аутентификация пользователя Василий Васильев [] []
[2024-12-24T12:46:37.827111+00:00] application.ALERT: umooofov0hbdbg4og58o19nu18 [] []
[2024-12-24T12:46:37.915116+00:00] application.ALERT: umooofov0hbdbg4og58o19nu18 [] []
[2024-12-24T12:46:39.257193+00:00] application.ALERT: umooofov0hbdbg4og58o19nu18 [] []
[2024-12-24T12:46:45.275537+00:00] application.ALERT: umooofov0hbdbg4og58o19nu18 [] []
[2024-12-24T12:46:51.463891+00:00] application.ALERT: umooofov0hbdbg4og58o19nu18 [] []
[2024-12-24T12:46:51.572897+00:00] application.NOTICE: Аутентификация пользователя Петр Петров [] []
[2024-12-24T12:46:51.732907+00:00] application.ALERT: umooofov0hbdbg4og58o19nu18 [] []
[2024-12-24T12:46:53.629015+00:00] application.ALERT: umooofov0hbdbg4og58o19nu18 [] []
[2024-12-24T12:48:14.028614+00:00] application.ALERT: umooofov0hbdbg4og58o19nu18 [] []
[2024-12-24T12:48:16.031728+00:00] application.ALERT: umooofov0hbdbg4og58o19nu18 [] []
[2024-12-24T12:48:16.202738+00:00] application.ALERT: umooofov0hbdbg4og58o19nu18 [] []
[2024-12-24T12:48:22.316088+00:00] application.ALERT: umooofov0hbdbg4og58o19nu18 [] []
[2024-12-24T12:48:37.100933+00:00] application.ALERT: umooofov0hbdbg4og58o19nu18 [] []
[2024-12-24T12:48:37.108934+00:00] application.INFO: Запрос хеша пароля [] []
[2024-12-24T12:48:37.327946+00:00] application.NOTICE: Зарегистрирован новый пользователь Петр Петров [] []
[2024-12-24T12:48:37.448953+00:00] application.NOTICE: Аутентификация пользователя Петр Петров [] []
[2024-12-24T12:48:42.576246+00:00] application.ALERT: umooofov0hbdbg4og58o19nu18 [] []
[2024-12-24T12:48:42.650251+00:00] application.ALERT: umooofov0hbdbg4og58o19nu18 [] []
[2024-12-24T12:49:09.521788+00:00] application.ALERT: umooofov0hbdbg4og58o19nu18 [] []
[2024-12-24T12:49:36.664340+00:00] application.ALERT: umooofov0hbdbg4og58o19nu18 [] []
[2024-12-24T12:49:42.369666+00:00] application.ALERT: umooofov0hbdbg4og58o19nu18 [] []
[2024-12-24T12:49:42.467672+00:00] application.NOTICE: Аутентификация пользователя Иван Иванов [] []
[2024-12-24T12:49:42.542676+00:00] application.ALERT: umooofov0hbdbg4og58o19nu18 [] []
[2024-12-24T12:49:44.306777+00:00] application.ALERT: umooofov0hbdbg4og58o19nu18 [] []
[2024-12-24T12:49:49.959101+00:00] application.ALERT: umooofov0hbdbg4og58o19nu18 [] []
[2024-12-24T12:49:58.509590+00:00] application.ALERT: umooofov0hbdbg4og58o19nu18 [] []
[2024-12-24T12:49:58.724602+00:00] application.ALERT: umooofov0hbdbg4og58o19nu18 [] []
[2024-12-24T12:53:12.640693+00:00] application.ALERT: umooofov0hbdbg4og58o19nu18 [] []
[2024-12-24T12:53:18.376021+00:00] application.ALERT: umooofov0hbdbg4og58o19nu18 [] []
[2024-12-24T12:53:18.534030+00:00] application.NOTICE: Аутентификация пользователя Василий Васильев [] []
[2024-12-24T12:53:18.610035+00:00] application.ALERT: umooofov0hbdbg4og58o19nu18 [] []
[2024-12-24T12:53:20.216127+00:00] application.ALERT: umooofov0hbdbg4og58o19nu18 [] []
[2024-12-24T12:54:07.696842+00:00] application.ALERT: umooofov0hbdbg4og58o19nu18 [] []
[2024-12-24T12:58:47.021819+00:00] application.ALERT: umooofov0hbdbg4og58o19nu18 [] []
[2024-12-24T12:58:48.646912+00:00] application.ALERT: umooofov0hbdbg4og58o19nu18 [] []
[2024-12-24T12:58:59.898555+00:00] application.ALERT: umooofov0hbdbg4og58o19nu18 [] []
[2024-12-24T12:58:59.969559+00:00] application.NOTICE: Пользователь Василий123 Васильев изменил данные регистрации [] []
[2024-12-24T12:59:02.521705+00:00] application.ALERT: umooofov0hbdbg4og58o19nu18 [] []
[2024-12-24T12:59:04.349810+00:00] application.ALERT: umooofov0hbdbg4og58o19nu18 [] []
[2024-12-24T12:59:05.156856+00:00] application.ALERT: umooofov0hbdbg4og58o19nu18 [] []
[2024-12-24T13:00:01.468077+00:00] application.ALERT: umooofov0hbdbg4og58o19nu18 [] []
[2024-12-24T13:00:18.110029+00:00] application.ALERT: umooofov0hbdbg4og58o19nu18 [] []
[2024-12-24T13:00:18.119029+00:00] application.INFO: Запрос хеша пароля [] []
[2024-12-24T13:00:18.459049+00:00] application.NOTICE: Зарегистрирован новый пользователь Василий Васильев [] []
[2024-12-24T13:00:18.587056+00:00] application.NOTICE: Аутентификация пользователя Василий Васильев [] []
[2024-12-24T13:00:21.906246+00:00] application.ALERT: umooofov0hbdbg4og58o19nu18 [] []
[2024-12-24T13:00:21.991251+00:00] application.ALERT: umooofov0hbdbg4og58o19nu18 [] []
[2024-12-24T13:00:23.624344+00:00] application.ALERT: umooofov0hbdbg4og58o19nu18 [] []
[2024-12-24T13:00:40.825328+00:00] application.ALERT: umooofov0hbdbg4og58o19nu18 [] []
[2024-12-24T13:00:40.838329+00:00] application.INFO: Запрос хеша пароля [] []
[2024-12-24T13:00:41.080343+00:00] application.NOTICE: Зарегистрирован новый пользователь Иван Иванов [] []
[2024-12-24T13:00:41.211350+00:00] application.NOTICE: Аутентификация пользователя Иван Иванов [] []
[2024-12-24T13:00:46.898675+00:00] application.ALERT: umooofov0hbdbg4og58o19nu18 [] []
[2024-12-24T13:00:52.870017+00:00] application.ALERT: umooofov0hbdbg4og58o19nu18 [] []
[2024-12-24T13:00:52.993024+00:00] application.NOTICE: Пользователь Иван123 Иванов изменил данные регистрации [] []
[2024-12-24T13:01:03.495625+00:00] application.ALERT: umooofov0hbdbg4og58o19nu18 [] []
[2024-12-24T13:01:05.518740+00:00] application.ALERT: umooofov0hbdbg4og58o19nu18 [] []
[2024-12-24T13:01:05.685750+00:00] application.ALERT: umooofov0hbdbg4og58o19nu18 [] []
[2024-12-24T13:01:18.636491+00:00] application.ALERT: umooofov0hbdbg4og58o19nu18 [] []
[2024-12-24T13:01:32.979311+00:00] application.ALERT: umooofov0hbdbg4og58o19nu18 [] []
[2024-12-24T13:01:32.985311+00:00] application.INFO: Запрос хеша пароля [] []
[2024-12-24T13:01:33.231325+00:00] application.NOTICE: Зарегистрирован новый пользователь Иван Иванов [] []
[2024-12-24T13:01:33.382334+00:00] application.NOTICE: Аутентификация пользователя Иван Иванов [] []
[2024-12-24T13:01:35.065430+00:00] application.ALERT: umooofov0hbdbg4og58o19nu18 [] []
[2024-12-24T13:01:35.141435+00:00] application.ALERT: umooofov0hbdbg4og58o19nu18 [] []
[2024-12-24T13:02:04.639122+00:00] application.ALERT: umooofov0hbdbg4og58o19nu18 [] []
[2024-12-24T13:02:10.879479+00:00] application.ALERT: umooofov0hbdbg4og58o19nu18 [] []
[2024-12-24T13:02:11.003486+00:00] application.NOTICE: Аутентификация пользователя Петр Петров [] []
[2024-12-24T13:02:11.084491+00:00] application.ALERT: umooofov0hbdbg4og58o19nu18 [] []
[2024-12-24T13:02:13.303617+00:00] application.ALERT: umooofov0hbdbg4og58o19nu18 [] []
[2024-12-24T13:02:18.868936+00:00] application.ALERT: umooofov0hbdbg4og58o19nu18 [] []
[2024-12-24T13:03:22.463573+00:00] application.ALERT: umooofov0hbdbg4og58o19nu18 [] []
[2024-12-24T13:03:22.473574+00:00] application.ERROR: Попытка доступа к методуactionDelete [] []
[2024-12-24T13:03:28.005890+00:00] application.ALERT: umooofov0hbdbg4og58o19nu18 [] []
[2024-12-24T13:03:35.691330+00:00] application.ALERT: umooofov0hbdbg4og58o19nu18 [] []
[2024-12-24T13:03:50.159157+00:00] application.ALERT: umooofov0hbdbg4og58o19nu18 [] []
[2024-12-24T13:03:56.763535+00:00] application.ALERT: umooofov0hbdbg4og58o19nu18 [] []
[2024-12-24T13:03:56.837539+00:00] application.NOTICE: Пользователь Петр123 Петров изменил данные регистрации [] []
[2024-12-24T13:03:59.697703+00:00] application.ALERT: umooofov0hbdbg4og58o19nu18 [] []
[2024-12-24T13:04:01.599812+00:00] application.ALERT: umooofov0hbdbg4og58o19nu18 [] []
[2024-12-24T13:04:04.534980+00:00] application.ALERT: umooofov0hbdbg4og58o19nu18 [] []
[2024-12-24T13:04:04.578982+00:00] application.NOTICE: Пользователь Денис123 Денисов изменил данные регистрации [] []
[2024-12-24T13:04:08.225191+00:00] application.ALERT: umooofov0hbdbg4og58o19nu18 [] []
[2024-12-24T13:04:10.243306+00:00] application.ALERT: umooofov0hbdbg4og58o19nu18 [] []
[2024-12-24T13:04:12.196418+00:00] application.ALERT: umooofov0hbdbg4og58o19nu18 [] []
[2024-12-24T13:04:12.201418+00:00] application.ERROR: Попытка доступа к методуactionDelete [] []
[2024-12-24T13:04:14.606556+00:00] application.ALERT: umooofov0hbdbg4og58o19nu18 [] []
[2024-12-24T13:07:16.908983+00:00] application.ALERT: umooofov0hbdbg4og58o19nu18 [] []
[2024-12-24T13:07:42.247432+00:00] application.ALERT: umooofov0hbdbg4og58o19nu18 [] []
[2024-12-24T13:07:51.140941+00:00] application.ALERT: umooofov0hbdbg4og58o19nu18 [] []
[2024-12-24T13:07:55.176171+00:00] application.ALERT: umooofov0hbdbg4og58o19nu18 [] []
[2024-12-24T13:09:01.480964+00:00] application.ALERT: umooofov0hbdbg4og58o19nu18 [] []
[2024-12-24T13:10:19.415421+00:00] application.ALERT: umooofov0hbdbg4og58o19nu18 [] []
[2024-12-24T13:10:32.921194+00:00] application.ALERT: umooofov0hbdbg4og58o19nu18 [] []
[2024-12-24T13:11:23.419082+00:00] application.ALERT: umooofov0hbdbg4og58o19nu18 [] []
[2024-12-24T13:11:26.160239+00:00] application.ALERT: umooofov0hbdbg4og58o19nu18 [] []
[2024-12-24T13:11:42.045148+00:00] application.ALERT: umooofov0hbdbg4og58o19nu18 [] []
[2024-12-24T13:12:40.107469+00:00] application.ALERT: umooofov0hbdbg4og58o19nu18 [] []
[2024-12-24T13:12:53.532236+00:00] application.ALERT: umooofov0hbdbg4og58o19nu18 [] []
[2024-12-24T13:13:09.156130+00:00] application.ALERT: umooofov0hbdbg4og58o19nu18 [] []
[2024-12-24T13:59:20.574692+00:00] application.ALERT: umooofov0hbdbg4og58o19nu18 [] []
[2024-12-24T13:59:22.160783+00:00] application.ALERT: umooofov0hbdbg4og58o19nu18 [] []
[2024-12-24T13:59:29.178184+00:00] application.ALERT: umooofov0hbdbg4og58o19nu18 [] []
[2024-12-24T14:04:16.310607+00:00] application.ALERT: umooofov0hbdbg4og58o19nu18 [] []
[2024-12-24T14:04:26.931215+00:00] application.ALERT: umooofov0hbdbg4og58o19nu18 [] []
[2024-12-24T14:04:34.530649+00:00] application.ALERT: umooofov0hbdbg4og58o19nu18 [] []
[2024-12-24T14:04:34.543650+00:00] application.ERROR: Попытка доступа к методуactionDelete [] []
[2024-12-24T14:04:37.005791+00:00] application.ALERT: umooofov0hbdbg4og58o19nu18 [] []
[2024-12-24T14:04:39.817952+00:00] application.ALERT: umooofov0hbdbg4og58o19nu18 [] []
[2024-12-24T14:06:52.758555+00:00] application.ALERT: umooofov0hbdbg4og58o19nu18 [] []
[2024-12-24T14:06:55.151692+00:00] application.ALERT: umooofov0hbdbg4og58o19nu18 [] []
[2024-12-24T14:06:55.161693+00:00] application.ERROR: Попытка доступа к методуactionDelete [] []
[2024-12-24T14:06:57.696838+00:00] application.ALERT: umooofov0hbdbg4og58o19nu18 [] []
[2024-12-24T14:07:00.268985+00:00] application.ALERT: umooofov0hbdbg4og58o19nu18 [] []
[2024-12-24T14:07:03.458167+00:00] application.ALERT: umooofov0hbdbg4og58o19nu18 [] []
[2024-12-24T14:07:07.808416+00:00] application.ALERT: umooofov0hbdbg4og58o19nu18 [] []
[2024-12-24T14:07:07.851419+00:00] application.NOTICE: Пользователь Петр Петров изменил данные регистрации [] []
[2024-12-24T14:07:11.655636+00:00] application.ALERT: umooofov0hbdbg4og58o19nu18 [] []
[2024-12-24T14:07:13.874763+00:00] application.ALERT: umooofov0hbdbg4og58o19nu18 [] []
[2024-12-24T14:07:17.866992+00:00] application.ALERT: umooofov0hbdbg4og58o19nu18 [] []
[2024-12-24T14:07:17.918995+00:00] application.NOTICE: Пользователь Денис Денисов изменил данные регистрации [] []
[2024-12-24T14:07:22.480255+00:00] application.ALERT: umooofov0hbdbg4og58o19nu18 [] []
[2024-12-24T14:07:39.316218+00:00] application.ALERT: umooofov0hbdbg4og58o19nu18 [] []
[2024-12-24T14:07:41.471342+00:00] application.ALERT: umooofov0hbdbg4og58o19nu18 [] []
[2024-12-24T14:07:41.479342+00:00] application.ERROR: Попытка доступа к методуactionDelete [] []
[2024-12-24T14:07:45.005544+00:00] application.ALERT: umooofov0hbdbg4og58o19nu18 [] []
[2024-12-24T14:07:47.292675+00:00] application.ALERT: umooofov0hbdbg4og58o19nu18 [] []
[2024-12-24T14:09:10.931459+00:00] application.ALERT: umooofov0hbdbg4og58o19nu18 [] []
[2024-12-24T14:09:13.959632+00:00] application.ALERT: umooofov0hbdbg4og58o19nu18 [] []
[2024-12-24T14:09:15.967747+00:00] application.ALERT: umooofov0hbdbg4og58o19nu18 [] []
[2024-12-24T14:09:15.973747+00:00] application.ERROR: Попытка доступа к методуactionDelete [] []
[2024-12-24T14:09:20.104983+00:00] application.ALERT: umooofov0hbdbg4og58o19nu18 [] []
[2024-12-24T14:09:22.211104+00:00] application.ALERT: umooofov0hbdbg4og58o19nu18 [] []
[2024-12-24T14:09:28.265450+00:00] application.ALERT: umooofov0hbdbg4og58o19nu18 [] []
[2024-12-24T14:09:30.415573+00:00] application.ALERT: umooofov0hbdbg4og58o19nu18 [] []
[2024-12-24T14:09:30.423573+00:00] application.ERROR: Попытка доступа к методуactionDelete [] []
[2024-12-24T14:09:33.614756+00:00] application.ALERT: umooofov0hbdbg4og58o19nu18 [] []
[2024-12-24T14:09:55.404002+00:00] application.ALERT: umooofov0hbdbg4og58o19nu18 [] []
[2024-12-24T14:10:03.827484+00:00] application.ALERT: umooofov0hbdbg4og58o19nu18 [] []
[2024-12-24T14:10:07.123673+00:00] application.ALERT: umooofov0hbdbg4og58o19nu18 [] []
[2024-12-24T14:10:07.133673+00:00] application.ERROR: Попытка доступа к методуactionDelete [] []
[2024-12-24T14:10:09.648817+00:00] application.ALERT: umooofov0hbdbg4og58o19nu18 [] []
[2024-12-24T14:10:11.958949+00:00] application.ALERT: umooofov0hbdbg4og58o19nu18 [] []
[2024-12-24T14:11:07.250112+00:00] application.ALERT: umooofov0hbdbg4og58o19nu18 [] []
[2024-12-24T14:11:09.813258+00:00] application.ALERT: umooofov0hbdbg4og58o19nu18 [] []
[2024-12-24T14:11:11.670364+00:00] application.ALERT: umooofov0hbdbg4og58o19nu18 [] []
[2024-12-24T14:11:11.679365+00:00] application.ERROR: Попытка доступа к методуactionDelete [] []
[2024-12-24T14:11:18.013727+00:00] application.ALERT: umooofov0hbdbg4og58o19nu18 [] []
[2024-12-24T14:11:21.033900+00:00] application.ALERT: umooofov0hbdbg4og58o19nu18 [] []
[2024-12-24T14:11:24.282086+00:00] application.ALERT: umooofov0hbdbg4og58o19nu18 [] []
[2024-12-24T14:12:01.116193+00:00] application.ALERT: umooofov0hbdbg4og58o19nu18 [] []
[2024-12-24T14:12:03.200312+00:00] application.ALERT: umooofov0hbdbg4og58o19nu18 [] []
[2024-12-24T14:12:03.207312+00:00] application.ERROR: Попытка доступа к методуactionDelete [] []
[2024-12-24T14:12:08.191597+00:00] application.ALERT: umooofov0hbdbg4og58o19nu18 [] []
