[2024-12-22T07:37:28.372939+00:00] application.ERROR: Класс Geekbrains\Application1\Domain\Controllers\PublicController не существует [] []
[2024-12-22T07:39:55.311676+00:00] application.ERROR: Класс Geekbrains\Application1\Domain\Controllers\..Controller не существует [] []
[2024-12-22T07:40:03.441857+00:00] application.ERROR: Класс Geekbrains\Application1\Domain\Controllers\..Controller не существует [] []
[2024-12-22T07:40:17.465121+00:00] application.ERROR: Класс Geekbrains\Application1\Domain\Controllers\..Controller не существует [] []
[2024-12-22T07:41:14.694796+00:00] application.ERROR: Класс Geekbrains\Application1\Domain\Controllers\PublicController не существует [] []
[2024-12-22T07:55:57.825016+00:00] application.ERROR: Ошибка авторизации пользователя admin [] []
[2024-12-22T07:56:09.847685+00:00] application.ERROR: Ошибка авторизации пользователя admin [] []
[2024-12-22T07:56:20.794484+00:00] application.ERROR: Ошибка авторизации пользователя admin [] []
[2024-12-22T07:56:35.924308+00:00] application.ERROR: Ошибка авторизации пользователя admin [] []
[2024-12-22T08:11:31.550735+00:00] application.ERROR: Ошибка авторизации пользователя maxim1980 [] []
[2024-12-22T08:11:38.676756+00:00] application.ERROR: Ошибка авторизации пользователя maxim1980 [] []
[2024-12-22T08:11:51.761243+00:00] application.NOTICE: Авторизация пользователя Максим Андросик [] []
[2024-12-22T09:33:38.054966+00:00] application.ERROR: Ошибка авторизации пользователя maxim1980 [] []
[2024-12-22T09:33:45.507150+00:00] application.NOTICE: Авторизация пользователя Максим Андросик [] []
[2024-12-22T09:55:38.273245+00:00] application.NOTICE: Авторизация пользователя Максим Андросик [] []
[2024-12-22T10:02:59.029852+00:00] application.NOTICE: Авторизация пользователя Максим Андросик [] []
[2024-12-22T11:08:48.533465+00:00] application.ERROR: Ошибка авторизации пользователя maxim1980 [] []
[2024-12-22T11:08:59.868969+00:00] application.NOTICE: Авторизация пользователя Максим Андросик [] []
[2024-12-22T11:09:38.472812+00:00] application.NOTICE: Авторизация пользователя Максим Андросик [] []
[2024-12-22T12:16:59.499577+00:00] application.NOTICE: Авторизация пользователя Максим Андросик [] []
[2024-12-22T12:19:08.321471+00:00] application.INFO: Запрос хеша пароля [] []
[2024-12-22T12:19:08.555479+00:00] application.NOTICE: Зарегистрирован новый пользователь Борис Андросик [] []
[2024-12-22T12:19:08.697905+00:00] application.NOTICE: Авторизация пользователя Борис Андросик [] []
[2024-12-22T12:19:32.811670+00:00] application.NOTICE: Авторизация пользователя Борис Андросик [] []
[2024-12-22T12:19:59.866055+00:00] application.NOTICE: Авторизация пользователя Тимофей Андросик [] []
[2024-12-22T12:20:51.985893+00:00] application.NOTICE: Авторизация пользователя Максим Андросик [] []
[2024-12-22T15:20:22.891386+00:00] application.ERROR: Класс Geekbrains\Application1\Domain\Controllers\UsesefdfController не существует [] []
[2024-12-22T15:21:41.204097+00:00] application.ERROR: Класс Geekbrains\Application1\Domain\Controllers\UsesefdfController не существует [] []
[2024-12-22T15:22:28.921829+00:00] application.ERROR: Класс Geekbrains\Application1\Domain\Controllers\UsesefdfController не существует [] []
[2024-12-22T15:35:38.230055+00:00] application.ERROR: Класс Geekbrains\Application1\Domain\Controllers\UsesefdfController не существует [] []
[2024-12-22T15:40:58.367492+00:00] application.ERROR: Класс Geekbrains\Application1\Domain\Controllers\UsesefdfController не существует [] []
[2024-12-22T15:41:30.403426+00:00] application.ERROR: Класс Geekbrains\Application1\Domain\Controllers\UsesefdfController не существует [] []
[2024-12-22T15:42:12.588811+00:00] application.ERROR: Класс Geekbrains\Application1\Domain\Controllers\UsesefdfController не существует [] []
[2024-12-22T15:44:27.435438+00:00] application.ERROR: Класс Geekbrains\Application1\Domain\Controllers\UsesefdfController не существует [] []
[2024-12-22T15:45:34.027417+00:00] application.ERROR: Класс Geekbrains\Application1\Domain\Controllers\UsesefdfController не существует [] []
[2024-12-22T15:46:24.002492+00:00] application.ERROR: Класс Geekbrains\Application1\Domain\Controllers\UsesefdfController не существует [] []
[2024-12-22T15:50:03.053296+00:00] application.ERROR: Класс Geekbrains\Application1\Domain\Controllers\UsesefdfController не существует [] []
[2024-12-22T15:50:53.747763+00:00] application.ERROR: Класс Geekbrains\Application1\Domain\Controllers\UsesefdfController не существует [] []
[2024-12-22T16:03:15.189327+00:00] application.ERROR: Класс Geekbrains\Application1\Domain\Controllers\User%D1%84%D1%8B%D0%B2%D1%8B%D0%B2Controller не существует [] []
[2024-12-22T16:04:53.967161+00:00] application.ERROR: Класс Geekbrains\Application1\Domain\Controllers\User%D1%84%D1%8B%D0%B2%D1%8B%D0%B2Controller не существует [] []
[2024-12-22T16:05:23.361585+00:00] application.ERROR: Класс Geekbrains\Application1\Domain\Controllers\User%D1%84%D1%8B%D0%B2%D1%8B%D0%B2Controller не существует [] []
[2024-12-22T16:06:24.606466+00:00] application.ERROR: Класс Geekbrains\Application1\Domain\Controllers\User%D1%84%D1%8B%D0%B2%D1%8B%D0%B2Controller не существует [] []
[2024-12-22T16:07:47.190354+00:00] application.ERROR: Класс Geekbrains\Application1\Domain\Controllers\User%D1%84%D1%8B%D0%B2%D1%8B%D0%B2Controller не существует [] []
[2024-12-22T16:09:05.724915+00:00] application.ERROR: Класс Geekbrains\Application1\Domain\Controllers\UsdfsdlfdfController не существует [] []
[2024-12-22T16:09:58.053979+00:00] application.ERROR: Класс Geekbrains\Application1\Domain\Controllers\UsdfsdlfdfController не существует [] []
[2024-12-22T16:10:38.404683+00:00] application.ERROR: Класс Geekbrains\Application1\Domain\Controllers\AsasdlkasjdasdController не существует [] []
[2024-12-22T16:38:26.862888+00:00] application.NOTICE: Авторизация пользователя Максим Андросик [] []
[2024-12-22T16:40:13.789759+00:00] application.NOTICE: Авторизация пользователя Максим Андросик [] []
[2024-12-22T17:50:46.481823+00:00] application.NOTICE: Авторизация пользователя Максим Андросик [] []
[2024-12-22T20:10:36.150218+00:00] application.ERROR: Ошибка авторизации пользователя maxim1980 [] []
[2024-12-22T20:24:33.769753+00:00] application.NOTICE: При регистрации пользователя переданы некорректные данные [] []
[2024-12-22T20:29:03.793716+00:00] application.INFO: Запрос хеша пароля [] []
[2024-12-22T20:29:04.143341+00:00] application.NOTICE: Зарегистрирован новый пользователь asca asc [] []
[2024-12-22T20:38:38.363589+00:00] application.INFO: Запрос хеша пароля [] []
[2024-12-22T20:38:38.812376+00:00] application.NOTICE: Зарегистрирован новый пользователь Максим Андросик [] []
[2024-12-22T20:38:38.942155+00:00] application.NOTICE: Авторизация пользователя Максим Андросик [] []
[2024-12-22T20:39:09.763609+00:00] application.INFO: Запрос хеша пароля [] []
[2024-12-22T20:46:42.083642+00:00] application.NOTICE: При регистрации пользователя переданы некорректные данные [] []
[2024-12-22T21:07:32.364400+00:00] application.NOTICE: При регистрации пользователя переданы некорректные данные [] []
[2024-12-22T21:07:58.834288+00:00] application.NOTICE: При регистрации пользователя переданы некорректные данные [] []
[2024-12-22T21:10:55.572796+00:00] application.INFO: Запрос хеша пароля [] []
[2024-12-22T21:10:55.863411+00:00] application.NOTICE: Зарегистрирован новый пользователь Екатерина Костыркина [] []
[2024-12-22T21:10:55.984728+00:00] application.NOTICE: Авторизация пользователя Екатерина Костыркина [] []
[2024-12-22T21:39:05.212907+00:00] application.INFO: Запрос хеша пароля [] []
[2024-12-22T21:39:26.176327+00:00] application.INFO: Запрос хеша пароля [] []
[2024-12-22T21:43:34.728454+00:00] application.INFO: Запрос хеша пароля [] []
[2024-12-22T21:43:58.870853+00:00] application.INFO: Запрос хеша пароля [] []
[2024-12-22T21:44:07.572320+00:00] application.INFO: Запрос хеша пароля [] []
[2024-12-22T21:44:07.918453+00:00] application.NOTICE: Зарегистрирован новый пользователь sdvsdv#$#$!@ sd@$@#vsdv [] []
[2024-12-22T21:44:08.044011+00:00] application.NOTICE: Авторизация пользователя sdvsdv#$#$!@ sd@$@#vsdv [] []
[2024-12-22T21:44:51.732285+00:00] application.INFO: Запрос хеша пароля [] []
[2024-12-22T21:45:28.201244+00:00] application.INFO: Запрос хеша пароля [] []
[2024-12-22T21:46:55.064550+00:00] application.INFO: Запрос хеша пароля [] []
[2024-12-22T21:47:49.550781+00:00] application.INFO: Запрос хеша пароля [] []
[2024-12-22T21:48:57.772090+00:00] application.INFO: Запрос хеша пароля [] []
[2024-12-22T21:49:27.346508+00:00] application.INFO: Запрос хеша пароля [] []
[2024-12-22T21:50:10.328592+00:00] application.INFO: Запрос хеша пароля [] []
[2024-12-22T21:53:19.884984+00:00] application.INFO: Запрос хеша пароля [] []
[2024-12-22T21:56:19.337575+00:00] application.INFO: Запрос хеша пароля [] []
[2024-12-22T22:01:05.771240+00:00] application.INFO: Запрос хеша пароля [] []
[2024-12-22T22:02:31.243115+00:00] application.INFO: Запрос хеша пароля [] []
[2024-12-22T22:14:15.672580+00:00] application.INFO: Запрос хеша пароля [] []
[2024-12-22T22:14:54.748234+00:00] application.INFO: Запрос хеша пароля [] []
[2024-12-22T22:14:54.977350+00:00] application.NOTICE: Зарегистрирован новый пользователь Тимофей Андросик [] []
[2024-12-22T22:14:55.093280+00:00] application.NOTICE: Авторизация пользователя Тимофей Андросик [] []
[2024-12-22T22:16:08.572741+00:00] application.NOTICE: Авторизация пользователя Максим Андросик [] []
[2024-12-22T22:26:54.341450+00:00] application.NOTICE: Авторизация пользователя Максим Андросик [] []
[2024-12-22T23:25:22.418699+00:00] application.NOTICE: При регистрации пользователя переданы некорректные данные [] []
