[2024-12-23T00:00:54.788763+00:00] application.ALERT: sligant51u4v27eah6mv7s4lp0 [] []
[2024-12-23T00:00:57.561850+00:00] application.ALERT: sligant51u4v27eah6mv7s4lp0 [] []
[2024-12-23T00:01:01.481490+00:00] application.ALERT: sligant51u4v27eah6mv7s4lp0 [] []
[2024-12-23T00:02:20.929589+00:00] application.ALERT: sligant51u4v27eah6mv7s4lp0 [] []
[2024-12-23T00:02:22.436693+00:00] application.ALERT: sligant51u4v27eah6mv7s4lp0 [] []
[2024-12-23T00:02:23.887043+00:00] application.ALERT: sligant51u4v27eah6mv7s4lp0 [] []
[2024-12-23T00:02:25.986102+00:00] application.ALERT: sligant51u4v27eah6mv7s4lp0 [] []
[2024-12-23T00:07:04.615239+00:00] application.ALERT: sligant51u4v27eah6mv7s4lp0 [] []
[2024-12-23T00:07:06.583001+00:00] application.ALERT: sligant51u4v27eah6mv7s4lp0 [] []
[2024-12-23T00:07:06.700806+00:00] application.ALERT: sligant51u4v27eah6mv7s4lp0 [] []
[2024-12-23T00:07:09.728865+00:00] application.ALERT: sligant51u4v27eah6mv7s4lp0 [] []
[2024-12-23T00:07:33.451537+00:00] application.ALERT: sligant51u4v27eah6mv7s4lp0 [] []
[2024-12-23T00:07:43.634310+00:00] application.ALERT: sligant51u4v27eah6mv7s4lp0 [] []
[2024-12-23T00:07:43.762544+00:00] application.NOTICE: Авторизация пользователя Максим Андросик [] []
[2024-12-23T00:07:44.015823+00:00] application.ALERT: sligant51u4v27eah6mv7s4lp0 [] []
[2024-12-23T00:07:46.395883+00:00] application.ALERT: sligant51u4v27eah6mv7s4lp0 [] []
[2024-12-23T00:13:49.679575+00:00] application.ALERT: sligant51u4v27eah6mv7s4lp0 [] []
[2024-12-23T00:30:58.105079+00:00] application.ALERT: sligant51u4v27eah6mv7s4lp0 [] []
[2024-12-23T00:31:03.176204+00:00] application.ALERT: sligant51u4v27eah6mv7s4lp0 [] []
[2024-12-23T00:31:05.951334+00:00] application.ALERT: sligant51u4v27eah6mv7s4lp0 [] []
[2024-12-23T00:31:05.960954+00:00] application.ERROR: Ошибка при сохранении в хранилище HY093 [] []
[2024-12-23T00:32:33.981177+00:00] application.ALERT: sligant51u4v27eah6mv7s4lp0 [] []
[2024-12-23T00:32:36.920928+00:00] application.ALERT: sligant51u4v27eah6mv7s4lp0 [] []
[2024-12-23T00:32:39.333134+00:00] application.ALERT: sligant51u4v27eah6mv7s4lp0 [] []
[2024-12-23T00:32:39.338011+00:00] application.ERROR: Ошибка при сохранении в хранилище HY093 [] []
[2024-12-23T00:33:29.795754+00:00] application.ALERT: sligant51u4v27eah6mv7s4lp0 [] []
[2024-12-23T00:33:29.804744+00:00] application.ERROR: Ошибка при сохранении в хранилище HY093 [] []
[2024-12-23T00:33:34.838134+00:00] application.ALERT: sligant51u4v27eah6mv7s4lp0 [] []
[2024-12-23T00:33:37.878660+00:00] application.ALERT: sligant51u4v27eah6mv7s4lp0 [] []
[2024-12-23T00:33:39.844958+00:00] application.ALERT: sligant51u4v27eah6mv7s4lp0 [] []
[2024-12-23T00:33:39.850752+00:00] application.ERROR: Ошибка при сохранении в хранилище HY093 [] []
[2024-12-23T00:37:13.395892+00:00] application.ALERT: sligant51u4v27eah6mv7s4lp0 [] []
[2024-12-23T00:37:16.883933+00:00] application.ALERT: sligant51u4v27eah6mv7s4lp0 [] []
[2024-12-23T00:37:19.263834+00:00] application.ALERT: sligant51u4v27eah6mv7s4lp0 [] []
[2024-12-23T00:37:19.381847+00:00] application.NOTICE: Пользователь Максим Андросик изменил данные регистрации [] []
[2024-12-23T00:37:28.453547+00:00] application.ALERT: sligant51u4v27eah6mv7s4lp0 [] []
[2024-12-23T00:37:33.908286+00:00] application.ALERT: sligant51u4v27eah6mv7s4lp0 [] []
[2024-12-23T00:37:33.976133+00:00] application.NOTICE: Пользователь Максим123 Андросик изменил данные регистрации [] []
[2024-12-23T00:37:37.442208+00:00] application.ALERT: sligant51u4v27eah6mv7s4lp0 [] []
[2024-12-23T00:37:43.280445+00:00] application.ALERT: sligant51u4v27eah6mv7s4lp0 [] []
[2024-12-23T00:37:43.309394+00:00] application.NOTICE: Пользователь Максим Андросик изменил данные регистрации [] []
[2024-12-23T00:50:58.889070+00:00] application.ALERT: sligant51u4v27eah6mv7s4lp0 [] []
[2024-12-23T00:51:02.443322+00:00] application.ALERT: sligant51u4v27eah6mv7s4lp0 [] []
[2024-12-23T00:51:02.562550+00:00] application.ALERT: sligant51u4v27eah6mv7s4lp0 [] []
[2024-12-23T00:51:06.459665+00:00] application.ALERT: sligant51u4v27eah6mv7s4lp0 [] []
[2024-12-23T00:51:07.898433+00:00] application.ALERT: sligant51u4v27eah6mv7s4lp0 [] []
[2024-12-23T00:51:16.497863+00:00] application.ALERT: sligant51u4v27eah6mv7s4lp0 [] []
[2024-12-23T00:51:25.978661+00:00] application.ALERT: sligant51u4v27eah6mv7s4lp0 [] []
[2024-12-23T00:51:26.138203+00:00] application.NOTICE: Авторизация пользователя Максим Андросик [] []
[2024-12-23T00:51:26.347193+00:00] application.ALERT: sligant51u4v27eah6mv7s4lp0 [] []
[2024-12-23T00:51:31.780797+00:00] application.ALERT: sligant51u4v27eah6mv7s4lp0 [] []
[2024-12-23T00:51:35.988396+00:00] application.ALERT: sligant51u4v27eah6mv7s4lp0 [] []
[2024-12-23T00:53:41.601196+00:00] application.ALERT: sligant51u4v27eah6mv7s4lp0 [] []
[2024-12-23T00:53:43.546232+00:00] application.ALERT: sligant51u4v27eah6mv7s4lp0 [] []
[2024-12-23T01:04:15.716007+00:00] application.ALERT: sligant51u4v27eah6mv7s4lp0 [] []
[2024-12-23T01:04:18.839997+00:00] application.ALERT: sligant51u4v27eah6mv7s4lp0 [] []
[2024-12-23T01:04:25.917199+00:00] application.ALERT: sligant51u4v27eah6mv7s4lp0 [] []
[2024-12-23T01:04:29.227876+00:00] application.ALERT: sligant51u4v27eah6mv7s4lp0 [] []
[2024-12-23T01:05:29.219034+00:00] application.ALERT: sligant51u4v27eah6mv7s4lp0 [] []
[2024-12-23T01:05:29.332786+00:00] application.ALERT: sligant51u4v27eah6mv7s4lp0 [] []
[2024-12-23T01:05:34.716566+00:00] application.ALERT: sligant51u4v27eah6mv7s4lp0 [] []
[2024-12-23T01:05:34.722896+00:00] application.ERROR: Метод actionUser не существует [] []
[2024-12-23T01:05:41.630905+00:00] application.ALERT: sligant51u4v27eah6mv7s4lp0 [] []
[2024-12-23T01:05:48.152897+00:00] application.ALERT: sligant51u4v27eah6mv7s4lp0 [] []
[2024-12-23T01:05:57.393134+00:00] application.ALERT: sligant51u4v27eah6mv7s4lp0 [] []
[2024-12-23T01:05:57.525544+00:00] application.NOTICE: Авторизация пользователя Максим Андросик [] []
[2024-12-23T01:05:57.835043+00:00] application.ALERT: sligant51u4v27eah6mv7s4lp0 [] []
[2024-12-23T01:06:04.082890+00:00] application.ALERT: sligant51u4v27eah6mv7s4lp0 [] []
[2024-12-23T01:06:05.583534+00:00] application.ALERT: sligant51u4v27eah6mv7s4lp0 [] []
[2024-12-23T01:06:07.132790+00:00] application.ALERT: sligant51u4v27eah6mv7s4lp0 [] []
[2024-12-23T01:06:10.566436+00:00] application.ALERT: sligant51u4v27eah6mv7s4lp0 [] []
[2024-12-23T01:11:52.440102+00:00] application.ALERT: sligant51u4v27eah6mv7s4lp0 [] []
[2024-12-23T01:11:56.370232+00:00] application.ALERT: sligant51u4v27eah6mv7s4lp0 [] []
[2024-12-23T01:11:59.707507+00:00] application.ALERT: sligant51u4v27eah6mv7s4lp0 [] []
[2024-12-23T01:12:01.457830+00:00] application.ALERT: sligant51u4v27eah6mv7s4lp0 [] []
[2024-12-23T01:12:03.460707+00:00] application.ALERT: sligant51u4v27eah6mv7s4lp0 [] []
[2024-12-23T01:12:06.661804+00:00] application.ALERT: sligant51u4v27eah6mv7s4lp0 [] []
[2024-12-23T01:12:09.193188+00:00] application.ALERT: sligant51u4v27eah6mv7s4lp0 [] []
[2024-12-23T01:19:41.782358+00:00] application.ALERT: sligant51u4v27eah6mv7s4lp0 [] []
[2024-12-23T01:22:30.209946+00:00] application.ALERT: sligant51u4v27eah6mv7s4lp0 [] []
[2024-12-23T01:22:35.269984+00:00] application.ALERT: sligant51u4v27eah6mv7s4lp0 [] []
[2024-12-23T01:22:37.024850+00:00] application.ALERT: sligant51u4v27eah6mv7s4lp0 [] []
[2024-12-23T01:27:34.481069+00:00] application.ALERT: sligant51u4v27eah6mv7s4lp0 [] []
[2024-12-23T01:27:43.992972+00:00] application.ALERT: sligant51u4v27eah6mv7s4lp0 [] []
[2024-12-23T01:29:34.016460+00:00] application.ALERT: sligant51u4v27eah6mv7s4lp0 [] []
[2024-12-23T01:30:02.362167+00:00] application.ALERT: sligant51u4v27eah6mv7s4lp0 [] []
[2024-12-23T01:31:08.795457+00:00] application.ALERT: sligant51u4v27eah6mv7s4lp0 [] []
[2024-12-23T01:31:26.462120+00:00] application.ALERT: sligant51u4v27eah6mv7s4lp0 [] []
[2024-12-23T01:31:37.836826+00:00] application.ALERT: sligant51u4v27eah6mv7s4lp0 [] []
[2024-12-23T01:31:54.418555+00:00] application.ALERT: sligant51u4v27eah6mv7s4lp0 [] []
[2024-12-23T01:32:54.886062+00:00] application.ALERT: sligant51u4v27eah6mv7s4lp0 [] []
[2024-12-23T01:32:58.440880+00:00] application.ALERT: sligant51u4v27eah6mv7s4lp0 [] []
[2024-12-23T01:34:23.071277+00:00] application.ALERT: sligant51u4v27eah6mv7s4lp0 [] []
[2024-12-23T01:34:26.916553+00:00] application.ALERT: sligant51u4v27eah6mv7s4lp0 [] []
[2024-12-23T01:37:42.695709+00:00] application.ALERT: sligant51u4v27eah6mv7s4lp0 [] []
[2024-12-23T01:37:51.178039+00:00] application.ALERT: sligant51u4v27eah6mv7s4lp0 [] []
[2024-12-23T01:38:50.663183+00:00] application.ALERT: sligant51u4v27eah6mv7s4lp0 [] []
[2024-12-23T01:38:57.327785+00:00] application.ALERT: sligant51u4v27eah6mv7s4lp0 [] []
[2024-12-23T01:39:01.199532+00:00] application.ALERT: sligant51u4v27eah6mv7s4lp0 [] []
[2024-12-23T01:39:03.581103+00:00] application.ALERT: sligant51u4v27eah6mv7s4lp0 [] []
[2024-12-23T01:40:18.750567+00:00] application.ALERT: sligant51u4v27eah6mv7s4lp0 [] []
[2024-12-23T01:40:23.550155+00:00] application.ALERT: sligant51u4v27eah6mv7s4lp0 [] []
[2024-12-23T01:42:31.865992+00:00] application.ALERT: sligant51u4v27eah6mv7s4lp0 [] []
[2024-12-23T01:43:00.029670+00:00] application.ALERT: sligant51u4v27eah6mv7s4lp0 [] []
[2024-12-23T01:43:40.422265+00:00] application.ALERT: sligant51u4v27eah6mv7s4lp0 [] []
[2024-12-23T01:43:46.776804+00:00] application.ALERT: sligant51u4v27eah6mv7s4lp0 [] []
[2024-12-23T01:46:57.507216+00:00] application.ALERT: sligant51u4v27eah6mv7s4lp0 [] []
[2024-12-23T01:47:02.126735+00:00] application.ALERT: sligant51u4v27eah6mv7s4lp0 [] []
[2024-12-23T01:47:56.826323+00:00] application.ALERT: sligant51u4v27eah6mv7s4lp0 [] []
[2024-12-23T01:48:07.787518+00:00] application.ALERT: sligant51u4v27eah6mv7s4lp0 [] []
[2024-12-23T01:58:12.850976+00:00] application.ALERT: sligant51u4v27eah6mv7s4lp0 [] []
[2024-12-23T01:58:19.106444+00:00] application.ALERT: sligant51u4v27eah6mv7s4lp0 [] []
[2024-12-23T01:58:57.625787+00:00] application.ALERT: sligant51u4v27eah6mv7s4lp0 [] []
[2024-12-23T01:59:01.076428+00:00] application.ALERT: sligant51u4v27eah6mv7s4lp0 [] []
[2024-12-23T01:59:06.119159+00:00] application.ALERT: sligant51u4v27eah6mv7s4lp0 [] []
[2024-12-23T01:59:08.254551+00:00] application.ALERT: sligant51u4v27eah6mv7s4lp0 [] []
[2024-12-23T01:59:11.326565+00:00] application.ALERT: sligant51u4v27eah6mv7s4lp0 [] []
[2024-12-23T02:00:38.961593+00:00] application.ALERT: sligant51u4v27eah6mv7s4lp0 [] []
[2024-12-23T02:00:42.163664+00:00] application.ALERT: sligant51u4v27eah6mv7s4lp0 [] []
[2024-12-23T02:00:48.058569+00:00] application.ALERT: sligant51u4v27eah6mv7s4lp0 [] []
[2024-12-23T02:00:51.189521+00:00] application.ALERT: sligant51u4v27eah6mv7s4lp0 [] []
[2024-12-23T02:00:53.906936+00:00] application.ALERT: sligant51u4v27eah6mv7s4lp0 [] []
[2024-12-23T02:00:56.695355+00:00] application.ALERT: sligant51u4v27eah6mv7s4lp0 [] []
[2024-12-23T02:00:58.224172+00:00] application.ALERT: sligant51u4v27eah6mv7s4lp0 [] []
[2024-12-23T02:01:03.288843+00:00] application.ALERT: sligant51u4v27eah6mv7s4lp0 [] []
[2024-12-23T02:01:08.739970+00:00] application.ALERT: sligant51u4v27eah6mv7s4lp0 [] []
[2024-12-23T02:01:13.241736+00:00] application.ALERT: sligant51u4v27eah6mv7s4lp0 [] []
[2024-12-23T02:01:23.251294+00:00] application.ALERT: sligant51u4v27eah6mv7s4lp0 [] []
[2024-12-23T02:01:27.058978+00:00] application.ALERT: sligant51u4v27eah6mv7s4lp0 [] []
[2024-12-23T02:01:45.553017+00:00] application.ALERT: sligant51u4v27eah6mv7s4lp0 [] []
[2024-12-23T02:03:08.989872+00:00] application.ALERT: sligant51u4v27eah6mv7s4lp0 [] []
[2024-12-23T02:03:14.241735+00:00] application.ALERT: sligant51u4v27eah6mv7s4lp0 [] []
[2024-12-23T02:03:19.185413+00:00] application.ALERT: sligant51u4v27eah6mv7s4lp0 [] []
[2024-12-23T02:03:21.708278+00:00] application.ALERT: sligant51u4v27eah6mv7s4lp0 [] []
[2024-12-23T02:06:13.525191+00:00] application.ALERT: sligant51u4v27eah6mv7s4lp0 [] []
[2024-12-23T02:06:19.963849+00:00] application.ALERT: sligant51u4v27eah6mv7s4lp0 [] []
[2024-12-23T02:06:23.877620+00:00] application.ALERT: sligant51u4v27eah6mv7s4lp0 [] []
[2024-12-23T02:07:08.645945+00:00] application.ALERT: sligant51u4v27eah6mv7s4lp0 [] []
[2024-12-23T02:09:34.282257+00:00] application.ALERT: sligant51u4v27eah6mv7s4lp0 [] []
[2024-12-23T02:09:37.795916+00:00] application.ALERT: sligant51u4v27eah6mv7s4lp0 [] []
[2024-12-23T02:09:40.660690+00:00] application.ALERT: sligant51u4v27eah6mv7s4lp0 [] []
[2024-12-23T02:09:41.921625+00:00] application.ALERT: sligant51u4v27eah6mv7s4lp0 [] []
[2024-12-23T02:09:44.004784+00:00] application.ALERT: sligant51u4v27eah6mv7s4lp0 [] []
[2024-12-23T02:09:45.555634+00:00] application.ALERT: sligant51u4v27eah6mv7s4lp0 [] []
[2024-12-23T02:09:47.758321+00:00] application.ALERT: sligant51u4v27eah6mv7s4lp0 [] []
[2024-12-23T02:09:49.472429+00:00] application.ALERT: sligant51u4v27eah6mv7s4lp0 [] []
[2024-12-23T02:10:37.726508+00:00] application.ALERT: sligant51u4v27eah6mv7s4lp0 [] []
[2024-12-23T02:10:42.696243+00:00] application.ALERT: sligant51u4v27eah6mv7s4lp0 [] []
[2024-12-23T02:10:44.723423+00:00] application.ALERT: sligant51u4v27eah6mv7s4lp0 [] []
[2024-12-23T02:10:46.805527+00:00] application.ALERT: sligant51u4v27eah6mv7s4lp0 [] []
[2024-12-23T02:11:01.353184+00:00] application.ALERT: sligant51u4v27eah6mv7s4lp0 [] []
[2024-12-23T02:11:13.120433+00:00] application.ALERT: sligant51u4v27eah6mv7s4lp0 [] []
[2024-12-23T02:11:24.512561+00:00] application.ALERT: sligant51u4v27eah6mv7s4lp0 [] []
[2024-12-23T02:11:59.393490+00:00] application.ALERT: sligant51u4v27eah6mv7s4lp0 [] []
[2024-12-23T02:12:05.875130+00:00] application.ALERT: sligant51u4v27eah6mv7s4lp0 [] []
[2024-12-23T02:12:11.624022+00:00] application.ALERT: sligant51u4v27eah6mv7s4lp0 [] []
[2024-12-23T02:21:56.921772+00:00] application.ALERT: sligant51u4v27eah6mv7s4lp0 [] []
[2024-12-23T02:22:09.329474+00:00] application.ALERT: sligant51u4v27eah6mv7s4lp0 [] []
[2024-12-23T02:23:14.081838+00:00] application.ALERT: sligant51u4v27eah6mv7s4lp0 [] []
[2024-12-23T02:23:18.307238+00:00] application.ALERT: sligant51u4v27eah6mv7s4lp0 [] []
[2024-12-23T02:23:25.733655+00:00] application.ALERT: sligant51u4v27eah6mv7s4lp0 [] []
[2024-12-23T02:23:42.892893+00:00] application.ALERT: sligant51u4v27eah6mv7s4lp0 [] []
[2024-12-23T02:23:54.718918+00:00] application.ALERT: sligant51u4v27eah6mv7s4lp0 [] []
[2024-12-23T02:27:21.447269+00:00] application.ALERT: sligant51u4v27eah6mv7s4lp0 [] []
[2024-12-23T02:27:24.922924+00:00] application.ALERT: sligant51u4v27eah6mv7s4lp0 [] []
[2024-12-23T02:27:28.251201+00:00] application.ALERT: sligant51u4v27eah6mv7s4lp0 [] []
[2024-12-23T02:29:32.843790+00:00] application.ALERT: sligant51u4v27eah6mv7s4lp0 [] []
[2024-12-23T02:29:38.324951+00:00] application.ALERT: sligant51u4v27eah6mv7s4lp0 [] []
[2024-12-23T02:30:00.589984+00:00] application.ALERT: sligant51u4v27eah6mv7s4lp0 [] []
[2024-12-23T02:30:02.243504+00:00] application.ALERT: sligant51u4v27eah6mv7s4lp0 [] []
[2024-12-23T02:30:06.309503+00:00] application.ALERT: sligant51u4v27eah6mv7s4lp0 [] []
[2024-12-23T02:30:06.440856+00:00] application.NOTICE: Пользователь Максим Андросик изменил данные регистрации [] []
[2024-12-23T02:31:39.623796+00:00] application.ALERT: sligant51u4v27eah6mv7s4lp0 [] []
[2024-12-23T02:31:44.799930+00:00] application.ALERT: sligant51u4v27eah6mv7s4lp0 [] []
[2024-12-23T02:31:44.832489+00:00] application.NOTICE: Пользователь Максим123 Андросик изменил данные регистрации [] []
[2024-12-23T02:31:56.132665+00:00] application.ALERT: sligant51u4v27eah6mv7s4lp0 [] []
[2024-12-23T02:32:01.670534+00:00] application.ALERT: sligant51u4v27eah6mv7s4lp0 [] []
[2024-12-23T02:32:01.726051+00:00] application.NOTICE: Пользователь Максим Андросик изменил данные регистрации [] []
[2024-12-23T02:32:16.244812+00:00] application.ALERT: sligant51u4v27eah6mv7s4lp0 [] []
[2024-12-23T02:32:20.509150+00:00] application.ALERT: sligant51u4v27eah6mv7s4lp0 [] []
[2024-12-23T02:32:22.977569+00:00] application.ALERT: sligant51u4v27eah6mv7s4lp0 [] []
[2024-12-23T02:32:24.346889+00:00] application.ALERT: sligant51u4v27eah6mv7s4lp0 [] []
[2024-12-23T02:32:28.445501+00:00] application.ALERT: sligant51u4v27eah6mv7s4lp0 [] []
[2024-12-23T02:33:31.028919+00:00] application.ALERT: sligant51u4v27eah6mv7s4lp0 [] []
[2024-12-23T02:33:34.338153+00:00] application.ALERT: sligant51u4v27eah6mv7s4lp0 [] []
[2024-12-23T02:33:42.221430+00:00] application.ALERT: sligant51u4v27eah6mv7s4lp0 [] []
[2024-12-23T02:34:37.616066+00:00] application.ALERT: sligant51u4v27eah6mv7s4lp0 [] []
[2024-12-23T02:34:42.469232+00:00] application.ALERT: sligant51u4v27eah6mv7s4lp0 [] []
[2024-12-23T02:35:14.307907+00:00] application.ALERT: sligant51u4v27eah6mv7s4lp0 [] []
[2024-12-23T02:35:20.007288+00:00] application.ALERT: sligant51u4v27eah6mv7s4lp0 [] []
[2024-12-23T02:35:20.039773+00:00] application.NOTICE: Пользователь Максим123 Андросик изменил данные регистрации [] []
[2024-12-23T02:36:08.704104+00:00] application.ALERT: sligant51u4v27eah6mv7s4lp0 [] []
[2024-12-23T02:36:20.740559+00:00] application.ALERT: sligant51u4v27eah6mv7s4lp0 [] []
[2024-12-23T02:36:22.899078+00:00] application.ALERT: sligant51u4v27eah6mv7s4lp0 [] []
[2024-12-23T02:36:27.324926+00:00] application.ALERT: sligant51u4v27eah6mv7s4lp0 [] []
[2024-12-23T02:47:42.042126+00:00] application.ALERT: sligant51u4v27eah6mv7s4lp0 [] []
[2024-12-23T02:47:45.621620+00:00] application.ALERT: sligant51u4v27eah6mv7s4lp0 [] []
[2024-12-23T02:48:03.260222+00:00] application.ALERT: sligant51u4v27eah6mv7s4lp0 [] []
[2024-12-23T02:48:09.218455+00:00] application.ALERT: sligant51u4v27eah6mv7s4lp0 [] []
[2024-12-23T02:48:14.992521+00:00] application.ALERT: sligant51u4v27eah6mv7s4lp0 [] []
[2024-12-23T02:48:19.470517+00:00] application.ALERT: sligant51u4v27eah6mv7s4lp0 [] []
[2024-12-23T02:48:22.638964+00:00] application.ALERT: sligant51u4v27eah6mv7s4lp0 [] []
[2024-12-23T02:48:28.213225+00:00] application.ALERT: sligant51u4v27eah6mv7s4lp0 [] []
[2024-12-23T02:49:10.494870+00:00] application.ALERT: sligant51u4v27eah6mv7s4lp0 [] []
[2024-12-23T02:49:17.628422+00:00] application.ALERT: sligant51u4v27eah6mv7s4lp0 [] []
[2024-12-23T02:50:32.343566+00:00] application.ALERT: sligant51u4v27eah6mv7s4lp0 [] []
[2024-12-23T02:50:37.509942+00:00] application.ALERT: sligant51u4v27eah6mv7s4lp0 [] []
[2024-12-23T02:51:58.476247+00:00] application.ALERT: sligant51u4v27eah6mv7s4lp0 [] []
[2024-12-23T02:54:55.261056+00:00] application.ALERT: sligant51u4v27eah6mv7s4lp0 [] []
[2024-12-23T02:55:00.112328+00:00] application.ALERT: sligant51u4v27eah6mv7s4lp0 [] []
[2024-12-23T02:55:17.998736+00:00] application.ALERT: sligant51u4v27eah6mv7s4lp0 [] []
[2024-12-23T02:55:22.333802+00:00] application.ALERT: sligant51u4v27eah6mv7s4lp0 [] []
[2024-12-23T02:57:33.390906+00:00] application.ALERT: sligant51u4v27eah6mv7s4lp0 [] []
[2024-12-23T02:57:35.705051+00:00] application.ALERT: sligant51u4v27eah6mv7s4lp0 [] []
[2024-12-23T02:57:40.472577+00:00] application.ALERT: sligant51u4v27eah6mv7s4lp0 [] []
[2024-12-23T02:57:44.617018+00:00] application.ALERT: sligant51u4v27eah6mv7s4lp0 [] []
[2024-12-23T02:59:19.019360+00:00] application.ALERT: sligant51u4v27eah6mv7s4lp0 [] []
[2024-12-23T02:59:28.292397+00:00] application.ALERT: sligant51u4v27eah6mv7s4lp0 [] []
[2024-12-23T02:59:28.332451+00:00] application.NOTICE: Пользователь Максим Андросик изменил данные регистрации [] []
[2024-12-23T03:00:58.509663+00:00] application.ALERT: sligant51u4v27eah6mv7s4lp0 [] []
[2024-12-23T03:01:03.652005+00:00] application.ALERT: sligant51u4v27eah6mv7s4lp0 [] []
[2024-12-23T03:01:03.685456+00:00] application.NOTICE: Пользователь Максим123 Андросик изменил данные регистрации [] []
[2024-12-23T03:01:41.409075+00:00] application.ALERT: sligant51u4v27eah6mv7s4lp0 [] []
[2024-12-23T03:01:48.091858+00:00] application.ALERT: sligant51u4v27eah6mv7s4lp0 [] []
[2024-12-23T03:01:48.141862+00:00] application.NOTICE: Пользователь Максим Андросик изменил данные регистрации [] []
[2024-12-23T03:02:11.237013+00:00] application.ALERT: sligant51u4v27eah6mv7s4lp0 [] []
[2024-12-23T03:02:13.403000+00:00] application.ALERT: sligant51u4v27eah6mv7s4lp0 [] []
[2024-12-23T03:02:17.076922+00:00] application.ALERT: sligant51u4v27eah6mv7s4lp0 [] []
[2024-12-23T03:04:43.231612+00:00] application.ALERT: sligant51u4v27eah6mv7s4lp0 [] []
[2024-12-23T03:06:07.366627+00:00] application.ALERT: sligant51u4v27eah6mv7s4lp0 [] []
[2024-12-23T03:06:10.016841+00:00] application.ALERT: sligant51u4v27eah6mv7s4lp0 [] []
[2024-12-23T03:06:15.061443+00:00] application.ALERT: sligant51u4v27eah6mv7s4lp0 [] []
[2024-12-23T03:06:27.319636+00:00] application.ALERT: sligant51u4v27eah6mv7s4lp0 [] []
[2024-12-23T03:06:37.160047+00:00] application.ALERT: sligant51u4v27eah6mv7s4lp0 [] []
[2024-12-23T03:06:41.315056+00:00] application.ALERT: sligant51u4v27eah6mv7s4lp0 [] []
[2024-12-23T03:06:57.269705+00:00] application.ALERT: sligant51u4v27eah6mv7s4lp0 [] []
[2024-12-23T03:06:59.350437+00:00] application.ALERT: sligant51u4v27eah6mv7s4lp0 [] []
[2024-12-23T03:07:04.080020+00:00] application.ALERT: sligant51u4v27eah6mv7s4lp0 [] []
[2024-12-23T03:07:25.649004+00:00] application.ALERT: sligant51u4v27eah6mv7s4lp0 [] []
[2024-12-23T03:07:29.986032+00:00] application.ALERT: sligant51u4v27eah6mv7s4lp0 [] []
[2024-12-23T03:07:30.040420+00:00] application.NOTICE: Пользователь Максим123 Андросик изменил данные регистрации [] []
[2024-12-23T03:07:41.338693+00:00] application.ALERT: sligant51u4v27eah6mv7s4lp0 [] []
[2024-12-23T03:07:49.034805+00:00] application.ALERT: sligant51u4v27eah6mv7s4lp0 [] []
[2024-12-23T03:07:49.070180+00:00] application.NOTICE: Пользователь Максим123 Андросик изменил данные регистрации [] []
[2024-12-23T03:09:18.113341+00:00] application.ALERT: sligant51u4v27eah6mv7s4lp0 [] []
[2024-12-23T03:09:22.815590+00:00] application.ALERT: sligant51u4v27eah6mv7s4lp0 [] []
[2024-12-23T03:09:22.819280+00:00] application.ERROR: Класс Geekbrains\Application1\Domain\Controllers\UpdateController не существует [] []
[2024-12-23T03:09:23.088442+00:00] application.ALERT: sligant51u4v27eah6mv7s4lp0 [] []
[2024-12-23T03:09:23.098724+00:00] application.ERROR: Класс Geekbrains\Application1\Domain\Controllers\UpdateController не существует [] []
[2024-12-23T03:09:42.018846+00:00] application.ALERT: sligant51u4v27eah6mv7s4lp0 [] []
[2024-12-23T03:09:45.950202+00:00] application.ALERT: sligant51u4v27eah6mv7s4lp0 [] []
[2024-12-23T03:09:51.990982+00:00] application.ALERT: sligant51u4v27eah6mv7s4lp0 [] []
[2024-12-23T03:09:52.023025+00:00] application.NOTICE: Пользователь Максим Андросик изменил данные регистрации [] []
[2024-12-23T03:10:08.220248+00:00] application.ALERT: sligant51u4v27eah6mv7s4lp0 [] []
[2024-12-23T03:10:10.680738+00:00] application.ALERT: sligant51u4v27eah6mv7s4lp0 [] []
[2024-12-23T03:10:17.550867+00:00] application.ALERT: sligant51u4v27eah6mv7s4lp0 [] []
[2024-12-23T03:10:48.145435+00:00] application.ALERT: sligant51u4v27eah6mv7s4lp0 [] []
[2024-12-23T03:10:48.149984+00:00] application.ERROR: Класс Geekbrains\Application1\Domain\Controllers\UsersdfsdfController не существует [] []
[2024-12-23T03:10:56.528077+00:00] application.ALERT: sligant51u4v27eah6mv7s4lp0 [] []
[2024-12-23T03:10:56.533478+00:00] application.ERROR: Метод actionAsdasd не существует [] []
[2024-12-23T03:11:10.104929+00:00] application.ALERT: sligant51u4v27eah6mv7s4lp0 [] []
[2024-12-23T03:11:14.771995+00:00] application.ALERT: sligant51u4v27eah6mv7s4lp0 [] []
[2024-12-23T03:11:19.560265+00:00] application.ALERT: sligant51u4v27eah6mv7s4lp0 [] []
[2024-12-23T03:11:24.484299+00:00] application.ALERT: sligant51u4v27eah6mv7s4lp0 [] []
[2024-12-23T03:11:27.009022+00:00] application.ALERT: sligant51u4v27eah6mv7s4lp0 [] []
[2024-12-23T03:11:36.010071+00:00] application.ALERT: sligant51u4v27eah6mv7s4lp0 [] []
[2024-12-23T03:11:51.690878+00:00] application.ALERT: sligant51u4v27eah6mv7s4lp0 [] []
[2024-12-23T03:11:53.753532+00:00] application.ALERT: sligant51u4v27eah6mv7s4lp0 [] []
[2024-12-23T03:11:55.728060+00:00] application.ALERT: sligant51u4v27eah6mv7s4lp0 [] []
[2024-12-23T03:11:55.825267+00:00] application.NOTICE: Пользователь Екатерина Костыркина изменил данные регистрации [] []
[2024-12-23T03:12:07.065848+00:00] application.ALERT: sligant51u4v27eah6mv7s4lp0 [] []
[2024-12-23T03:12:09.189695+00:00] application.ALERT: sligant51u4v27eah6mv7s4lp0 [] []
[2024-12-23T03:12:28.460814+00:00] application.ALERT: sligant51u4v27eah6mv7s4lp0 [] []
[2024-12-23T03:12:28.500742+00:00] application.NOTICE: Пользователь Максим Андросик изменил данные регистрации [] []
[2024-12-23T03:12:47.165140+00:00] application.ALERT: sligant51u4v27eah6mv7s4lp0 [] []
[2024-12-23T03:12:52.257956+00:00] application.ALERT: sligant51u4v27eah6mv7s4lp0 [] []
[2024-12-23T03:12:52.299196+00:00] application.NOTICE: Пользователь Максим123 Андросик изменил данные регистрации [] []
[2024-12-23T03:13:02.859904+00:00] application.ALERT: sligant51u4v27eah6mv7s4lp0 [] []
[2024-12-23T03:13:06.126862+00:00] application.ALERT: sligant51u4v27eah6mv7s4lp0 [] []
[2024-12-23T03:14:31.689385+00:00] application.ALERT: sligant51u4v27eah6mv7s4lp0 [] []
[2024-12-23T03:14:37.008197+00:00] application.ALERT: sligant51u4v27eah6mv7s4lp0 [] []
[2024-12-23T03:15:02.770957+00:00] application.ALERT: sligant51u4v27eah6mv7s4lp0 [] []
[2024-12-23T03:15:07.842337+00:00] application.ALERT: sligant51u4v27eah6mv7s4lp0 [] []
[2024-12-23T03:15:12.491817+00:00] application.ALERT: sligant51u4v27eah6mv7s4lp0 [] []
[2024-12-23T03:15:12.530251+00:00] application.NOTICE: Пользователь Максим Андросик изменил данные регистрации [] []
[2024-12-23T03:15:17.982542+00:00] application.ALERT: sligant51u4v27eah6mv7s4lp0 [] []
[2024-12-23T03:15:53.242249+00:00] application.ALERT: sligant51u4v27eah6mv7s4lp0 [] []
[2024-12-23T03:16:21.265842+00:00] application.ALERT: sligant51u4v27eah6mv7s4lp0 [] []
[2024-12-23T03:16:24.846167+00:00] application.ALERT: sligant51u4v27eah6mv7s4lp0 [] []
[2024-12-23T03:16:44.695461+00:00] application.ALERT: sligant51u4v27eah6mv7s4lp0 [] []
[2024-12-23T03:17:00.748050+00:00] application.ALERT: sligant51u4v27eah6mv7s4lp0 [] []
[2024-12-23T03:17:27.015505+00:00] application.ALERT: sligant51u4v27eah6mv7s4lp0 [] []
[2024-12-23T03:17:38.965113+00:00] application.ALERT: sligant51u4v27eah6mv7s4lp0 [] []
[2024-12-23T03:18:03.236372+00:00] application.ALERT: sligant51u4v27eah6mv7s4lp0 [] []
[2024-12-23T03:18:10.949050+00:00] application.ALERT: sligant51u4v27eah6mv7s4lp0 [] []
[2024-12-23T03:18:13.743342+00:00] application.ALERT: sligant51u4v27eah6mv7s4lp0 [] []
[2024-12-23T03:18:17.881932+00:00] application.ALERT: sligant51u4v27eah6mv7s4lp0 [] []
[2024-12-23T03:18:32.783612+00:00] application.ALERT: sligant51u4v27eah6mv7s4lp0 [] []
[2024-12-23T03:18:34.735920+00:00] application.ALERT: sligant51u4v27eah6mv7s4lp0 [] []
[2024-12-23T03:18:39.850605+00:00] application.ALERT: sligant51u4v27eah6mv7s4lp0 [] []
[2024-12-23T03:18:48.278983+00:00] application.ALERT: sligant51u4v27eah6mv7s4lp0 [] []
[2024-12-23T03:18:48.326427+00:00] application.NOTICE: Пользователь Тимошка Андросик изменил данные регистрации [] []
[2024-12-23T03:18:59.935982+00:00] application.ALERT: sligant51u4v27eah6mv7s4lp0 [] []
[2024-12-23T03:19:02.798920+00:00] application.ALERT: sligant51u4v27eah6mv7s4lp0 [] []
[2024-12-23T03:19:18.280483+00:00] application.ALERT: sligant51u4v27eah6mv7s4lp0 [] []
[2024-12-23T03:19:18.343743+00:00] application.NOTICE: Пользователь Максим Андросик изменил данные регистрации [] []
[2024-12-23T03:19:21.731684+00:00] application.ALERT: sligant51u4v27eah6mv7s4lp0 [] []
[2024-12-23T03:19:25.979989+00:00] application.ALERT: sligant51u4v27eah6mv7s4lp0 [] []
[2024-12-23T03:19:31.585566+00:00] application.ALERT: sligant51u4v27eah6mv7s4lp0 [] []
[2024-12-23T03:19:31.747811+00:00] application.NOTICE: Пользователь Тимофей345 Андросик изменил данные регистрации [] []
[2024-12-23T03:22:18.207441+00:00] application.ALERT: sligant51u4v27eah6mv7s4lp0 [] []
[2024-12-23T03:22:20.237889+00:00] application.ALERT: sligant51u4v27eah6mv7s4lp0 [] []
[2024-12-23T03:22:31.208966+00:00] application.ALERT: sligant51u4v27eah6mv7s4lp0 [] []
[2024-12-23T03:22:31.252210+00:00] application.NOTICE: Пользователь Максим Андросик изменил данные регистрации [] []
[2024-12-23T03:22:49.469150+00:00] application.ALERT: sligant51u4v27eah6mv7s4lp0 [] []
[2024-12-23T03:22:52.502889+00:00] application.ALERT: sligant51u4v27eah6mv7s4lp0 [] []
[2024-12-23T03:22:57.391613+00:00] application.ALERT: sligant51u4v27eah6mv7s4lp0 [] []
[2024-12-23T03:22:57.429394+00:00] application.NOTICE: Пользователь Екатерина123 Костыркина изменил данные регистрации [] []
[2024-12-23T03:25:43.577072+00:00] application.ALERT: sligant51u4v27eah6mv7s4lp0 [] []
[2024-12-23T03:25:47.272143+00:00] application.ALERT: sligant51u4v27eah6mv7s4lp0 [] []
[2024-12-23T03:26:01.776978+00:00] application.ALERT: sligant51u4v27eah6mv7s4lp0 [] []
[2024-12-23T03:26:01.785364+00:00] application.NOTICE: Пользователь Максим Андросик изменил данные регистрации [] []
[2024-12-23T03:30:31.624135+00:00] application.ALERT: sligant51u4v27eah6mv7s4lp0 [] []
[2024-12-23T03:30:33.530827+00:00] application.ALERT: sligant51u4v27eah6mv7s4lp0 [] []
[2024-12-23T03:30:35.712511+00:00] application.ALERT: sligant51u4v27eah6mv7s4lp0 [] []
[2024-12-23T03:30:47.481271+00:00] application.ALERT: sligant51u4v27eah6mv7s4lp0 [] []
[2024-12-23T03:30:47.522912+00:00] application.NOTICE: Пользователь Максим Андросик изменил данные регистрации [] []
[2024-12-23T03:30:53.186651+00:00] application.ALERT: sligant51u4v27eah6mv7s4lp0 [] []
[2024-12-23T03:30:55.931686+00:00] application.ALERT: sligant51u4v27eah6mv7s4lp0 [] []
[2024-12-23T03:31:04.133136+00:00] application.ALERT: sligant51u4v27eah6mv7s4lp0 [] []
[2024-12-23T03:31:04.166400+00:00] application.NOTICE: Пользователь Тимошка Андросик изменил данные регистрации [] []
[2024-12-23T03:31:49.245071+00:00] application.ALERT: sligant51u4v27eah6mv7s4lp0 [] []
[2024-12-23T03:32:23.037423+00:00] application.ALERT: sligant51u4v27eah6mv7s4lp0 [] []
[2024-12-23T03:32:40.596031+00:00] application.ALERT: sligant51u4v27eah6mv7s4lp0 [] []
[2024-12-23T03:32:45.983593+00:00] application.ALERT: sligant51u4v27eah6mv7s4lp0 [] []
[2024-12-23T03:32:51.331575+00:00] application.ALERT: sligant51u4v27eah6mv7s4lp0 [] []
[2024-12-23T03:32:57.006287+00:00] application.ALERT: sligant51u4v27eah6mv7s4lp0 [] []
[2024-12-23T03:32:57.043082+00:00] application.NOTICE: Пользователь Максим123 Андросик изменил данные регистрации [] []
[2024-12-23T03:33:00.295090+00:00] application.ALERT: sligant51u4v27eah6mv7s4lp0 [] []
[2024-12-23T03:33:04.503096+00:00] application.ALERT: sligant51u4v27eah6mv7s4lp0 [] []
[2024-12-23T03:33:04.536787+00:00] application.NOTICE: Пользователь Максим Андросик изменил данные регистрации [] []
[2024-12-23T03:33:13.050154+00:00] application.ALERT: sligant51u4v27eah6mv7s4lp0 [] []
[2024-12-23T03:33:18.633833+00:00] application.ALERT: sligant51u4v27eah6mv7s4lp0 [] []
[2024-12-23T03:33:18.669174+00:00] application.NOTICE: Пользователь Максим123 Андросик изменил данные регистрации [] []
[2024-12-23T03:33:31.432327+00:00] application.ALERT: sligant51u4v27eah6mv7s4lp0 [] []
[2024-12-23T03:33:34.664052+00:00] application.ALERT: sligant51u4v27eah6mv7s4lp0 [] []
[2024-12-23T03:33:38.590985+00:00] application.ALERT: sligant51u4v27eah6mv7s4lp0 [] []
[2024-12-23T03:33:38.635403+00:00] application.NOTICE: Пользователь Максим Андросик изменил данные регистрации [] []
[2024-12-23T03:33:42.340563+00:00] application.ALERT: sligant51u4v27eah6mv7s4lp0 [] []
[2024-12-23T03:33:44.366899+00:00] application.ALERT: sligant51u4v27eah6mv7s4lp0 [] []
[2024-12-23T03:33:51.213250+00:00] application.ALERT: sligant51u4v27eah6mv7s4lp0 [] []
[2024-12-23T03:33:51.422372+00:00] application.NOTICE: Пользователь Тимофей Андросик изменил данные регистрации [] []
[2024-12-23T03:34:03.848290+00:00] application.ALERT: sligant51u4v27eah6mv7s4lp0 [] []
[2024-12-23T03:34:10.173876+00:00] application.ALERT: sligant51u4v27eah6mv7s4lp0 [] []
[2024-12-23T03:34:10.438227+00:00] application.ALERT: sligant51u4v27eah6mv7s4lp0 [] []
[2024-12-23T03:34:22.925035+00:00] application.ALERT: sligant51u4v27eah6mv7s4lp0 [] []
[2024-12-23T03:34:38.755788+00:00] application.ALERT: sligant51u4v27eah6mv7s4lp0 [] []
[2024-12-23T03:34:45.100568+00:00] application.ALERT: sligant51u4v27eah6mv7s4lp0 [] []
[2024-12-23T03:35:57.022219+00:00] application.ALERT: sligant51u4v27eah6mv7s4lp0 [] []
[2024-12-23T03:36:04.205855+00:00] application.ALERT: sligant51u4v27eah6mv7s4lp0 [] []
[2024-12-23T03:36:12.414203+00:00] application.ALERT: sligant51u4v27eah6mv7s4lp0 [] []
[2024-12-23T03:36:16.225335+00:00] application.ALERT: sligant51u4v27eah6mv7s4lp0 [] []
[2024-12-23T03:37:03.195752+00:00] application.ALERT: sligant51u4v27eah6mv7s4lp0 [] []
[2024-12-23T03:37:07.845578+00:00] application.ALERT: sligant51u4v27eah6mv7s4lp0 [] []
[2024-12-23T03:37:16.604430+00:00] application.ALERT: sligant51u4v27eah6mv7s4lp0 [] []
[2024-12-23T03:37:19.859461+00:00] application.ALERT: sligant51u4v27eah6mv7s4lp0 [] []
[2024-12-23T03:37:28.969638+00:00] application.ALERT: sligant51u4v27eah6mv7s4lp0 [] []
[2024-12-23T03:37:29.127549+00:00] application.NOTICE: Авторизация пользователя Максим Андросик [] []
[2024-12-23T03:37:29.455337+00:00] application.ALERT: sligant51u4v27eah6mv7s4lp0 [] []
[2024-12-23T03:37:32.026129+00:00] application.ALERT: sligant51u4v27eah6mv7s4lp0 [] []
[2024-12-23T03:37:34.146328+00:00] application.ALERT: sligant51u4v27eah6mv7s4lp0 [] []
[2024-12-23T03:37:38.279562+00:00] application.ALERT: sligant51u4v27eah6mv7s4lp0 [] []
[2024-12-23T03:37:38.317592+00:00] application.NOTICE: Пользователь Тимофей123 Андросик изменил данные регистрации [] []
[2024-12-23T03:38:17.659931+00:00] application.ALERT: sligant51u4v27eah6mv7s4lp0 [] []
[2024-12-23T03:38:20.230479+00:00] application.ALERT: sligant51u4v27eah6mv7s4lp0 [] []
[2024-12-23T03:38:23.937926+00:00] application.ALERT: sligant51u4v27eah6mv7s4lp0 [] []
[2024-12-23T03:38:23.976476+00:00] application.NOTICE: Пользователь Тимофей Андросик изменил данные регистрации [] []
[2024-12-23T03:38:30.824076+00:00] application.ALERT: sligant51u4v27eah6mv7s4lp0 [] []
[2024-12-23T03:38:32.990805+00:00] application.ALERT: sligant51u4v27eah6mv7s4lp0 [] []
[2024-12-23T03:40:21.731473+00:00] application.ALERT: sligant51u4v27eah6mv7s4lp0 [] []
[2024-12-23T03:45:04.021409+00:00] application.ALERT: sligant51u4v27eah6mv7s4lp0 [] []
[2024-12-23T03:45:38.703222+00:00] application.ALERT: sligant51u4v27eah6mv7s4lp0 [] []
[2024-12-23T03:46:53.999366+00:00] application.ALERT: sligant51u4v27eah6mv7s4lp0 [] []
[2024-12-23T03:47:38.685957+00:00] application.ALERT: sligant51u4v27eah6mv7s4lp0 [] []
[2024-12-23T03:48:19.006149+00:00] application.ALERT: sligant51u4v27eah6mv7s4lp0 [] []
[2024-12-23T03:49:23.020909+00:00] application.ALERT: sligant51u4v27eah6mv7s4lp0 [] []
[2024-12-23T03:51:09.014984+00:00] application.ALERT: sligant51u4v27eah6mv7s4lp0 [] []
[2024-12-23T03:51:28.914035+00:00] application.ALERT: sligant51u4v27eah6mv7s4lp0 [] []
[2024-12-23T03:52:20.376770+00:00] application.ALERT: sligant51u4v27eah6mv7s4lp0 [] []
[2024-12-23T03:52:36.128697+00:00] application.ALERT: sligant51u4v27eah6mv7s4lp0 [] []
[2024-12-23T03:52:57.899387+00:00] application.ALERT: sligant51u4v27eah6mv7s4lp0 [] []
[2024-12-23T03:53:16.517268+00:00] application.ALERT: sligant51u4v27eah6mv7s4lp0 [] []
[2024-12-23T03:57:16.420203+00:00] application.ALERT: sligant51u4v27eah6mv7s4lp0 [] []
[2024-12-23T16:38:37.515776+00:00] application.ALERT: 8bimek1donckevjll4o7hgfq7v [] []
[2024-12-23T16:38:40.856967+00:00] application.ALERT: 8bimek1donckevjll4o7hgfq7v [] []
[2024-12-23T16:38:42.204044+00:00] application.ALERT: 8bimek1donckevjll4o7hgfq7v [] []
[2024-12-23T16:38:45.171214+00:00] application.ALERT: 8bimek1donckevjll4o7hgfq7v [] []
[2024-12-23T16:38:56.519863+00:00] application.ALERT: 8bimek1donckevjll4o7hgfq7v [] []
[2024-12-23T16:39:19.004149+00:00] application.ALERT: 8bimek1donckevjll4o7hgfq7v [] []
[2024-12-23T16:39:19.051151+00:00] application.ERROR: Ошибка авторизации пользователя maxim1980 [] []
[2024-12-23T16:40:20.681676+00:00] application.ALERT: 8bimek1donckevjll4o7hgfq7v [] []
[2024-12-23T16:40:20.797683+00:00] application.NOTICE: Авторизация пользователя Петр Петров [] []
[2024-12-23T16:40:20.906689+00:00] application.ALERT: 8bimek1donckevjll4o7hgfq7v [] []
[2024-12-23T16:40:24.284883+00:00] application.ALERT: 8bimek1donckevjll4o7hgfq7v [] []
[2024-12-23T16:40:30.550241+00:00] application.ALERT: 8bimek1donckevjll4o7hgfq7v [] []
[2024-12-23T16:40:37.634646+00:00] application.ALERT: 8bimek1donckevjll4o7hgfq7v [] []
[2024-12-23T16:40:40.234795+00:00] application.ALERT: 8bimek1donckevjll4o7hgfq7v [] []
[2024-12-23T16:40:40.317800+00:00] application.NOTICE: Пользователь Петр Петров изменил данные регистрации [] []
[2024-12-23T16:40:43.435978+00:00] application.ALERT: 8bimek1donckevjll4o7hgfq7v [] []
[2024-12-23T16:40:44.497039+00:00] application.ALERT: 8bimek1donckevjll4o7hgfq7v [] []
[2024-12-23T16:40:54.311600+00:00] application.ALERT: 8bimek1donckevjll4o7hgfq7v [] []
[2024-12-23T16:41:19.538043+00:00] application.ALERT: 8bimek1donckevjll4o7hgfq7v [] []
[2024-12-23T16:41:19.604047+00:00] application.ALERT: 8bimek1donckevjll4o7hgfq7v [] []
[2024-12-23T16:41:20.957124+00:00] application.ALERT: 8bimek1donckevjll4o7hgfq7v [] []
[2024-12-23T16:42:31.993187+00:00] application.ALERT: 8bimek1donckevjll4o7hgfq7v [] []
[2024-12-23T16:42:31.998187+00:00] application.INFO: Запрос хеша пароля [] []
[2024-12-23T16:42:32.154196+00:00] application.NOTICE: Зарегистрирован новый пользователь Василий Васильев [] []
[2024-12-23T16:42:32.327206+00:00] application.NOTICE: Авторизация пользователя Василий Васильев [] []
[2024-12-23T16:42:38.522560+00:00] application.ALERT: 8bimek1donckevjll4o7hgfq7v [] []
[2024-12-23T16:42:38.603565+00:00] application.ALERT: 8bimek1donckevjll4o7hgfq7v [] []
[2024-12-23T16:42:40.659683+00:00] application.ALERT: 8bimek1donckevjll4o7hgfq7v [] []
[2024-12-23T16:43:14.955644+00:00] application.ALERT: 8bimek1donckevjll4o7hgfq7v [] []
[2024-12-23T16:43:14.963645+00:00] application.INFO: Запрос хеша пароля [] []
[2024-12-23T16:43:15.236660+00:00] application.NOTICE: Зарегистрирован новый пользователь Иван Иванов [] []
[2024-12-23T16:43:15.349667+00:00] application.NOTICE: Авторизация пользователя Иван Иванов [] []
[2024-12-23T16:43:26.296293+00:00] application.ALERT: 8bimek1donckevjll4o7hgfq7v [] []
[2024-12-23T16:43:27.942387+00:00] application.ALERT: 8bimek1donckevjll4o7hgfq7v [] []
[2024-12-23T16:43:31.835610+00:00] application.ALERT: 8bimek1donckevjll4o7hgfq7v [] []
[2024-12-23T16:43:32.943673+00:00] application.ALERT: 8bimek1donckevjll4o7hgfq7v [] []
[2024-12-23T16:43:37.805951+00:00] application.ALERT: 8bimek1donckevjll4o7hgfq7v [] []
[2024-12-23T16:43:41.710175+00:00] application.ALERT: 8bimek1donckevjll4o7hgfq7v [] []
[2024-12-23T16:43:41.746177+00:00] application.NOTICE: Пользователь Василий123 Васильев изменил данные регистрации [] []
[2024-12-23T16:43:44.509335+00:00] application.ALERT: 8bimek1donckevjll4o7hgfq7v [] []
[2024-12-23T16:43:45.876413+00:00] application.ALERT: 8bimek1donckevjll4o7hgfq7v [] []
[2024-12-23T16:43:50.069653+00:00] application.ALERT: 8bimek1donckevjll4o7hgfq7v [] []
[2024-12-23T16:43:50.120656+00:00] application.NOTICE: Пользователь Василий Васильев изменил данные регистрации [] []
[2024-12-23T16:44:05.290523+00:00] application.ALERT: 8bimek1donckevjll4o7hgfq7v [] []
[2024-12-23T16:44:06.548595+00:00] application.ALERT: 8bimek1donckevjll4o7hgfq7v [] []
[2024-12-23T16:44:10.391815+00:00] application.ALERT: 8bimek1donckevjll4o7hgfq7v [] []
[2024-12-23T16:44:12.971963+00:00] application.ALERT: 8bimek1donckevjll4o7hgfq7v [] []
[2024-12-23T16:44:16.061139+00:00] application.ALERT: 8bimek1donckevjll4o7hgfq7v [] []
[2024-12-23T16:44:17.711234+00:00] application.ALERT: 8bimek1donckevjll4o7hgfq7v [] []
[2024-12-23T16:44:22.335498+00:00] application.ALERT: 8bimek1donckevjll4o7hgfq7v [] []
[2024-12-23T16:44:22.377501+00:00] application.ALERT: 8bimek1donckevjll4o7hgfq7v [] []
[2024-12-23T16:44:23.571569+00:00] application.ALERT: 8bimek1donckevjll4o7hgfq7v [] []
[2024-12-23T17:54:13.221727+00:00] application.ALERT: d1ike5q1folr4i3kcvdn1jj5p0 [] []
[2024-12-23T17:55:20.800592+00:00] application.ALERT: d1ike5q1folr4i3kcvdn1jj5p0 [] []
[2024-12-23T17:55:22.611696+00:00] application.ALERT: d1ike5q1folr4i3kcvdn1jj5p0 [] []
[2024-12-23T18:04:46.361941+00:00] application.ALERT: d1ike5q1folr4i3kcvdn1jj5p0 [] []
[2024-12-23T18:04:47.301994+00:00] application.ALERT: d1ike5q1folr4i3kcvdn1jj5p0 [] []
[2024-12-23T18:04:48.527064+00:00] application.ALERT: d1ike5q1folr4i3kcvdn1jj5p0 [] []
[2024-12-23T19:09:17.129336+00:00] application.ALERT: d1ike5q1folr4i3kcvdn1jj5p0 [] []
[2024-12-23T19:14:41.252875+00:00] application.ALERT: d1ike5q1folr4i3kcvdn1jj5p0 [] []
[2024-12-23T19:18:52.240230+00:00] application.ALERT: d1ike5q1folr4i3kcvdn1jj5p0 [] []
[2024-12-23T19:19:04.532933+00:00] application.ALERT: d1ike5q1folr4i3kcvdn1jj5p0 [] []
[2024-12-23T19:19:35.016677+00:00] application.ALERT: d1ike5q1folr4i3kcvdn1jj5p0 [] []
[2024-12-23T19:25:55.432436+00:00] application.ALERT: d1ike5q1folr4i3kcvdn1jj5p0 [] []
[2024-12-23T19:26:12.161392+00:00] application.ALERT: d1ike5q1folr4i3kcvdn1jj5p0 [] []
[2024-12-23T19:26:12.457409+00:00] application.NOTICE: Авторизация пользователя Петр Петров [] []
[2024-12-23T19:26:12.661421+00:00] application.ALERT: d1ike5q1folr4i3kcvdn1jj5p0 [] []
[2024-12-23T19:26:16.976668+00:00] application.ALERT: d1ike5q1folr4i3kcvdn1jj5p0 [] []
[2024-12-23T19:26:18.511756+00:00] application.ALERT: d1ike5q1folr4i3kcvdn1jj5p0 [] []
[2024-12-23T19:26:19.605818+00:00] application.ALERT: d1ike5q1folr4i3kcvdn1jj5p0 [] []
[2024-12-23T19:26:21.478925+00:00] application.ALERT: d1ike5q1folr4i3kcvdn1jj5p0 [] []
[2024-12-23T19:27:04.534388+00:00] application.ALERT: d1ike5q1folr4i3kcvdn1jj5p0 [] []
[2024-12-23T19:27:06.422496+00:00] application.ALERT: d1ike5q1folr4i3kcvdn1jj5p0 [] []
[2024-12-23T19:27:09.641680+00:00] application.ALERT: d1ike5q1folr4i3kcvdn1jj5p0 [] []
[2024-12-23T19:27:11.215770+00:00] application.ALERT: d1ike5q1folr4i3kcvdn1jj5p0 [] []
[2024-12-23T19:27:16.376065+00:00] application.ALERT: d1ike5q1folr4i3kcvdn1jj5p0 [] []
[2024-12-23T20:27:08.095500+00:00] application.ALERT: d1ike5q1folr4i3kcvdn1jj5p0 [] []
[2024-12-23T20:27:09.771596+00:00] application.ALERT: d1ike5q1folr4i3kcvdn1jj5p0 [] []
[2024-12-23T20:29:58.126225+00:00] application.ALERT: d1ike5q1folr4i3kcvdn1jj5p0 [] []
[2024-12-23T20:29:59.700315+00:00] application.ALERT: d1ike5q1folr4i3kcvdn1jj5p0 [] []
[2024-12-23T20:30:52.404330+00:00] application.ALERT: d1ike5q1folr4i3kcvdn1jj5p0 [] []
[2024-12-23T20:30:53.517393+00:00] application.ALERT: d1ike5q1folr4i3kcvdn1jj5p0 [] []
[2024-12-23T20:30:56.686574+00:00] application.ALERT: d1ike5q1folr4i3kcvdn1jj5p0 [] []
[2024-12-23T20:31:00.246778+00:00] application.ALERT: d1ike5q1folr4i3kcvdn1jj5p0 [] []
[2024-12-23T20:31:08.282238+00:00] application.ALERT: d1ike5q1folr4i3kcvdn1jj5p0 [] []
[2024-12-23T20:31:16.109685+00:00] application.ALERT: d1ike5q1folr4i3kcvdn1jj5p0 [] []
[2024-12-23T20:32:03.913420+00:00] application.ALERT: d1ike5q1folr4i3kcvdn1jj5p0 [] []
[2024-12-23T20:32:04.693464+00:00] application.ALERT: d1ike5q1folr4i3kcvdn1jj5p0 [] []
[2024-12-23T20:32:06.713580+00:00] application.ALERT: d1ike5q1folr4i3kcvdn1jj5p0 [] []
[2024-12-23T20:32:10.061771+00:00] application.ALERT: d1ike5q1folr4i3kcvdn1jj5p0 [] []
[2024-12-23T20:33:00.542659+00:00] application.ALERT: d1ike5q1folr4i3kcvdn1jj5p0 [] []
[2024-12-23T20:33:01.414709+00:00] application.ALERT: d1ike5q1folr4i3kcvdn1jj5p0 [] []
[2024-12-23T20:33:03.356820+00:00] application.ALERT: d1ike5q1folr4i3kcvdn1jj5p0 [] []
[2024-12-23T20:33:06.396993+00:00] application.ALERT: d1ike5q1folr4i3kcvdn1jj5p0 [] []
[2024-12-23T20:33:17.928653+00:00] application.ALERT: d1ike5q1folr4i3kcvdn1jj5p0 [] []
[2024-12-23T20:33:28.718270+00:00] application.ALERT: d1ike5q1folr4i3kcvdn1jj5p0 [] []
[2024-12-23T20:34:03.482259+00:00] application.ALERT: d1ike5q1folr4i3kcvdn1jj5p0 [] []
[2024-12-23T20:34:07.450486+00:00] application.ALERT: d1ike5q1folr4i3kcvdn1jj5p0 [] []
[2024-12-23T20:34:08.655554+00:00] application.ALERT: d1ike5q1folr4i3kcvdn1jj5p0 [] []
[2024-12-23T20:34:14.818907+00:00] application.ALERT: d1ike5q1folr4i3kcvdn1jj5p0 [] []
[2024-12-23T20:34:18.955144+00:00] application.ALERT: d1ike5q1folr4i3kcvdn1jj5p0 [] []
[2024-12-23T20:34:49.444888+00:00] application.ALERT: d1ike5q1folr4i3kcvdn1jj5p0 [] []
[2024-12-23T20:34:49.571895+00:00] application.ALERT: d1ike5q1folr4i3kcvdn1jj5p0 [] []
[2024-12-23T20:34:50.431944+00:00] application.ALERT: d1ike5q1folr4i3kcvdn1jj5p0 [] []
[2024-12-23T20:35:24.226877+00:00] application.ALERT: d1ike5q1folr4i3kcvdn1jj5p0 [] []
[2024-12-23T20:35:24.242878+00:00] application.INFO: Запрос хеша пароля [] []
[2024-12-23T20:35:24.463890+00:00] application.NOTICE: Зарегистрирован новый пользователь Василий Васильев [] []
[2024-12-23T20:35:24.649901+00:00] application.NOTICE: Авторизация пользователя Василий Васильев [] []
[2024-12-23T20:35:26.436003+00:00] application.ALERT: d1ike5q1folr4i3kcvdn1jj5p0 [] []
[2024-12-23T20:35:26.519008+00:00] application.ALERT: d1ike5q1folr4i3kcvdn1jj5p0 [] []
[2024-12-23T20:35:27.658073+00:00] application.ALERT: d1ike5q1folr4i3kcvdn1jj5p0 [] []
[2024-12-23T20:35:30.098213+00:00] application.ALERT: d1ike5q1folr4i3kcvdn1jj5p0 [] []
[2024-12-23T20:35:59.951920+00:00] application.ALERT: d1ike5q1folr4i3kcvdn1jj5p0 [] []
[2024-12-23T20:35:59.954920+00:00] application.INFO: Запрос хеша пароля [] []
[2024-12-23T20:36:00.290940+00:00] application.NOTICE: Зарегистрирован новый пользователь Иван Иванов [] []
[2024-12-23T20:36:00.476950+00:00] application.NOTICE: Авторизация пользователя Иван Иванов [] []
[2024-12-23T20:36:04.617187+00:00] application.ALERT: d1ike5q1folr4i3kcvdn1jj5p0 [] []
[2024-12-23T20:36:06.039268+00:00] application.ALERT: d1ike5q1folr4i3kcvdn1jj5p0 [] []
[2024-12-23T20:36:07.712364+00:00] application.ALERT: d1ike5q1folr4i3kcvdn1jj5p0 [] []
[2024-12-23T20:36:35.288941+00:00] application.ALERT: d1ike5q1folr4i3kcvdn1jj5p0 [] []
[2024-12-23T20:36:36.825029+00:00] application.ALERT: d1ike5q1folr4i3kcvdn1jj5p0 [] []
[2024-12-23T20:36:38.814143+00:00] application.ALERT: d1ike5q1folr4i3kcvdn1jj5p0 [] []
[2024-12-23T20:36:40.671249+00:00] application.ALERT: d1ike5q1folr4i3kcvdn1jj5p0 [] []
[2024-12-23T20:37:02.341489+00:00] application.ALERT: d1ike5q1folr4i3kcvdn1jj5p0 [] []
[2024-12-23T20:37:03.688566+00:00] application.ALERT: d1ike5q1folr4i3kcvdn1jj5p0 [] []
[2024-12-23T20:38:50.102652+00:00] application.ALERT: d1ike5q1folr4i3kcvdn1jj5p0 [] []
[2024-12-23T20:38:51.344723+00:00] application.ALERT: d1ike5q1folr4i3kcvdn1jj5p0 [] []
[2024-12-23T20:38:53.165828+00:00] application.ALERT: d1ike5q1folr4i3kcvdn1jj5p0 [] []
[2024-12-23T20:38:53.992875+00:00] application.ALERT: d1ike5q1folr4i3kcvdn1jj5p0 [] []
[2024-12-23T20:38:57.508076+00:00] application.ALERT: d1ike5q1folr4i3kcvdn1jj5p0 [] []
[2024-12-23T20:38:57.622082+00:00] application.NOTICE: Пользователь Иван123 Иванов изменил данные регистрации [] []
[2024-12-23T20:39:03.689429+00:00] application.ALERT: d1ike5q1folr4i3kcvdn1jj5p0 [] []
[2024-12-23T20:39:22.090482+00:00] application.ALERT: d1ike5q1folr4i3kcvdn1jj5p0 [] []
[2024-12-23T20:39:23.164543+00:00] application.ALERT: d1ike5q1folr4i3kcvdn1jj5p0 [] []
[2024-12-23T20:39:29.599911+00:00] application.ALERT: d1ike5q1folr4i3kcvdn1jj5p0 [] []
[2024-12-23T20:41:04.665349+00:00] application.ALERT: d1ike5q1folr4i3kcvdn1jj5p0 [] []
[2024-12-23T20:41:05.662406+00:00] application.ALERT: d1ike5q1folr4i3kcvdn1jj5p0 [] []
[2024-12-23T20:44:28.460005+00:00] application.ALERT: d1ike5q1folr4i3kcvdn1jj5p0 [] []
[2024-12-23T20:44:29.993093+00:00] application.ALERT: d1ike5q1folr4i3kcvdn1jj5p0 [] []
[2024-12-23T20:44:33.458291+00:00] application.ALERT: d1ike5q1folr4i3kcvdn1jj5p0 [] []
[2024-12-23T20:44:49.591214+00:00] application.ALERT: d1ike5q1folr4i3kcvdn1jj5p0 [] []
[2024-12-23T20:44:53.042411+00:00] application.ALERT: d1ike5q1folr4i3kcvdn1jj5p0 [] []
[2024-12-23T20:45:00.558841+00:00] application.ALERT: d1ike5q1folr4i3kcvdn1jj5p0 [] []
[2024-12-23T20:45:19.600930+00:00] application.ALERT: d1ike5q1folr4i3kcvdn1jj5p0 [] []
[2024-12-23T20:46:18.998328+00:00] application.ALERT: d1ike5q1folr4i3kcvdn1jj5p0 [] []
[2024-12-23T20:46:23.225569+00:00] application.ALERT: d1ike5q1folr4i3kcvdn1jj5p0 [] []
[2024-12-23T20:46:24.758657+00:00] application.ALERT: d1ike5q1folr4i3kcvdn1jj5p0 [] []
[2024-12-23T20:46:27.456811+00:00] application.ALERT: d1ike5q1folr4i3kcvdn1jj5p0 [] []
[2024-12-23T20:46:27.540816+00:00] application.ALERT: d1ike5q1folr4i3kcvdn1jj5p0 [] []
[2024-12-23T20:46:29.003900+00:00] application.ALERT: d1ike5q1folr4i3kcvdn1jj5p0 [] []
[2024-12-23T20:46:54.948384+00:00] application.ALERT: d1ike5q1folr4i3kcvdn1jj5p0 [] []
[2024-12-23T20:46:54.953384+00:00] application.INFO: Запрос хеша пароля [] []
[2024-12-23T20:46:55.102393+00:00] application.NOTICE: Зарегистрирован новый пользователь Иван Иванов [] []
[2024-12-23T20:46:55.257402+00:00] application.NOTICE: Авторизация пользователя Иван Иванов [] []
[2024-12-23T20:46:57.062505+00:00] application.ALERT: d1ike5q1folr4i3kcvdn1jj5p0 [] []
[2024-12-23T20:46:57.137509+00:00] application.ALERT: d1ike5q1folr4i3kcvdn1jj5p0 [] []
[2024-12-23T20:46:58.244572+00:00] application.ALERT: d1ike5q1folr4i3kcvdn1jj5p0 [] []
[2024-12-23T20:47:43.118139+00:00] application.ALERT: d1ike5q1folr4i3kcvdn1jj5p0 [] []
[2024-12-23T20:47:43.125139+00:00] application.INFO: Запрос хеша пароля [] []
[2024-12-23T20:47:43.363153+00:00] application.NOTICE: Зарегистрирован новый пользователь Василий Васильев [] []
[2024-12-23T20:47:43.512162+00:00] application.NOTICE: Авторизация пользователя Василий Васильев [] []
[2024-12-23T20:47:47.395384+00:00] application.ALERT: d1ike5q1folr4i3kcvdn1jj5p0 [] []
[2024-12-23T20:49:43.040998+00:00] application.ALERT: d1ike5q1folr4i3kcvdn1jj5p0 [] []
[2024-12-23T20:49:46.169177+00:00] application.ALERT: d1ike5q1folr4i3kcvdn1jj5p0 [] []
[2024-12-23T20:49:51.800499+00:00] application.ALERT: d1ike5q1folr4i3kcvdn1jj5p0 [] []
[2024-12-23T20:49:51.870503+00:00] application.ALERT: d1ike5q1folr4i3kcvdn1jj5p0 [] []
[2024-12-23T20:49:53.938622+00:00] application.ALERT: d1ike5q1folr4i3kcvdn1jj5p0 [] []
[2024-12-23T20:50:11.100603+00:00] application.ALERT: d1ike5q1folr4i3kcvdn1jj5p0 [] []
[2024-12-23T20:50:11.198609+00:00] application.NOTICE: Авторизация пользователя Петр Петров [] []
[2024-12-23T20:50:11.297614+00:00] application.ALERT: d1ike5q1folr4i3kcvdn1jj5p0 [] []
[2024-12-23T20:50:14.178779+00:00] application.ALERT: d1ike5q1folr4i3kcvdn1jj5p0 [] []
[2024-12-23T20:50:15.941880+00:00] application.ALERT: d1ike5q1folr4i3kcvdn1jj5p0 [] []
[2024-12-23T20:50:16.130891+00:00] application.ALERT: d1ike5q1folr4i3kcvdn1jj5p0 [] []
[2024-12-23T20:50:18.824045+00:00] application.ALERT: d1ike5q1folr4i3kcvdn1jj5p0 [] []
[2024-12-23T20:50:31.049744+00:00] application.ALERT: d1ike5q1folr4i3kcvdn1jj5p0 [] []
[2024-12-23T20:50:32.948853+00:00] application.ALERT: d1ike5q1folr4i3kcvdn1jj5p0 [] []
[2024-12-23T20:50:56.308189+00:00] application.ALERT: d1ike5q1folr4i3kcvdn1jj5p0 [] []
[2024-12-23T20:50:56.316189+00:00] application.INFO: Запрос хеша пароля [] []
[2024-12-23T20:51:32.933284+00:00] application.ALERT: d1ike5q1folr4i3kcvdn1jj5p0 [] []
[2024-12-23T20:51:32.994287+00:00] application.INFO: Запрос хеша пароля [] []
[2024-12-23T20:51:33.202299+00:00] application.NOTICE: Зарегистрирован новый пользователь Петр Петров [] []
[2024-12-23T20:51:33.330306+00:00] application.NOTICE: Авторизация пользователя Петр Петров [] []
[2024-12-23T20:51:55.689585+00:00] application.ALERT: d1ike5q1folr4i3kcvdn1jj5p0 [] []
[2024-12-23T20:51:57.053663+00:00] application.ALERT: d1ike5q1folr4i3kcvdn1jj5p0 [] []
[2024-12-23T20:51:58.655755+00:00] application.ALERT: d1ike5q1folr4i3kcvdn1jj5p0 [] []
[2024-12-23T20:57:15.815896+00:00] application.ALERT: d1ike5q1folr4i3kcvdn1jj5p0 [] []
[2024-12-23T20:57:15.866898+00:00] application.ALERT: d1ike5q1folr4i3kcvdn1jj5p0 [] []
[2024-12-23T20:57:17.678002+00:00] application.ALERT: d1ike5q1folr4i3kcvdn1jj5p0 [] []
[2024-12-23T20:57:43.011451+00:00] application.ALERT: d1ike5q1folr4i3kcvdn1jj5p0 [] []
[2024-12-23T20:57:43.025452+00:00] application.INFO: Запрос хеша пароля [] []
[2024-12-23T20:57:43.279466+00:00] application.NOTICE: Зарегистрирован новый пользователь Максим Андросик [] []
[2024-12-23T20:57:43.412474+00:00] application.NOTICE: Авторизация пользователя Максим Андросик [] []
[2024-12-23T21:03:28.950238+00:00] application.ALERT: d1ike5q1folr4i3kcvdn1jj5p0 [] []
[2024-12-23T21:03:30.929351+00:00] application.ALERT: d1ike5q1folr4i3kcvdn1jj5p0 [] []
[2024-12-23T21:03:32.108418+00:00] application.ALERT: d1ike5q1folr4i3kcvdn1jj5p0 [] []
[2024-12-23T21:03:33.365490+00:00] application.ALERT: d1ike5q1folr4i3kcvdn1jj5p0 [] []
[2024-12-23T21:03:34.504555+00:00] application.ALERT: d1ike5q1folr4i3kcvdn1jj5p0 [] []
[2024-12-23T21:03:35.321602+00:00] application.ALERT: d1ike5q1folr4i3kcvdn1jj5p0 [] []
[2024-12-23T21:03:35.992640+00:00] application.ALERT: d1ike5q1folr4i3kcvdn1jj5p0 [] []
[2024-12-23T21:03:37.010699+00:00] application.ALERT: d1ike5q1folr4i3kcvdn1jj5p0 [] []
[2024-12-23T21:03:54.735712+00:00] application.ALERT: d1ike5q1folr4i3kcvdn1jj5p0 [] []
[2024-12-23T21:03:54.828718+00:00] application.ALERT: d1ike5q1folr4i3kcvdn1jj5p0 [] []
[2024-12-23T21:03:57.524872+00:00] application.ALERT: d1ike5q1folr4i3kcvdn1jj5p0 [] []
[2024-12-23T21:04:30.397752+00:00] application.ALERT: d1ike5q1folr4i3kcvdn1jj5p0 [] []
[2024-12-23T21:04:30.403753+00:00] application.NOTICE: При регистрации пользователя переданы некорректные данные [] []
[2024-12-23T21:04:33.831949+00:00] application.ALERT: d1ike5q1folr4i3kcvdn1jj5p0 [] []
[2024-12-23T21:04:39.669282+00:00] application.ALERT: d1ike5q1folr4i3kcvdn1jj5p0 [] []
[2024-12-23T21:05:17.167427+00:00] application.ALERT: d1ike5q1folr4i3kcvdn1jj5p0 [] []
[2024-12-23T21:05:17.171427+00:00] application.NOTICE: При регистрации пользователя переданы некорректные данные [] []
[2024-12-23T21:05:27.673028+00:00] application.ALERT: d1ike5q1folr4i3kcvdn1jj5p0 [] []
[2024-12-23T21:06:10.334468+00:00] application.ALERT: d1ike5q1folr4i3kcvdn1jj5p0 [] []
[2024-12-23T21:06:10.340469+00:00] application.INFO: Запрос хеша пароля [] []
[2024-12-23T21:06:10.495477+00:00] application.NOTICE: Зарегистрирован новый пользователь Василий Васильев [] []
[2024-12-23T21:06:10.639486+00:00] application.NOTICE: Авторизация пользователя Василий Васильев [] []
[2024-12-23T21:09:54.639298+00:00] application.ALERT: d1ike5q1folr4i3kcvdn1jj5p0 [] []
[2024-12-23T21:09:54.686300+00:00] application.ALERT: d1ike5q1folr4i3kcvdn1jj5p0 [] []
[2024-12-23T21:09:55.841366+00:00] application.ALERT: d1ike5q1folr4i3kcvdn1jj5p0 [] []
[2024-12-23T21:10:48.297367+00:00] application.ALERT: d1ike5q1folr4i3kcvdn1jj5p0 [] []
[2024-12-23T21:10:48.302367+00:00] application.INFO: Запрос хеша пароля [] []
[2024-12-23T21:10:48.484377+00:00] application.NOTICE: Зарегистрирован новый пользователь Денис Денисов [] []
[2024-12-23T21:10:48.668388+00:00] application.NOTICE: Авторизация пользователя Денис Денисов [] []
[2024-12-23T21:10:52.233592+00:00] application.ALERT: d1ike5q1folr4i3kcvdn1jj5p0 [] []
[2024-12-23T21:10:52.311596+00:00] application.ALERT: d1ike5q1folr4i3kcvdn1jj5p0 [] []
[2024-12-23T21:11:53.199079+00:00] application.ALERT: d1ike5q1folr4i3kcvdn1jj5p0 [] []
[2024-12-23T21:12:10.506069+00:00] application.ALERT: d1ike5q1folr4i3kcvdn1jj5p0 [] []
[2024-12-23T21:12:12.207166+00:00] application.ALERT: d1ike5q1folr4i3kcvdn1jj5p0 [] []
[2024-12-23T21:13:09.300432+00:00] application.ALERT: d1ike5q1folr4i3kcvdn1jj5p0 [] []
[2024-12-23T21:13:09.309432+00:00] application.NOTICE: При регистрации пользователя переданы некорректные данные [] []
[2024-12-23T21:29:50.886719+00:00] application.ALERT: d1ike5q1folr4i3kcvdn1jj5p0 [] []
[2024-12-23T21:29:56.629048+00:00] application.ALERT: d1ike5q1folr4i3kcvdn1jj5p0 [] []
[2024-12-23T21:31:15.416554+00:00] application.ALERT: d1ike5q1folr4i3kcvdn1jj5p0 [] []
[2024-12-23T21:31:15.421554+00:00] application.NOTICE: При регистрации пользователя переданы некорректные данные [] []
[2024-12-23T21:38:05.197992+00:00] application.ALERT: d1ike5q1folr4i3kcvdn1jj5p0 [] []
[2024-12-23T21:38:05.201992+00:00] application.NOTICE: При регистрации пользователя переданы некорректные данные [] []
[2024-12-23T21:41:30.080711+00:00] application.ALERT: d1ike5q1folr4i3kcvdn1jj5p0 [] []
[2024-12-23T21:41:32.050823+00:00] application.ALERT: d1ike5q1folr4i3kcvdn1jj5p0 [] []
[2024-12-23T21:42:36.238495+00:00] application.ALERT: d1ike5q1folr4i3kcvdn1jj5p0 [] []
[2024-12-23T21:42:55.995625+00:00] application.ALERT: d1ike5q1folr4i3kcvdn1jj5p0 [] []
[2024-12-23T21:42:56.005625+00:00] application.NOTICE: При регистрации пользователя переданы некорректные данные [] []
[2024-12-23T21:44:10.647895+00:00] application.ALERT: d1ike5q1folr4i3kcvdn1jj5p0 [] []
[2024-12-23T21:44:10.653895+00:00] application.NOTICE: При регистрации пользователя переданы некорректные данные [] []
[2024-12-23T21:52:09.091260+00:00] application.ALERT: d1ike5q1folr4i3kcvdn1jj5p0 [] []
[2024-12-23T21:52:09.099261+00:00] application.NOTICE: При регистрации пользователя переданы некорректные данные [] []
[2024-12-23T22:30:39.493602+00:00] application.ALERT: umooofov0hbdbg4og58o19nu18 [] []
[2024-12-23T22:30:49.893197+00:00] application.ALERT: umooofov0hbdbg4og58o19nu18 [] []
[2024-12-23T22:32:06.686589+00:00] application.ALERT: umooofov0hbdbg4og58o19nu18 [] []
[2024-12-23T22:32:06.850598+00:00] application.NOTICE: Авторизация пользователя Иван Иванов [] []
[2024-12-23T22:32:06.984606+00:00] application.ALERT: umooofov0hbdbg4og58o19nu18 [] []
[2024-12-23T22:32:11.619871+00:00] application.ALERT: umooofov0hbdbg4og58o19nu18 [] []
[2024-12-23T22:32:19.705333+00:00] application.ALERT: umooofov0hbdbg4og58o19nu18 [] []
[2024-12-23T22:32:23.354542+00:00] application.ALERT: umooofov0hbdbg4og58o19nu18 [] []
[2024-12-23T22:32:28.890859+00:00] application.ALERT: umooofov0hbdbg4og58o19nu18 [] []
[2024-12-23T22:32:42.279625+00:00] application.ALERT: umooofov0hbdbg4og58o19nu18 [] []
[2024-12-23T22:32:51.230137+00:00] application.ALERT: umooofov0hbdbg4og58o19nu18 [] []
[2024-12-23T22:41:17.438090+00:00] application.ALERT: umooofov0hbdbg4og58o19nu18 [] []
[2024-12-23T22:41:23.307426+00:00] application.ALERT: umooofov0hbdbg4og58o19nu18 [] []
[2024-12-23T22:41:28.134702+00:00] application.ALERT: umooofov0hbdbg4og58o19nu18 [] []
[2024-12-23T22:41:34.686077+00:00] application.ALERT: umooofov0hbdbg4og58o19nu18 [] []
[2024-12-23T22:41:48.033840+00:00] application.ALERT: umooofov0hbdbg4og58o19nu18 [] []
[2024-12-23T22:42:03.075700+00:00] application.ALERT: umooofov0hbdbg4og58o19nu18 [] []
[2024-12-23T22:42:06.584901+00:00] application.ALERT: umooofov0hbdbg4og58o19nu18 [] []
[2024-12-23T22:42:12.321229+00:00] application.ALERT: umooofov0hbdbg4og58o19nu18 [] []
[2024-12-23T22:42:17.482524+00:00] application.ALERT: umooofov0hbdbg4og58o19nu18 [] []
[2024-12-23T22:42:24.032899+00:00] application.ALERT: umooofov0hbdbg4og58o19nu18 [] []
[2024-12-23T22:43:10.363549+00:00] application.ALERT: umooofov0hbdbg4og58o19nu18 [] []
[2024-12-23T22:43:11.820632+00:00] application.ALERT: umooofov0hbdbg4og58o19nu18 [] []
[2024-12-23T22:43:11.915638+00:00] application.ALERT: umooofov0hbdbg4og58o19nu18 [] []
[2024-12-23T22:43:13.892751+00:00] application.ALERT: umooofov0hbdbg4og58o19nu18 [] []
[2024-12-23T22:43:16.569904+00:00] application.ALERT: umooofov0hbdbg4og58o19nu18 [] []
[2024-12-23T22:56:32.933453+00:00] application.ALERT: umooofov0hbdbg4og58o19nu18 [] []
[2024-12-23T22:56:34.771558+00:00] application.ALERT: umooofov0hbdbg4og58o19nu18 [] []
[2024-12-23T22:57:45.855624+00:00] application.ALERT: umooofov0hbdbg4og58o19nu18 [] []
[2024-12-23T23:04:20.626204+00:00] application.ALERT: umooofov0hbdbg4og58o19nu18 [] []
[2024-12-23T23:04:29.366704+00:00] application.ALERT: umooofov0hbdbg4og58o19nu18 [] []
[2024-12-23T23:04:31.609832+00:00] application.ALERT: umooofov0hbdbg4og58o19nu18 [] []
[2024-12-23T23:07:01.884427+00:00] application.ALERT: umooofov0hbdbg4og58o19nu18 [] []
[2024-12-23T23:07:36.209391+00:00] application.ALERT: umooofov0hbdbg4og58o19nu18 [] []
[2024-12-23T23:09:06.481554+00:00] application.ALERT: umooofov0hbdbg4og58o19nu18 [] []
[2024-12-23T23:16:28.074812+00:00] application.ALERT: umooofov0hbdbg4og58o19nu18 [] []
[2024-12-23T23:17:00.411661+00:00] application.ALERT: umooofov0hbdbg4og58o19nu18 [] []
[2024-12-23T23:18:14.096876+00:00] application.ALERT: umooofov0hbdbg4og58o19nu18 [] []
[2024-12-23T23:19:33.402412+00:00] application.ALERT: umooofov0hbdbg4og58o19nu18 [] []
[2024-12-23T23:20:59.807354+00:00] application.ALERT: umooofov0hbdbg4og58o19nu18 [] []
[2024-12-23T23:22:46.775472+00:00] application.ALERT: umooofov0hbdbg4og58o19nu18 [] []
[2024-12-23T23:26:49.067330+00:00] application.ALERT: umooofov0hbdbg4og58o19nu18 [] []
[2024-12-23T23:27:54.864094+00:00] application.ALERT: umooofov0hbdbg4og58o19nu18 [] []
[2024-12-23T23:28:12.540105+00:00] application.ALERT: umooofov0hbdbg4og58o19nu18 [] []
[2024-12-23T23:28:36.749489+00:00] application.ALERT: umooofov0hbdbg4og58o19nu18 [] []
[2024-12-23T23:29:02.834981+00:00] application.ALERT: umooofov0hbdbg4og58o19nu18 [] []
[2024-12-23T23:29:31.156601+00:00] application.ALERT: umooofov0hbdbg4og58o19nu18 [] []
[2024-12-23T23:30:05.567569+00:00] application.ALERT: umooofov0hbdbg4og58o19nu18 [] []
[2024-12-23T23:34:41.148332+00:00] application.ALERT: umooofov0hbdbg4og58o19nu18 [] []
[2024-12-23T23:38:13.757492+00:00] application.ALERT: umooofov0hbdbg4og58o19nu18 [] []
[2024-12-23T23:41:20.504174+00:00] application.ALERT: umooofov0hbdbg4og58o19nu18 [] []
[2024-12-23T23:43:18.009895+00:00] application.ALERT: umooofov0hbdbg4og58o19nu18 [] []
[2024-12-23T23:45:34.745715+00:00] application.ALERT: umooofov0hbdbg4og58o19nu18 [] []
[2024-12-23T23:46:35.367183+00:00] application.ALERT: umooofov0hbdbg4og58o19nu18 [] []
[2024-12-23T23:48:11.722694+00:00] application.ALERT: umooofov0hbdbg4og58o19nu18 [] []
[2024-12-23T23:48:59.948452+00:00] application.ALERT: umooofov0hbdbg4og58o19nu18 [] []
[2024-12-23T23:51:13.131070+00:00] application.ALERT: umooofov0hbdbg4og58o19nu18 [] []
[2024-12-23T23:53:09.036699+00:00] application.ALERT: umooofov0hbdbg4og58o19nu18 [] []
[2024-12-23T23:53:31.772000+00:00] application.ALERT: umooofov0hbdbg4og58o19nu18 [] []
[2024-12-23T23:54:24.643024+00:00] application.ALERT: umooofov0hbdbg4og58o19nu18 [] []
[2024-12-23T23:55:59.074425+00:00] application.ALERT: umooofov0hbdbg4og58o19nu18 [] []
[2024-12-23T23:58:06.503713+00:00] application.ALERT: umooofov0hbdbg4og58o19nu18 [] []
[2024-12-23T23:59:50.184644+00:00] application.ALERT: umooofov0hbdbg4og58o19nu18 [] []
