[2024-12-20T10:17:01.364508+00:00] application.ALERT: d02b520f27c4c86ec3d1b01a78e23164 [] []
[2024-12-20T10:17:05.172726+00:00] application.ALERT: d02b520f27c4c86ec3d1b01a78e23164 [] []
[2024-12-20T10:17:06.126780+00:00] application.ALERT: d02b520f27c4c86ec3d1b01a78e23164 [] []
[2024-12-20T10:17:07.493859+00:00] application.ALERT: d02b520f27c4c86ec3d1b01a78e23164 [] []
[2024-12-20T10:17:08.905939+00:00] application.ALERT: d02b520f27c4c86ec3d1b01a78e23164 [] []
[2024-12-20T10:17:17.234416+00:00] application.ALERT: d02b520f27c4c86ec3d1b01a78e23164 [] []
[2024-12-20T10:17:20.828621+00:00] application.ALERT: d02b520f27c4c86ec3d1b01a78e23164 [] []
[2024-12-20T10:17:27.341994+00:00] application.ALERT: d02b520f27c4c86ec3d1b01a78e23164 [] []
[2024-12-20T14:40:21.823772+00:00] application.ALERT: 48389021621c6994462c79131e46f9af [] []
[2024-12-20T14:40:26.250025+00:00] application.ALERT: 48389021621c6994462c79131e46f9af [] []
[2024-12-20T14:40:29.010183+00:00] application.ALERT: 48389021621c6994462c79131e46f9af [] []
[2024-12-20T14:41:26.050445+00:00] application.ALERT: 48389021621c6994462c79131e46f9af [] []
[2024-12-20T14:41:26.087447+00:00] application.INFO: Запрос хеша пароля [] []
[2024-12-20T14:41:34.308918+00:00] application.ALERT: 48389021621c6994462c79131e46f9af [] []
[2024-12-20T14:41:39.449212+00:00] application.ALERT: 48389021621c6994462c79131e46f9af [] []
[2024-12-20T14:42:15.629281+00:00] application.ALERT: 48389021621c6994462c79131e46f9af [] []
[2024-12-20T14:42:15.632281+00:00] application.INFO: Запрос хеша пароля [] []
[2024-12-20T14:43:24.347212+00:00] application.ALERT: 48389021621c6994462c79131e46f9af [] []
[2024-12-20T14:43:24.353212+00:00] application.INFO: Запрос хеша пароля [] []
[2024-12-20T14:43:45.924446+00:00] application.ALERT: 48389021621c6994462c79131e46f9af [] []
[2024-12-20T14:43:58.002136+00:00] application.ALERT: 48389021621c6994462c79131e46f9af [] []
[2024-12-20T14:43:58.007137+00:00] application.INFO: Запрос хеша пароля [] []
[2024-12-20T14:45:36.685781+00:00] application.ALERT: 48389021621c6994462c79131e46f9af [] []
[2024-12-20T14:45:36.689781+00:00] application.INFO: Запрос хеша пароля [] []
[2024-12-20T14:45:51.542631+00:00] application.ALERT: 48389021621c6994462c79131e46f9af [] []
[2024-12-20T14:46:07.828562+00:00] application.ALERT: 48389021621c6994462c79131e46f9af [] []
[2024-12-20T14:46:07.832562+00:00] application.INFO: Запрос хеша пароля [] []
[2024-12-20T14:46:41.344479+00:00] application.ALERT: 48389021621c6994462c79131e46f9af [] []
[2024-12-20T14:46:41.406483+00:00] application.ALERT: 48389021621c6994462c79131e46f9af [] []
[2024-12-20T14:46:45.512718+00:00] application.ALERT: 48389021621c6994462c79131e46f9af [] []
[2024-12-20T14:46:47.300820+00:00] application.ALERT: 48389021621c6994462c79131e46f9af [] []
[2024-12-20T14:47:05.968888+00:00] application.ALERT: 48389021621c6994462c79131e46f9af [] []
[2024-12-20T14:47:05.971888+00:00] application.INFO: Запрос хеша пароля [] []
[2024-12-20T14:50:58.247308+00:00] application.ALERT: 2o001sii9oo6hcoamtf65t6ovb [] []
[2024-12-20T14:51:00.464434+00:00] application.ALERT: 2o001sii9oo6hcoamtf65t6ovb [] []
[2024-12-20T14:51:16.175333+00:00] application.ALERT: 2o001sii9oo6hcoamtf65t6ovb [] []
[2024-12-20T14:51:16.180333+00:00] application.INFO: Запрос хеша пароля [] []
[2024-12-20T14:51:16.306340+00:00] application.ERROR: Ошибка при сохранении в хранилище 42S22 [] []
[2024-12-20T14:52:49.001642+00:00] application.ALERT: 2o001sii9oo6hcoamtf65t6ovb [] []
[2024-12-20T14:52:49.005643+00:00] application.INFO: Запрос хеша пароля [] []
[2024-12-20T14:52:49.135650+00:00] application.ERROR: Ошибка при сохранении в хранилище 42S22 [] []
[2024-12-20T14:52:51.785802+00:00] application.ALERT: 2o001sii9oo6hcoamtf65t6ovb [] []
[2024-12-20T14:53:04.347520+00:00] application.ALERT: 2o001sii9oo6hcoamtf65t6ovb [] []
[2024-12-20T14:53:04.352520+00:00] application.INFO: Запрос хеша пароля [] []
[2024-12-20T14:53:04.542531+00:00] application.ERROR: Ошибка при сохранении в хранилище 42S22 [] []
[2024-12-20T14:54:21.006905+00:00] application.ALERT: 2o001sii9oo6hcoamtf65t6ovb [] []
[2024-12-20T14:54:22.293978+00:00] application.ALERT: 2o001sii9oo6hcoamtf65t6ovb [] []
[2024-12-20T14:55:04.294381+00:00] application.ALERT: 2o001sii9oo6hcoamtf65t6ovb [] []
[2024-12-20T14:55:04.299381+00:00] application.INFO: Запрос хеша пароля [] []
[2024-12-20T14:55:04.449390+00:00] application.NOTICE: Зарегистрирован новый пользователь Петр Петров [] []
[2024-12-20T14:55:04.567396+00:00] application.NOTICE: Авторизация пользователя Петр Петров [] []
[2024-12-20T14:56:46.335217+00:00] application.ALERT: 2o001sii9oo6hcoamtf65t6ovb [] []
[2024-12-20T14:57:18.392051+00:00] application.ALERT: 2o001sii9oo6hcoamtf65t6ovb [] []
[2024-12-20T14:57:18.395051+00:00] application.INFO: Запрос хеша пароля [] []
[2024-12-20T14:57:18.600063+00:00] application.NOTICE: Зарегистрирован новый пользователь Петр Петров [] []
[2024-12-20T14:57:18.688068+00:00] application.NOTICE: Авторизация пользователя Петр Петров [] []
[2024-12-20T14:59:13.188617+00:00] application.ALERT: 2o001sii9oo6hcoamtf65t6ovb [] []
[2024-12-20T14:59:13.194617+00:00] application.INFO: Запрос хеша пароля [] []
[2024-12-20T14:59:13.401629+00:00] application.NOTICE: Зарегистрирован новый пользователь Петр Петров [] []
[2024-12-20T14:59:13.515635+00:00] application.NOTICE: Авторизация пользователя Петр Петров [] []
[2024-12-20T14:59:18.568924+00:00] application.ALERT: 2o001sii9oo6hcoamtf65t6ovb [] []
[2024-12-20T14:59:19.832997+00:00] application.ALERT: 2o001sii9oo6hcoamtf65t6ovb [] []
[2024-12-20T15:00:23.927663+00:00] application.ALERT: 2o001sii9oo6hcoamtf65t6ovb [] []
[2024-12-20T15:00:25.680763+00:00] application.ALERT: 2o001sii9oo6hcoamtf65t6ovb [] []
[2024-12-20T15:00:27.959893+00:00] application.ALERT: 2o001sii9oo6hcoamtf65t6ovb [] []
[2024-12-20T15:00:29.764997+00:00] application.ALERT: 2o001sii9oo6hcoamtf65t6ovb [] []
[2024-12-20T15:00:37.685450+00:00] application.ALERT: 2o001sii9oo6hcoamtf65t6ovb [] []
[2024-12-20T15:00:39.486553+00:00] application.ALERT: 2o001sii9oo6hcoamtf65t6ovb [] []
[2024-12-20T15:00:40.323600+00:00] application.ALERT: 2o001sii9oo6hcoamtf65t6ovb [] []
[2024-12-20T15:00:42.484724+00:00] application.ALERT: 2o001sii9oo6hcoamtf65t6ovb [] []
[2024-12-20T15:00:48.211052+00:00] application.ALERT: 2o001sii9oo6hcoamtf65t6ovb [] []
[2024-12-20T15:00:51.626247+00:00] application.ALERT: 2o001sii9oo6hcoamtf65t6ovb [] []
[2024-12-20T15:00:55.177450+00:00] application.ALERT: 2o001sii9oo6hcoamtf65t6ovb [] []
[2024-12-20T15:00:57.180565+00:00] application.ALERT: 2o001sii9oo6hcoamtf65t6ovb [] []
[2024-12-20T15:00:59.219681+00:00] application.ALERT: 2o001sii9oo6hcoamtf65t6ovb [] []
[2024-12-20T15:00:59.973724+00:00] application.ALERT: 2o001sii9oo6hcoamtf65t6ovb [] []
[2024-12-20T15:01:02.176850+00:00] application.ALERT: 2o001sii9oo6hcoamtf65t6ovb [] []
[2024-12-20T15:01:02.235854+00:00] application.ALERT: 2o001sii9oo6hcoamtf65t6ovb [] []
[2024-12-20T15:01:04.589988+00:00] application.ALERT: 2o001sii9oo6hcoamtf65t6ovb [] []
[2024-12-20T15:01:32.810603+00:00] application.ALERT: 2o001sii9oo6hcoamtf65t6ovb [] []
[2024-12-20T15:01:32.815603+00:00] application.INFO: Запрос хеша пароля [] []
[2024-12-20T15:01:33.095619+00:00] application.NOTICE: Зарегистрирован новый пользователь Петр Петров [] []
[2024-12-20T15:01:33.184624+00:00] application.NOTICE: Авторизация пользователя Петр Петров [] []
[2024-12-20T15:04:35.225036+00:00] application.ALERT: 2o001sii9oo6hcoamtf65t6ovb [] []
[2024-12-20T15:04:35.236037+00:00] application.INFO: Запрос хеша пароля [] []
[2024-12-20T15:04:38.955249+00:00] application.ALERT: 2o001sii9oo6hcoamtf65t6ovb [] []
[2024-12-20T15:07:00.311334+00:00] application.ALERT: 2o001sii9oo6hcoamtf65t6ovb [] []
